{
    "Hostname":  "ATC-BALCAO",
    "TimestampUtc":  "2025-12-20T15:03:07.0094309Z",
    "Status":  "OK",
    "IssuesWarn":  [

                   ],
    "IssuesCrit":  [

                   ],
    "CollectionMode":  "Completo",
    "ScriptVersion":  "2.4",
    "OS":  {
               "Caption":  "Microsoft Windows 10 Pro",
               "Version":  "10.0.19045",
               "Build":  "19045",
               "Architecture":  "64 bits",
               "InstallDate":  "\/Date(1654175206000)\/",
               "LastBoot":  "\/Date(1766242891500)\/",
               "Uptime":  "0d 0h 1m"
           },
    "Computer":  {
                     "Manufacturer":  "LENOVO",
                     "Model":  "90AT000CBR",
                     "Family":  " ",
                     "Domain":  "brasildis.lan",
                     "Serial":  "PE014YGX",
                     "User":  "BRASILDIST\\supervisor.pvh"
                 },
    "BIOS":  {
                 "Vendor":  "LENOVO",
                 "Version":  "FCKT58AUS",
                 "ReleaseDate":  "\/Date(1410912000000)\/"
             },
    "BaseBoard":  {
                      "Manufacturer":  "LENOVO",
                      "Product":  " ",
                      "Serial":  "INVALID             "
                  },
    "CPU":  {
                "Name":  "Intel(R) Core(TM) i3-4130 CPU @ 3.40GHz",
                "Cores":  2,
                "Logical":  4,
                "MaxClockMHz":  3400,
                "ProcessorId":  "BFEBFBFF000306C3"
            },
    "GPU":  {
                "Name":  "Intel(R) HD Graphics 4400",
                "DriverVersion":  "20.19.15.4963",
                "DriverDate":  "\/Date(1519171200000)\/",
                "VRAM_GB":  1,
                "Resolution":  "1920x1080",
                "RefreshRate":  "60Hz",
                "MaxRefreshRate":  "60Hz"
            },
    "Monitor":  {
                    "Count":  1,
                    "Monitors":  [
                                     {
                                         "Manufacturer":  "AOC",
                                         "Name":  "2270W",
                                         "Model":  "2270",
                                         "Serial":  "GYVM2XA000376",
                                         "Week":  7,
                                         "Year":  2022,
                                         "SizeInches":  21.7,
                                         "WidthCm":  48,
                                         "HeightCm":  27,
                                         "Input":  "Analógica",
                                         "InstanceName":  "DISPLAY\\AOC2270\\4\u0026c1e7a00\u00260\u0026UID65793_0",
                                         "DisplayName":  "\\\\.\\DISPLAY1",
                                         "WidthPx":  1920,
                                         "HeightPx":  1080,
                                         "Resolution":  "1920x1080",
                                         "CurrentHz":  60,
                                         "MaxHz":  60,
                                         "Primary":  true
                                     }
                                 ],
                    "WinFormsScreens":  [
                                            {
                                                "Index":  0,
                                                "Primary":  true,
                                                "WidthPx":  1920,
                                                "HeightPx":  1080,
                                                "DeviceName":  "\\\\.\\DISPLAY1",
                                                "Resolution":  "1920x1080"
                                            }
                                        ]
                },
    "RAM":  {
                "TotalGB":  7.92,
                "FreeGB":  3.88,
                "FreePercent":  49,
                "Modules":  [
                                {
                                    "Bank":  "BANK 0",
                                    "Slot":  "ChannelA-DIMM0",
                                    "Manuf":  "0000",
                                    "Part":  "                  ",
                                    "Serial":  "00000000",
                                    "CapacityGB":  4,
                                    "SpeedMHz":  1600,
                                    "ConfClk":  1600,
                                    "Form":  8,
                                    "SMBIOSType":  24,
                                    "Voltage":  1.5,
                                    "Min_Voltage":  1.5,
                                    "Max_Voltage":  1.5
                                },
                                {
                                    "Bank":  "BANK 2",
                                    "Slot":  "ChannelB-DIMM0",
                                    "Manuf":  "0000",
                                    "Part":  "                  ",
                                    "Serial":  "00000000",
                                    "CapacityGB":  4,
                                    "SpeedMHz":  1600,
                                    "ConfClk":  1600,
                                    "Form":  8,
                                    "SMBIOSType":  24,
                                    "Voltage":  1.5,
                                    "Min_Voltage":  1.5,
                                    "Max_Voltage":  1.5
                                }
                            ]
            },
    "Storage":  {
                    "Volumes":  [
                                    {
                                        "DriveLetter":  "C",
                                        "Label":  "",
                                        "FileSystem":  "NTFS",
                                        "SizeGB":  222.94,
                                        "FreeGB":  135.52,
                                        "FreePercent":  60.8,
                                        "Health":  "Healthy"
                                    }
                                ],
                    "Disks":  [
                                  {
                                      "Model":  "PNY CS900 240GB SSD",
                                      "Serial":  "PNY22012201070100817",
                                      "Media":  "SSD",
                                      "Bus":  "SATA",
                                      "Type":  "SSD",
                                      "SizeGB":  223.57,
                                      "Health":  "Healthy",
                                      "OpStatus":  "OK",
                                      "Spindle":  0
                                  }
                              ]
                },
    "Network":  {
                    "IPv4":  [
                                 "192.168.17.66"
                             ],
                    "MACs":  [
                                 "64:1C:67:6E:C2:53"
                             ],
                    "Adapters":  [
                                     {
                                         "Name":  "Ethernet",
                                         "Status":  "Up",
                                         "MAC":  "64-1C-67-6E-C2-53",
                                         "IPv4":  [
                                                      "192.168.17.66"
                                                  ],
                                         "Speed":  "1 Gbps"
                                     }
                                 ]
                },
    "Temps":  {
                  "ACPI_MaxC":  null,
                  "Disk_MaxC":  null,
                  "MaxC":  null,
                  "LibreHW":  {
                                  "CPU":  {
                                              "ValueC":  null,
                                              "Display":  "N/A"
                                          },
                                  "GPU":  {
                                              "ValueC":  null,
                                              "Display":  "N/A"
                                          },
                                  "RAM":  {
                                              "ValueC":  null,
                                              "Display":  "N/A"
                                          },
                                  "Storage":  {
                                                  "ValueC":  null,
                                                  "Display":  "N/A"
                                              },
                                  "Mainboard":  {
                                                    "ValueC":  null,
                                                    "Display":  "N/A"
                                                },
                                  "Chipset":  {
                                                  "ValueC":  null,
                                                  "Display":  "N/A"
                                              },
                                  "Sensors":  [

                                              ]
                              }
              },
    "Processes":  [
                      {
                          "Name":  "explorer",
                          "ID":  6572,
                          "CPU":  5.48,
                          "MemoryMB":  105.92,
                          "Path":  "C:\\WINDOWS\\Explorer.EXE",
                          "StartTime":  "\/Date(1766242907864)\/"
                      },
                      {
                          "Name":  "SearchApp",
                          "ID":  9352,
                          "CPU":  5.25,
                          "MemoryMB":  183.12,
                          "Path":  "C:\\WINDOWS\\SystemApps\\Microsoft.Windows.Search_cw5n1h2txyewy\\SearchApp.exe",
                          "StartTime":  "\/Date(1766242917849)\/"
                      },
                      {
                          "Name":  "DSATray",
                          "ID":  10620,
                          "CPU":  3.8,
                          "MemoryMB":  108.52,
                          "Path":  "C:\\Program Files (x86)\\Intel\\Driver and Support Assistant\\x86\\DSATray.exe",
                          "StartTime":  "\/Date(1766242931557)\/"
                      },
                      {
                          "Name":  "PhoneExperienceHost",
                          "ID":  12488,
                          "CPU":  1.97,
                          "MemoryMB":  127.95,
                          "Path":  "C:\\Program Files\\WindowsApps\\Microsoft.YourPhone_1.25072.79.0_x64__8wekyb3d8bbwe\\PhoneExperienceHost.exe",
                          "StartTime":  "\/Date(1766242950301)\/"
                      },
                      {
                          "Name":  "powershell",
                          "ID":  7572,
                          "CPU":  1.95,
                          "MemoryMB":  76.24,
                          "Path":  "C:\\WINDOWS\\system32\\WindowsPowershell\\v1.0\\powershell.exe",
                          "StartTime":  "\/Date(1766242947467)\/"
                      },
                      {
                          "Name":  "msedge",
                          "ID":  5536,
                          "CPU":  1.58,
                          "MemoryMB":  110.27,
                          "Path":  "C:\\Program Files (x86)\\Microsoft\\Edge\\Application\\msedge.exe",
                          "StartTime":  "\/Date(1766242932519)\/"
                      },
                      {
                          "Name":  "sihost",
                          "ID":  7460,
                          "CPU":  0.97,
                          "MemoryMB":  27.59,
                          "Path":  "C:\\WINDOWS\\system32\\sihost.exe",
                          "StartTime":  "\/Date(1766242906868)\/"
                      },
                      {
                          "Name":  "svchost",
                          "ID":  7512,
                          "CPU":  0.95,
                          "MemoryMB":  29.94,
                          "Path":  "C:\\WINDOWS\\system32\\svchost.exe",
                          "StartTime":  "\/Date(1766242906925)\/"
                      },
                      {
                          "Name":  "EPConsole",
                          "ID":  10988,
                          "CPU":  0.95,
                          "MemoryMB":  56.83,
                          "Path":  "C:\\Program Files\\Bitdefender\\Endpoint Security\\EpConsole.exe",
                          "StartTime":  "\/Date(1766242940830)\/"
                      },
                      {
                          "Name":  "StartMenuExperienceHost",
                          "ID":  9000,
                          "CPU":  0.86,
                          "MemoryMB":  64.68,
                          "Path":  "C:\\WINDOWS\\SystemApps\\Microsoft.Windows.StartMenuExperienceHost_cw5n1h2txyewy\\StartMenuExperienceHost.exe",
                          "StartTime":  "\/Date(1766242914788)\/"
                      },
                      {
                          "Name":  "RuntimeBroker",
                          "ID":  9512,
                          "CPU":  0.62,
                          "MemoryMB":  34.11,
                          "Path":  "C:\\Windows\\System32\\RuntimeBroker.exe",
                          "StartTime":  "\/Date(1766242918508)\/"
                      },
                      {
                          "Name":  "backgroundTaskHost",
                          "ID":  5504,
                          "CPU":  0.61,
                          "MemoryMB":  57.25,
                          "Path":  "C:\\WINDOWS\\system32\\backgroundTaskHost.exe",
                          "StartTime":  "\/Date(1766242932837)\/"
                      },
                      {
                          "Name":  "backgroundTaskHost",
                          "ID":  2940,
                          "CPU":  0.55,
                          "MemoryMB":  45.23,
                          "Path":  "C:\\WINDOWS\\system32\\backgroundTaskHost.exe",
                          "StartTime":  "\/Date(1766242922618)\/"
                      },
                      {
                          "Name":  "backgroundTaskHost",
                          "ID":  10832,
                          "CPU":  0.44,
                          "MemoryMB":  45.04,
                          "Path":  "C:\\WINDOWS\\system32\\backgroundTaskHost.exe",
                          "StartTime":  "\/Date(1766242932637)\/"
                      },
                      {
                          "Name":  "RuntimeBroker",
                          "ID":  10200,
                          "CPU":  0.42,
                          "MemoryMB":  16.12,
                          "Path":  "C:\\Windows\\System32\\RuntimeBroker.exe",
                          "StartTime":  "\/Date(1766242923817)\/"
                      }
                  ],
    "Services":  [
                     {
                         "Name":  "DHCP",
                         "DisplayName":  "Cliente DHCP",
                         "Status":  4,
                         "StartType":  "Auto"
                     },
                     {
                         "Name":  "EventLog",
                         "DisplayName":  "Log de Eventos do Windows",
                         "Status":  4,
                         "StartType":  "Auto"
                     },
                     {
                         "Name":  "LanmanServer",
                         "DisplayName":  "Server",
                         "Status":  4,
                         "StartType":  "Auto"
                     },
                     {
                         "Name":  "LanmanWorkstation",
                         "DisplayName":  "Estação de trabalho",
                         "Status":  4,
                         "StartType":  "Auto"
                     },
                     {
                         "Name":  "Spooler",
                         "DisplayName":  "Spooler de Impressão",
                         "Status":  4,
                         "StartType":  "Auto"
                     },
                     {
                         "Name":  "WinRM",
                         "DisplayName":  "Windows Remote Management (WS-Management)",
                         "Status":  1,
                         "StartType":  "Manual"
                     }
                 ],
    "Software":  [
                     {
                         "Name":  "Adobe Acrobat (64-bit)",
                         "Version":  "25.001.20997",
                         "Publisher":  "Adobe",
                         "InstallDate":  "20251211",
                         "SizeMB":  1169.56
                     },
                     {
                         "Name":  "Bitdefender Endpoint Security Tools",
                         "Version":  "7.9.27.574",
                         "Publisher":  "Bitdefender",
                         "InstallDate":  "20250312",
                         "SizeMB":  839.48
                     },
                     {
                         "Name":  "LibreOffice 7.0.4.2",
                         "Version":  "7.0.4.2",
                         "Publisher":  "The Document Foundation",
                         "InstallDate":  "20220614",
                         "SizeMB":  671.28
                     },
                     {
                         "Name":  "Oracle Database 11g Express Edition",
                         "Version":  "11.2.0",
                         "Publisher":  "Oracle Corporation",
                         "InstallDate":  "20220602",
                         "SizeMB":  549.55
                     },
                     {
                         "Name":  "Oracle Database 11g Express Edition",
                         "Version":  "11.2.0",
                         "Publisher":  "Oracle Corporation",
                         "InstallDate":  "20220602",
                         "SizeMB":  549.55
                     },
                     {
                         "Name":  "Spark 3.0.2",
                         "Version":  "3.0.2",
                         "Publisher":  "Ignite Realtime",
                         "InstallDate":  null,
                         "SizeMB":  238.06
                     },
                     {
                         "Name":  "Microsoft Windows Desktop Runtime - 8.0.14 (x86)",
                         "Version":  "8.0.14.34613",
                         "Publisher":  "Microsoft Corporation",
                         "InstallDate":  null,
                         "SizeMB":  201.68
                     },
                     {
                         "Name":  "CAIXA versão 30.03.04.787",
                         "Version":  "30.03.04.787",
                         "Publisher":  "TOTVs Winthor",
                         "InstallDate":  "20220602",
                         "SizeMB":  166.42
                     },
                     {
                         "Name":  "Java 8 Update 451",
                         "Version":  "8.0.4510.10",
                         "Publisher":  "Oracle Corporation",
                         "InstallDate":  "20250702",
                         "SizeMB":  104.84
                     },
                     {
                         "Name":  "Microsoft .NET Runtime - 8.0.14 (x64)",
                         "Version":  "8.0.14.34611",
                         "Publisher":  "Microsoft Corporation",
                         "InstallDate":  null,
                         "SizeMB":  98.29
                     },
                     {
                         "Name":  "Microsoft Windows Desktop Runtime - 8.0.14 (x86)",
                         "Version":  "64.56.29521",
                         "Publisher":  "Microsoft Corporation",
                         "InstallDate":  "20250702",
                         "SizeMB":  84.66
                     },
                     {
                         "Name":  "Intel(R) Processor Graphics",
                         "Version":  "20.19.15.4963",
                         "Publisher":  "Intel Corporation",
                         "InstallDate":  null,
                         "SizeMB":  74.22
                     },
                     {
                         "Name":  "Microsoft .NET Runtime - 8.0.14 (x64)",
                         "Version":  "64.56.29490",
                         "Publisher":  "Microsoft Corporation",
                         "InstallDate":  "20250702",
                         "SizeMB":  70.25
                     },
                     {
                         "Name":  "Microsoft .NET Runtime - 8.0.14 (x86)",
                         "Version":  "64.56.29490",
                         "Publisher":  "Microsoft Corporation",
                         "InstallDate":  "20250702",
                         "SizeMB":  64.75
                     },
                     {
                         "Name":  "NetSupport Manager",
                         "Version":  "11.30.0000",
                         "Publisher":  "NetSupport Ltd",
                         "InstallDate":  "20220602",
                         "SizeMB":  41.77
                     },
                     {
                         "Name":  "Intel® Driver \u0026 Support Assistant",
                         "Version":  "25.4.36.6",
                         "Publisher":  "Intel",
                         "InstallDate":  "20250909",
                         "SizeMB":  37.06
                     },
                     {
                         "Name":  "Microsoft ASP.NET Core 8.0.14 - Shared Framework (x86)",
                         "Version":  "8.0.14.25112",
                         "Publisher":  "Microsoft Corporation",
                         "InstallDate":  null,
                         "SizeMB":  34
                     },
                     {
                         "Name":  "Microsoft ASP.NET Core 8.0.14 Shared Framework (x86)",
                         "Version":  "8.0.14.25112",
                         "Publisher":  "Microsoft Corporation",
                         "InstallDate":  "20250702",
                         "SizeMB":  25.19
                     },
                     {
                         "Name":  "Intel Driver \u0026\u0026 Support Assistant",
                         "Version":  "25.4.36.6",
                         "Publisher":  "Intel",
                         "InstallDate":  "20250909",
                         "SizeMB":  22.2
                     },
                     {
                         "Name":  "Microsoft Visual C++ 2015-2022 Redistributable (x64) - 14.32.31332",
                         "Version":  "14.32.31332.0",
                         "Publisher":  "Microsoft Corporation",
                         "InstallDate":  null,
                         "SizeMB":  20.19
                     }
                 ],
    "EventLogs":  [
                      {
                          "TimeCreated":  "\/Date(1766242931022)\/",
                          "LogName":  "Application",
                          "Level":  "Erro",
                          "Provider":  ".NET Runtime",
                          "Message":  "Description: A .NET application failed.\nApplication: DSAArcDetect64.exe\nPath: C:\\Program Files (x86)\\Intel\\Driver and Support Assistant\\DSAArcDetect64.exe\nMessage: You must install or update .NET to r",
                          "EventID":  1023
                      },
                      {
                          "TimeCreated":  "\/Date(1766242839298)\/",
                          "LogName":  "Application",
                          "Level":  "Erro",
                          "Provider":  ".NET Runtime",
                          "Message":  "Description: A .NET application failed.\nApplication: DSAArcDetect64.exe\nPath: C:\\Program Files (x86)\\Intel\\Driver and Support Assistant\\DSAArcDetect64.exe\nMessage: You must install or update .NET to r",
                          "EventID":  1023
                      },
                      {
                          "TimeCreated":  "\/Date(1766242816534)\/",
                          "LogName":  "System",
                          "Level":  "Erro",
                          "Provider":  "Schannel",
                          "Message":  "O certificado recebido do servidor remoto foi emitido por uma autoridade de certificação não confiável. Portanto, não é possível validar os dados contidos no certificado. Falha na solicitação de conex",
                          "EventID":  36882
                      },
                      {
                          "TimeCreated":  "\/Date(1766242810195)\/",
                          "LogName":  "System",
                          "Level":  "Nível Crítico",
                          "Provider":  "Microsoft-Windows-Kernel-Power",
                          "Message":  "O sistema foi reiniciado sem um desligamento correto primeiro. Esse erro pode ser causado quando o sistema para de responder, trava ou fica sem energia inesperadamente.\r\n",
                          "EventID":  41
                      },
                      {
                          "TimeCreated":  "\/Date(1766242809793)\/",
                          "LogName":  "System",
                          "Level":  "Erro",
                          "Provider":  "volmgr",
                          "Message":  "Falha na inicialização do despejo de memória!\r\n",
                          "EventID":  46
                      }
                  ],
    "Security":  {
                     "Firewall":  [
                                      {
                                          "Profile":  "Domain",
                                          "Enabled":  1,
                                          "DefaultIn":  4,
                                          "DefaultOut":  2
                                      },
                                      {
                                          "Profile":  "Private",
                                          "Enabled":  1,
                                          "DefaultIn":  4,
                                          "DefaultOut":  2
                                      },
                                      {
                                          "Profile":  "Public",
                                          "Enabled":  1,
                                          "DefaultIn":  4,
                                          "DefaultOut":  2
                                      }
                                  ],
                     "Antivirus":  [
                                       {
                                           "Name":  "Bitdefender Endpoint Security Tools Anti-malware",
                                           "State":  "Inativo",
                                           "Updated":  "Desatualizado"
                                       },
                                       {
                                           "Name":  "Windows Defender",
                                           "State":  "Inativo",
                                           "Updated":  "Desatualizado"
                                       }
                                   ]
                 }
}
