{
    "Hostname":  "ATC-SUPERVISOR2",
    "TimestampUtc":  "2025-12-15T20:43:07.5841962Z",
    "Status":  "OK",
    "IssuesWarn":  [

                   ],
    "IssuesCrit":  [

                   ],
    "CollectionMode":  "Completo",
    "ScriptVersion":  "2.4",
    "OS":  {
               "Caption":  "Microsoft Windows 10 Pro",
               "Version":  "10.0.19045",
               "Build":  "19045",
               "Architecture":  "64 bits",
               "InstallDate":  "\/Date(1762971854000)\/",
               "LastBoot":  "\/Date(1765825550500)\/",
               "Uptime":  "0d 1h 37m"
           },
    "Computer":  {
                     "Manufacturer":  "LENOVO",
                     "Model":  "90AT000CBR",
                     "Family":  " ",
                     "Domain":  "brasildis.lan",
                     "Serial":  "PE01MEYR",
                     "User":  "BRASILDIST\\supervisor.pvh"
                 },
    "BIOS":  {
                 "Vendor":  "LENOVO",
                 "Version":  "FCKT70AUS",
                 "ReleaseDate":  "\/Date(1429747200000)\/"
             },
    "BaseBoard":  {
                      "Manufacturer":  "LENOVO",
                      "Product":  " ",
                      "Serial":  "INVALID             "
                  },
    "CPU":  {
                "Name":  "Intel(R) Core(TM) i3-4130 CPU @ 3.40GHz",
                "Cores":  2,
                "Logical":  4,
                "MaxClockMHz":  3400,
                "ProcessorId":  "BFEBFBFF000306C3"
            },
    "GPU":  {
                "Name":  "Intel(R) HD Graphics 4400",
                "DriverVersion":  "20.19.15.4963",
                "DriverDate":  "\/Date(1519171200000)\/",
                "VRAM_GB":  1,
                "Resolution":  "1366x768",
                "RefreshRate":  "59Hz",
                "MaxRefreshRate":  "75Hz"
            },
    "Monitor":  {
                    "Count":  1,
                    "Monitors":  [
                                     {
                                         "Manufacturer":  "AOC",
                                         "Name":  "1970W",
                                         "Model":  "1970",
                                         "Serial":  "KCYIBXA027424",
                                         "Week":  48,
                                         "Year":  2018,
                                         "SizeInches":  18.5,
                                         "WidthCm":  41,
                                         "HeightCm":  23,
                                         "Input":  "Analógica",
                                         "InstanceName":  "DISPLAY\\AOC1970\\4\u0026c1e7a00\u00260\u0026UID65793_0",
                                         "WidthPx":  1024,
                                         "HeightPx":  768,
                                         "Resolution":  "1024x768",
                                         "CurrentHz":  60,
                                         "MaxHz":  60,
                                         "Primary":  true
                                     }
                                 ],
                    "WinFormsScreens":  [
                                            {
                                                "Index":  0,
                                                "Primary":  true,
                                                "WidthPx":  1024,
                                                "HeightPx":  768,
                                                "DeviceName":  "WinDisc",
                                                "Resolution":  "1024x768"
                                            }
                                        ]
                },
    "RAM":  {
                "TotalGB":  7.91,
                "FreeGB":  4.92,
                "FreePercent":  62.2,
                "Modules":  [
                                {
                                    "Bank":  "BANK 0",
                                    "Slot":  "ChannelA-DIMM0",
                                    "Manuf":  "0114",
                                    "Part":  "SH564128FH8N6TNSQG",
                                    "Serial":  "00C06532",
                                    "CapacityGB":  4,
                                    "SpeedMHz":  1600,
                                    "ConfClk":  1600,
                                    "Form":  8,
                                    "SMBIOSType":  24,
                                    "Voltage":  1.5,
                                    "Min_Voltage":  1.5,
                                    "Max_Voltage":  1.5
                                },
                                {
                                    "Bank":  "BANK 2",
                                    "Slot":  "ChannelB-DIMM0",
                                    "Manuf":  "0114",
                                    "Part":  "SH564128FH8N6TNSQG",
                                    "Serial":  "0619330E",
                                    "CapacityGB":  4,
                                    "SpeedMHz":  1600,
                                    "ConfClk":  1600,
                                    "Form":  8,
                                    "SMBIOSType":  24,
                                    "Voltage":  1.5,
                                    "Min_Voltage":  1.5,
                                    "Max_Voltage":  1.5
                                }
                            ]
            },
    "Storage":  {
                    "Volumes":  [
                                    {
                                        "DriveLetter":  "C",
                                        "Label":  "",
                                        "FileSystem":  "NTFS",
                                        "SizeGB":  222.91,
                                        "FreeGB":  186.72,
                                        "FreePercent":  83.8,
                                        "Health":  "Healthy"
                                    }
                                ],
                    "Disks":  [
                                  {
                                      "Model":  "KINGSTON SA400S37240G",
                                      "Serial":  "50026B7685AAD947",
                                      "Media":  "SSD",
                                      "Bus":  "SATA",
                                      "Type":  "SSD",
                                      "SizeGB":  223.57,
                                      "Health":  "Healthy",
                                      "OpStatus":  "OK",
                                      "Spindle":  0
                                  }
                              ]
                },
    "Network":  {
                    "IPv4":  [
                                 "192.168.17.60"
                             ],
                    "MACs":  [
                                 "64:1C:67:78:9A:EC"
                             ],
                    "Adapters":  [
                                     {
                                         "Name":  "Ethernet",
                                         "Status":  "Up",
                                         "MAC":  "64-1C-67-78-9A-EC",
                                         "IPv4":  [
                                                      "192.168.17.60"
                                                  ],
                                         "Speed":  "1 Gbps"
                                     }
                                 ]
                },
    "Temps":  {
                  "ACPI_MaxC":  29.9,
                  "Disk_MaxC":  null,
                  "MaxC":  52,
                  "LibreHW":  {
                                  "CPU":  {
                                              "ValueC":  52,
                                              "Display":  "52,0 °C"
                                          },
                                  "GPU":  {
                                              "ValueC":  null,
                                              "Display":  "N/A"
                                          },
                                  "RAM":  {
                                              "ValueC":  null,
                                              "Display":  "N/A"
                                          },
                                  "Storage":  {
                                                  "ValueC":  35,
                                                  "Display":  "35,0 °C"
                                              },
                                  "Mainboard":  {
                                                    "ValueC":  null,
                                                    "Display":  "N/A"
                                                },
                                  "Chipset":  {
                                                  "ValueC":  null,
                                                  "Display":  "N/A"
                                              },
                                  "Sensors":  [
                                                  {
                                                      "HardwareName":  "Intel Core i3-4130",
                                                      "HardwareType":  "Cpu",
                                                      "SensorName":  "CPU Package",
                                                      "SensorId":  "/intelcpu/0/temperature/4",
                                                      "ValueC":  52,
                                                      "MinC":  52,
                                                      "MaxC":  52
                                                  },
                                                  {
                                                      "HardwareName":  "KINGSTON SA400S37240G",
                                                      "HardwareType":  "Storage",
                                                      "SensorName":  "Temperature",
                                                      "SensorId":  "/hdd/0/temperature/0",
                                                      "ValueC":  35,
                                                      "MinC":  35,
                                                      "MaxC":  35
                                                  }
                                              ]
                              }
              },
    "Processes":  [
                      {
                          "Name":  "EPSecurityService",
                          "ID":  8144,
                          "CPU":  1473.86,
                          "MemoryMB":  629.49,
                          "Path":  "C:\\Program Files\\Bitdefender\\Endpoint Security\\EPSecurityService.exe",
                          "StartTime":  "\/Date(1765826229365)\/"
                      },
                      {
                          "Name":  "System",
                          "ID":  4,
                          "CPU":  79.31,
                          "MemoryMB":  1.36,
                          "Path":  null,
                          "StartTime":  "\/Date(1765825552001)\/"
                      },
                      {
                          "Name":  "MeshAgent",
                          "ID":  8316,
                          "CPU":  52.47,
                          "MemoryMB":  24.93,
                          "Path":  "C:\\Program Files\\Mesh Agent\\MeshAgent.exe",
                          "StartTime":  "\/Date(1765830331298)\/"
                      },
                      {
                          "Name":  "dwm",
                          "ID":  1780,
                          "CPU":  34.08,
                          "MemoryMB":  53.15,
                          "Path":  "C:\\Windows\\system32\\dwm.exe",
                          "StartTime":  "\/Date(1765825556288)\/"
                      },
                      {
                          "Name":  "EPConsole",
                          "ID":  2520,
                          "CPU":  24.58,
                          "MemoryMB":  130.35,
                          "Path":  "C:\\Program Files\\Bitdefender\\Endpoint Security\\EpConsole.exe",
                          "StartTime":  "\/Date(1765826280498)\/"
                      },
                      {
                          "Name":  "svchost",
                          "ID":  2240,
                          "CPU":  17.94,
                          "MemoryMB":  23.07,
                          "Path":  "C:\\Windows\\system32\\svchost.exe",
                          "StartTime":  "\/Date(1765825556559)\/"
                      },
                      {
                          "Name":  "services",
                          "ID":  1008,
                          "CPU":  12.53,
                          "MemoryMB":  10.45,
                          "Path":  null,
                          "StartTime":  "\/Date(1765825554802)\/"
                      },
                      {
                          "Name":  "svchost",
                          "ID":  3324,
                          "CPU":  8.89,
                          "MemoryMB":  29.03,
                          "Path":  "C:\\Windows\\System32\\svchost.exe",
                          "StartTime":  "\/Date(1765825557864)\/"
                      },
                      {
                          "Name":  "tacticalrmm",
                          "ID":  3596,
                          "CPU":  8,
                          "MemoryMB":  34.4,
                          "Path":  "C:\\Program Files\\TacticalAgent\\tacticalrmm.exe",
                          "StartTime":  "\/Date(1765825557934)\/"
                      },
                      {
                          "Name":  "svchost",
                          "ID":  3308,
                          "CPU":  7.92,
                          "MemoryMB":  48,
                          "Path":  "C:\\Windows\\System32\\svchost.exe",
                          "StartTime":  "\/Date(1765825557862)\/"
                      },
                      {
                          "Name":  "svchost",
                          "ID":  1208,
                          "CPU":  7.39,
                          "MemoryMB":  14.13,
                          "Path":  "C:\\Windows\\system32\\svchost.exe",
                          "StartTime":  "\/Date(1765825556416)\/"
                      },
                      {
                          "Name":  "explorer",
                          "ID":  900,
                          "CPU":  6.75,
                          "MemoryMB":  121.52,
                          "Path":  "C:\\Windows\\Explorer.EXE",
                          "StartTime":  "\/Date(1765825826341)\/"
                      },
                      {
                          "Name":  "svchost",
                          "ID":  3136,
                          "CPU":  6.06,
                          "MemoryMB":  15.89,
                          "Path":  "C:\\Windows\\system32\\svchost.exe",
                          "StartTime":  "\/Date(1765825557685)\/"
                      },
                      {
                          "Name":  "MoUsoCoreWorker",
                          "ID":  8132,
                          "CPU":  5.97,
                          "MemoryMB":  36.03,
                          "Path":  "C:\\Windows\\System32\\mousocoreworker.exe",
                          "StartTime":  "\/Date(1765825976307)\/"
                      },
                      {
                          "Name":  "svchost",
                          "ID":  5136,
                          "CPU":  5.25,
                          "MemoryMB":  20,
                          "Path":  null,
                          "StartTime":  "\/Date(1765825560458)\/"
                      }
                  ],
    "Services":  [
                     {
                         "Name":  "DHCP",
                         "DisplayName":  "Cliente DHCP",
                         "Status":  4,
                         "StartType":  "Auto"
                     },
                     {
                         "Name":  "EventLog",
                         "DisplayName":  "Log de Eventos do Windows",
                         "Status":  4,
                         "StartType":  "Auto"
                     },
                     {
                         "Name":  "LanmanServer",
                         "DisplayName":  "Server",
                         "Status":  4,
                         "StartType":  "Auto"
                     },
                     {
                         "Name":  "LanmanWorkstation",
                         "DisplayName":  "Estação de trabalho",
                         "Status":  4,
                         "StartType":  "Auto"
                     },
                     {
                         "Name":  "Spooler",
                         "DisplayName":  "Spooler de Impressão",
                         "Status":  4,
                         "StartType":  "Auto"
                     },
                     {
                         "Name":  "WinRM",
                         "DisplayName":  "Windows Remote Management (WS-Management)",
                         "Status":  1,
                         "StartType":  "Manual"
                     }
                 ],
    "Software":  [
                     {
                         "Name":  "Bitdefender Endpoint Security Tools",
                         "Version":  "7.9.29.589",
                         "Publisher":  "Bitdefender",
                         "InstallDate":  "20251113",
                         "SizeMB":  946.64
                     },
                     {
                         "Name":  "LibreOffice 25.8.2.2",
                         "Version":  "25.8.2.2",
                         "Publisher":  "The Document Foundation",
                         "InstallDate":  "20251112",
                         "SizeMB":  780.76
                     },
                     {
                         "Name":  "PowerShell 7-x64",
                         "Version":  "7.5.4.0",
                         "Publisher":  "Microsoft Corporation",
                         "InstallDate":  "20251112",
                         "SizeMB":  280.09
                     },
                     {
                         "Name":  "K-Lite Mega Codec Pack 19.3.0",
                         "Version":  "19.3.0",
                         "Publisher":  "KLCP",
                         "InstallDate":  "20251112",
                         "SizeMB":  220.94
                     },
                     {
                         "Name":  "Java 8 Update 471 (64-bit)",
                         "Version":  "8.0.4710.9",
                         "Publisher":  "Oracle Corporation",
                         "InstallDate":  "20251112",
                         "SizeMB":  113.24
                     },
                     {
                         "Name":  "Microsoft Visual C++ v14 Redistributable (x64) - 14.50.35710",
                         "Version":  "14.50.35710.0",
                         "Publisher":  "Microsoft Corporation",
                         "InstallDate":  null,
                         "SizeMB":  20.67
                     },
                     {
                         "Name":  "Microsoft Visual C++ 2013 Redistributable (x64) - 12.0.40664",
                         "Version":  "12.0.40664.0",
                         "Publisher":  "Microsoft Corporation",
                         "InstallDate":  null,
                         "SizeMB":  20.57
                     },
                     {
                         "Name":  "Microsoft Visual C++ 2012 Redistributable (x64) - 11.0.61030",
                         "Version":  "11.0.61030.0",
                         "Publisher":  "Microsoft Corporation",
                         "InstallDate":  null,
                         "SizeMB":  20.52
                     },
                     {
                         "Name":  "Microsoft Visual C++ v14 Redistributable (x86) - 14.50.35710",
                         "Version":  "14.50.35710.0",
                         "Publisher":  "Microsoft Corporation",
                         "InstallDate":  null,
                         "SizeMB":  18.22
                     },
                     {
                         "Name":  "Microsoft Visual C++ 2012 Redistributable (x86) - 11.0.61030",
                         "Version":  "11.0.61030.0",
                         "Publisher":  "Microsoft Corporation",
                         "InstallDate":  null,
                         "SizeMB":  17.38
                     },
                     {
                         "Name":  "Microsoft Visual C++ 2013 Redistributable (x86) - 12.0.40664",
                         "Version":  "12.0.40664.0",
                         "Publisher":  "Microsoft Corporation",
                         "InstallDate":  null,
                         "SizeMB":  17.19
                     },
                     {
                         "Name":  "Microsoft Visual C++ 2010  x64 Redistributable - 10.0.40219",
                         "Version":  "10.0.40219",
                         "Publisher":  "Microsoft Corporation",
                         "InstallDate":  "20251112",
                         "SizeMB":  13.87
                     },
                     {
                         "Name":  "Microsoft Visual C++ 2008 Redistributable - x64 9.0.30729.6161",
                         "Version":  "9.0.30729.6161",
                         "Publisher":  "Microsoft Corporation",
                         "InstallDate":  "20251112",
                         "SizeMB":  13.21
                     },
                     {
                         "Name":  "Tactical RMM Agent",
                         "Version":  "2.9.1",
                         "Publisher":  "AmidaWare Inc",
                         "InstallDate":  "20251112",
                         "SizeMB":  12.56
                     },
                     {
                         "Name":  "Microsoft Visual C++ 2012 x64 Additional Runtime - 11.0.61030",
                         "Version":  "11.0.61030",
                         "Publisher":  "Microsoft Corporation",
                         "InstallDate":  "20251112",
                         "SizeMB":  11.98
                     },
                     {
                         "Name":  "Microsoft Visual C++ 2022 X64 Additional Runtime - 14.50.35710",
                         "Version":  "14.50.35710",
                         "Publisher":  "Microsoft Corporation",
                         "InstallDate":  "20251112",
                         "SizeMB":  11.59
                     },
                     {
                         "Name":  "Microsoft Visual C++ 2013 x64 Additional Runtime - 12.0.40664",
                         "Version":  "12.0.40664",
                         "Publisher":  "Microsoft Corporation",
                         "InstallDate":  "20251112",
                         "SizeMB":  11.51
                     },
                     {
                         "Name":  "Microsoft Visual C++ 2010  x86 Redistributable - 10.0.40219",
                         "Version":  "10.0.40219",
                         "Publisher":  "Microsoft Corporation",
                         "InstallDate":  "20251112",
                         "SizeMB":  11.15
                     },
                     {
                         "Name":  "Microsoft Visual C++ 2008 Redistributable - x86 9.0.30729.6161",
                         "Version":  "9.0.30729.6161",
                         "Publisher":  "Microsoft Corporation",
                         "InstallDate":  "20251112",
                         "SizeMB":  10.2
                     },
                     {
                         "Name":  "Microsoft Visual C++ 2022 X86 Additional Runtime - 14.50.35710",
                         "Version":  "14.50.35710",
                         "Publisher":  "Microsoft Corporation",
                         "InstallDate":  "20251112",
                         "SizeMB":  10.11
                     }
                 ],
    "EventLogs":  [
                      {
                          "TimeCreated":  "\/Date(1765826295508)\/",
                          "LogName":  "System",
                          "Level":  "Erro",
                          "Provider":  "Microsoft-Windows-WindowsUpdateClient",
                          "Message":  "Falha na Instalação: o Windows não pôde instalar a seguinte atualização com o erro 0x8024200B: Atualização de inteligência de segurança para Microsoft Defender Antivirus - KB2267602 (versão 1.443.138.",
                          "EventID":  20
                      },
                      {
                          "TimeCreated":  "\/Date(1765826282381)\/",
                          "LogName":  "Application",
                          "Level":  "Erro",
                          "Provider":  "SecurityCenter",
                          "Message":  "Erro ao atualizar o status  para SECURITY_PRODUCT_STATE_ON.\r\n",
                          "EventID":  16
                      },
                      {
                          "TimeCreated":  "\/Date(1765825858039)\/",
                          "LogName":  "System",
                          "Level":  "Erro",
                          "Provider":  "Microsoft-Windows-TPM-WMI",
                          "Message":  "As ca/chaves de inicialização segura precisam ser atualizadas. Estas informações de assinatura do dispositivo estão incluídas aqui.\r\nDeviceAttributes: FirmwareVersion:FCKT70AUS;OEMManufacturerName:LEN",
                          "EventID":  1801
                      },
                      {
                          "TimeCreated":  "\/Date(1765825443847)\/",
                          "LogName":  "System",
                          "Level":  "Erro",
                          "Provider":  "Microsoft-Windows-GroupPolicy",
                          "Message":  "Script de logon falhou. \r\n\tNome do GPO: GPO-AQS-COMPLETE-SYSINFO\r\n\tCaminho do Sistema de Arquivos do GPO : \\\\brasildis.lan\\SysVol\\brasildis.lan\\Policies\\{1C3C1FF0-24E1-4161-A388-E5FDBB00ABCF}\\User\r\n\tN",
                          "EventID":  1130
                      },
                      {
                          "TimeCreated":  "\/Date(1765825403735)\/",
                          "LogName":  "System",
                          "Level":  "Erro",
                          "Provider":  "NETLOGON",
                          "Message":  "Este computador não pôde configurar uma sessão segura com um controlador de domínio no domínio BRASILDIST devido ao seguinte: \r\nNão é possível entrar com esta credencial porque o domínio não está disp",
                          "EventID":  5719
                      }
                  ],
    "Security":  {
                     "Firewall":  [
                                      {
                                          "Profile":  "Domain",
                                          "Enabled":  1,
                                          "DefaultIn":  4,
                                          "DefaultOut":  2
                                      },
                                      {
                                          "Profile":  "Private",
                                          "Enabled":  1,
                                          "DefaultIn":  4,
                                          "DefaultOut":  2
                                      },
                                      {
                                          "Profile":  "Public",
                                          "Enabled":  1,
                                          "DefaultIn":  4,
                                          "DefaultOut":  2
                                      }
                                  ],
                     "Antivirus":  [
                                       {
                                           "Name":  "Bitdefender Endpoint Security Tools Anti-malware",
                                           "State":  "Ativo",
                                           "Updated":  "Atualizado"
                                       },
                                       {
                                           "Name":  "Windows Defender",
                                           "State":  "Inativo",
                                           "Updated":  "Desatualizado"
                                       }
                                   ]
                 }
}
