{
    "Hostname":  "SPA-FINANC2",
    "TimestampUtc":  "2025-12-30T21:30:14.5759734Z",
    "Status":  "Atenção",
    "IssuesWarn":  [
                       "Processos com alto uso de CPU"
                   ],
    "IssuesCrit":  [

                   ],
    "CollectionMode":  "Completo",
    "ScriptVersion":  "2.4",
    "OS":  {
               "Caption":  "Microsoft Windows 10 Pro",
               "Version":  "10.0.19045",
               "Build":  "19045",
               "Architecture":  "64 bits",
               "InstallDate":  "\/Date(1685531629000)\/",
               "LastBoot":  "\/Date(1767117119500)\/",
               "Uptime":  "0d 3h 38m"
           },
    "Computer":  {
                     "Manufacturer":  "LENOVO",
                     "Model":  "10KY0061BR",
                     "Family":  "Lenovo S510",
                     "Domain":  "brasildis.lan",
                     "Serial":  "PE02P8QX",
                     "User":  "BRASILDIST\\thalia.silva"
                 },
    "BIOS":  {
                 "Vendor":  "LENOVO",
                 "Version":  "M0UKT24A",
                 "ReleaseDate":  "\/Date(1472688000000)\/"
             },
    "BaseBoard":  {
                      "Manufacturer":  "LENOVO",
                      "Product":  "0x30F617AA",
                      "Serial":  "                    "
                  },
    "CPU":  {
                "Name":  "Intel(R) Core(TM) i3-6100 CPU @ 3.70GHz",
                "Cores":  2,
                "Logical":  4,
                "MaxClockMHz":  3696,
                "ProcessorId":  "BFEBFBFF000506E3"
            },
    "GPU":  {
                "Name":  "Microsoft Basic Display Adapter",
                "DriverVersion":  "10.0.19041.3636",
                "DriverDate":  "\/Date(1150848000000)\/",
                "VRAM_GB":  null,
                "Resolution":  "1920x1080",
                "RefreshRate":  "1Hz",
                "MaxRefreshRate":  "64Hz"
            },
    "Monitor":  {
                    "Count":  1,
                    "Monitors":  [
                                     {
                                         "Manufacturer":  "PHL",
                                         "Name":  "PHL 221V8LB",
                                         "Model":  "C32E",
                                         "Serial":  "AF02511375481",
                                         "Week":  11,
                                         "Year":  2025,
                                         "SizeInches":  21.5,
                                         "WidthCm":  48,
                                         "HeightCm":  26,
                                         "Input":  "Analógica",
                                         "InstanceName":  "DISPLAY\\PHLC32E\\4\u00261d20018a\u00260\u0026UID0_0",
                                         "DisplayName":  null,
                                         "WidthPx":  1920,
                                         "HeightPx":  1080,
                                         "Resolution":  "1920x1080",
                                         "CurrentHz":  null,
                                         "MaxHz":  null,
                                         "Primary":  true
                                     }
                                 ],
                    "WinFormsScreens":  [
                                            {
                                                "Index":  0,
                                                "Primary":  false,
                                                "WidthPx":  1920,
                                                "HeightPx":  1080,
                                                "DeviceName":  null,
                                                "Resolution":  "1920x1080"
                                            },
                                            {
                                                "Index":  1,
                                                "Primary":  false,
                                                "WidthPx":  1600,
                                                "HeightPx":  900,
                                                "DeviceName":  null,
                                                "Resolution":  "1600x900"
                                            },
                                            {
                                                "Index":  2,
                                                "Primary":  false,
                                                "WidthPx":  1600,
                                                "HeightPx":  900,
                                                "DeviceName":  null,
                                                "Resolution":  "1600x900"
                                            },
                                            {
                                                "Index":  3,
                                                "Primary":  false,
                                                "WidthPx":  1600,
                                                "HeightPx":  900,
                                                "DeviceName":  null,
                                                "Resolution":  "1600x900"
                                            }
                                        ]
                },
    "RAM":  {
                "TotalGB":  7.82,
                "FreeGB":  2.77,
                "FreePercent":  35.4,
                "Modules":  [
                                {
                                    "Bank":  "BANK 0",
                                    "Slot":  "DIMM1",
                                    "Manuf":  "0000",
                                    "Part":  "                    ",
                                    "Serial":  "04381413",
                                    "CapacityGB":  4,
                                    "SpeedMHz":  2133,
                                    "ConfClk":  2133,
                                    "Form":  8,
                                    "SMBIOSType":  26,
                                    "Voltage":  1.2,
                                    "Min_Voltage":  0,
                                    "Max_Voltage":  0
                                },
                                {
                                    "Bank":  "BANK 2",
                                    "Slot":  "DIMM2",
                                    "Manuf":  "Samsung",
                                    "Part":  "M378A5143EB1-CPB    ",
                                    "Serial":  "14811123",
                                    "CapacityGB":  4,
                                    "SpeedMHz":  2133,
                                    "ConfClk":  2133,
                                    "Form":  8,
                                    "SMBIOSType":  26,
                                    "Voltage":  1.2,
                                    "Min_Voltage":  0,
                                    "Max_Voltage":  0
                                }
                            ]
            },
    "Storage":  {
                    "Volumes":  [
                                    {
                                        "DriveLetter":  "C",
                                        "Label":  "",
                                        "FileSystem":  "NTFS",
                                        "SizeGB":  223,
                                        "FreeGB":  137.54,
                                        "FreePercent":  61.7,
                                        "Health":  "Healthy"
                                    }
                                ],
                    "Disks":  [
                                  {
                                      "Model":  "KINGSTON SA400S37240G",
                                      "Serial":  "50026B7685EF465E",
                                      "Media":  "SSD",
                                      "Bus":  "SATA",
                                      "Type":  "SSD",
                                      "SizeGB":  223.57,
                                      "Health":  "Healthy",
                                      "OpStatus":  "OK",
                                      "Spindle":  0
                                  }
                              ]
                },
    "Network":  {
                    "IPv4":  [
                                 "192.168.17.103"
                             ],
                    "MACs":  [
                                 "64:1C:67:86:63:BB"
                             ],
                    "Adapters":  [
                                     {
                                         "Name":  "Ethernet",
                                         "Status":  "Up",
                                         "MAC":  "64-1C-67-86-63-BB",
                                         "IPv4":  [
                                                      "192.168.17.103"
                                                  ],
                                         "Speed":  "1 Gbps"
                                     }
                                 ]
                },
    "Temps":  {
                  "ACPI_MaxC":  null,
                  "Disk_MaxC":  null,
                  "MaxC":  48,
                  "LibreHW":  {
                                  "CPU":  {
                                              "ValueC":  48,
                                              "Display":  "48,0 °C"
                                          },
                                  "GPU":  {
                                              "ValueC":  null,
                                              "Display":  "N/A"
                                          },
                                  "RAM":  {
                                              "ValueC":  null,
                                              "Display":  "N/A"
                                          },
                                  "Storage":  {
                                                  "ValueC":  31,
                                                  "Display":  "31,0 °C"
                                              },
                                  "Mainboard":  {
                                                    "ValueC":  null,
                                                    "Display":  "N/A"
                                                },
                                  "Chipset":  {
                                                  "ValueC":  null,
                                                  "Display":  "N/A"
                                              },
                                  "Sensors":  [
                                                  {
                                                      "HardwareName":  "Intel Core i3-6100",
                                                      "HardwareType":  "Cpu",
                                                      "SensorName":  "CPU Package",
                                                      "SensorId":  "/intelcpu/0/temperature/4",
                                                      "ValueC":  48,
                                                      "MinC":  46,
                                                      "MaxC":  48
                                                  },
                                                  {
                                                      "HardwareName":  "KINGSTON SA400S37240G",
                                                      "HardwareType":  "Storage",
                                                      "SensorName":  "Temperature",
                                                      "SensorId":  "/hdd/0/temperature/0",
                                                      "ValueC":  31,
                                                      "MinC":  31,
                                                      "MaxC":  31
                                                  }
                                              ]
                              }
              },
    "Processes":  [
                      {
                          "Name":  "msedgewebview2",
                          "ID":  13284,
                          "CPU":  387.14,
                          "MemoryMB":  441.41,
                          "Path":  "C:\\Program Files (x86)\\Microsoft\\EdgeWebView\\Application\\143.0.3650.96\\msedgewebview2.exe",
                          "StartTime":  "\/Date(1767117518706)\/"
                      },
                      {
                          "Name":  "PCSIS410",
                          "ID":  5900,
                          "CPU":  372.89,
                          "MemoryMB":  159.01,
                          "Path":  "C:\\Winthor\\Spool\\Executaveis\\PCSIS410.EXE",
                          "StartTime":  "\/Date(1767121406010)\/"
                      },
                      {
                          "Name":  "chrome",
                          "ID":  2908,
                          "CPU":  372,
                          "MemoryMB":  226.54,
                          "Path":  "C:\\Program Files\\Google\\Chrome\\Application\\chrome.exe",
                          "StartTime":  "\/Date(1767117146540)\/"
                      },
                      {
                          "Name":  "chrome",
                          "ID":  13608,
                          "CPU":  270.47,
                          "MemoryMB":  420.52,
                          "Path":  "C:\\Program Files\\Google\\Chrome\\Application\\chrome.exe",
                          "StartTime":  "\/Date(1767117173519)\/"
                      },
                      {
                          "Name":  "chrome",
                          "ID":  10500,
                          "CPU":  162.94,
                          "MemoryMB":  83.52,
                          "Path":  "C:\\Program Files\\Google\\Chrome\\Application\\chrome.exe",
                          "StartTime":  "\/Date(1767117148044)\/"
                      },
                      {
                          "Name":  "chrome",
                          "ID":  5304,
                          "CPU":  135.28,
                          "MemoryMB":  220.03,
                          "Path":  "C:\\Program Files\\Google\\Chrome\\Application\\chrome.exe",
                          "StartTime":  "\/Date(1767123358043)\/"
                      },
                      {
                          "Name":  "dwm",
                          "ID":  1672,
                          "CPU":  129.41,
                          "MemoryMB":  149.93,
                          "Path":  "C:\\Windows\\system32\\dwm.exe",
                          "StartTime":  "\/Date(1767117123743)\/"
                      },
                      {
                          "Name":  "PCSIS302",
                          "ID":  11032,
                          "CPU":  98.41,
                          "MemoryMB":  80.17,
                          "Path":  "C:\\Winthor\\Spool\\Executaveis\\PCSIS302.EXE",
                          "StartTime":  "\/Date(1767128277655)\/"
                      },
                      {
                          "Name":  "System",
                          "ID":  4,
                          "CPU":  97.81,
                          "MemoryMB":  12.84,
                          "Path":  null,
                          "StartTime":  "\/Date(1767117121513)\/"
                      },
                      {
                          "Name":  "EPSecurityService",
                          "ID":  3748,
                          "CPU":  62.17,
                          "MemoryMB":  303.71,
                          "Path":  "C:\\Program Files\\Bitdefender\\Endpoint Security\\EPSecurityService.exe",
                          "StartTime":  "\/Date(1767117124859)\/"
                      },
                      {
                          "Name":  "explorer",
                          "ID":  7224,
                          "CPU":  61.19,
                          "MemoryMB":  185.56,
                          "Path":  "C:\\Windows\\Explorer.EXE",
                          "StartTime":  "\/Date(1767117137652)\/"
                      },
                      {
                          "Name":  "Memory Compression",
                          "ID":  2488,
                          "CPU":  59.17,
                          "MemoryMB":  511.5,
                          "Path":  null,
                          "StartTime":  "\/Date(1767117124048)\/"
                      },
                      {
                          "Name":  "msedgewebview2",
                          "ID":  10192,
                          "CPU":  44.09,
                          "MemoryMB":  27.78,
                          "Path":  "C:\\Program Files (x86)\\Microsoft\\EdgeWebView\\Application\\143.0.3650.96\\msedgewebview2.exe",
                          "StartTime":  "\/Date(1767117518541)\/"
                      },
                      {
                          "Name":  "chrome",
                          "ID":  10508,
                          "CPU":  35.52,
                          "MemoryMB":  50.46,
                          "Path":  "C:\\Program Files\\Google\\Chrome\\Application\\chrome.exe",
                          "StartTime":  "\/Date(1767117148054)\/"
                      },
                      {
                          "Name":  "msedgewebview2",
                          "ID":  13744,
                          "CPU":  31.05,
                          "MemoryMB":  72.24,
                          "Path":  "C:\\Program Files (x86)\\Microsoft\\EdgeWebView\\Application\\143.0.3650.96\\msedgewebview2.exe",
                          "StartTime":  "\/Date(1767117518172)\/"
                      }
                  ],
    "Services":  [
                     {
                         "Name":  "DHCP",
                         "DisplayName":  "Cliente DHCP",
                         "Status":  4,
                         "StartType":  "Auto"
                     },
                     {
                         "Name":  "EventLog",
                         "DisplayName":  "Log de Eventos do Windows",
                         "Status":  4,
                         "StartType":  "Auto"
                     },
                     {
                         "Name":  "LanmanServer",
                         "DisplayName":  "Server",
                         "Status":  4,
                         "StartType":  "Auto"
                     },
                     {
                         "Name":  "LanmanWorkstation",
                         "DisplayName":  "Estação de trabalho",
                         "Status":  4,
                         "StartType":  "Auto"
                     },
                     {
                         "Name":  "Spooler",
                         "DisplayName":  "Spooler de Impressão",
                         "Status":  4,
                         "StartType":  "Auto"
                     },
                     {
                         "Name":  "WinRM",
                         "DisplayName":  "Windows Remote Management (WS-Management)",
                         "Status":  1,
                         "StartType":  "Manual"
                     }
                 ],
    "Software":  [
                     {
                         "Name":  "Bitdefender Endpoint Security Tools",
                         "Version":  "7.9.29.589",
                         "Publisher":  "Bitdefender",
                         "InstallDate":  "20240314",
                         "SizeMB":  1045.74
                     },
                     {
                         "Name":  "LibreOffice 7.3.5.2",
                         "Version":  "7.3.5.2",
                         "Publisher":  "The Document Foundation",
                         "InstallDate":  "20230531",
                         "SizeMB":  759.21
                     },
                     {
                         "Name":  "NetSupport Manager",
                         "Version":  "11.30.0000",
                         "Publisher":  "NetSupport Ltd",
                         "InstallDate":  "20230531",
                         "SizeMB":  41.77
                     },
                     {
                         "Name":  "Microsoft Teams Meeting Add-in for Microsoft Office",
                         "Version":  "1.24.31301",
                         "Publisher":  "Microsoft",
                         "InstallDate":  "20250401",
                         "SizeMB":  31.77
                     },
                     {
                         "Name":  "Microsoft Visual C++ 2013 Redistributable (x86) - 12.0.30501",
                         "Version":  "12.0.30501.0",
                         "Publisher":  "Microsoft Corporation",
                         "InstallDate":  null,
                         "SizeMB":  17.19
                     },
                     {
                         "Name":  "Tactical RMM Agent",
                         "Version":  "2.9.1",
                         "Publisher":  "AmidaWare Inc",
                         "InstallDate":  "20250508",
                         "SizeMB":  12.56
                     },
                     {
                         "Name":  "Microsoft Visual C++ 2013 x86 Additional Runtime - 12.0.21005",
                         "Version":  "12.0.21005",
                         "Publisher":  "Microsoft Corporation",
                         "InstallDate":  "20230531",
                         "SizeMB":  9.23
                     },
                     {
                         "Name":  "Assistente de Atualização do Windows 10",
                         "Version":  "1.4.19041.2183",
                         "Publisher":  "Microsoft Corporation",
                         "InstallDate":  null,
                         "SizeMB":  5
                     },
                     {
                         "Name":  "Mesh Agent",
                         "Version":  "2025-03-06 17:44:07.000-04:00",
                         "Publisher":  null,
                         "InstallDate":  null,
                         "SizeMB":  3.29
                     },
                     {
                         "Name":  "Microsoft Visual C++ 2013 x86 Minimum Runtime - 12.0.21005",
                         "Version":  "12.0.21005",
                         "Publisher":  "Microsoft Corporation",
                         "InstallDate":  "20230531",
                         "SizeMB":  2.03
                     },
                     {
                         "Name":  "Microsoft Update Health Tools",
                         "Version":  "3.74.0.0",
                         "Publisher":  "Microsoft Corporation",
                         "InstallDate":  "20240215",
                         "SizeMB":  1.03
                     },
                     {
                         "Name":  "Update for x64-based Windows Systems (KB5001716)",
                         "Version":  "8.94.0.0",
                         "Publisher":  "Microsoft Corporation",
                         "InstallDate":  "20250628",
                         "SizeMB":  0.84
                     },
                     {
                         "Name":  "Google Update Helper",
                         "Version":  "1.3.35.451",
                         "Publisher":  "Google LLC",
                         "InstallDate":  "20230531",
                         "SizeMB":  0.04
                     },
                     {
                         "Name":  "Microsoft Edge",
                         "Version":  "143.0.3650.96",
                         "Publisher":  "Microsoft Corporation",
                         "InstallDate":  "20251219",
                         "SizeMB":  null
                     },
                     {
                         "Name":  "WinRAR 5.50 (64-bit)",
                         "Version":  "5.50.0",
                         "Publisher":  "win.rar GmbH",
                         "InstallDate":  null,
                         "SizeMB":  null
                     },
                     {
                         "Name":  "Microsoft Edge WebView2 Runtime",
                         "Version":  "143.0.3650.96",
                         "Publisher":  "Microsoft Corporation",
                         "InstallDate":  "20251220",
                         "SizeMB":  null
                     },
                     {
                         "Name":  "Google Chrome",
                         "Version":  "143.0.7499.170",
                         "Publisher":  "Google LLC",
                         "InstallDate":  "20251226",
                         "SizeMB":  null
                     }
                 ],
    "EventLogs":  [
                      {
                          "TimeCreated":  "\/Date(1767117424612)\/",
                          "LogName":  "System",
                          "Level":  "Erro",
                          "Provider":  "Microsoft-Windows-TPM-WMI",
                          "Message":  "As ca/chaves de inicialização segura precisam ser atualizadas. Estas informações de assinatura do dispositivo estão incluídas aqui.\r\nDeviceAttributes: FirmwareVersion:M0UKT24A;OEMManufacturerName:LENO",
                          "EventID":  1801
                      },
                      {
                          "TimeCreated":  "\/Date(1767117246444)\/",
                          "LogName":  "System",
                          "Level":  "Erro",
                          "Provider":  "Service Control Manager",
                          "Message":  "Não foi possível iniciar o serviço Serviço do Google Update (gupdate) devido ao seguinte erro: \r\nO serviço não respondeu à requisição de início ou controle em tempo hábil.\r\n",
                          "EventID":  7000
                      },
                      {
                          "TimeCreated":  "\/Date(1767117246444)\/",
                          "LogName":  "System",
                          "Level":  "Erro",
                          "Provider":  "Service Control Manager",
                          "Message":  "Tempo limite esgotado (30000 milissegundos) ao aguardar a conexão do serviço Serviço do Google Update (gupdate).\r\n",
                          "EventID":  7009
                      },
                      {
                          "TimeCreated":  "\/Date(1767117121758)\/",
                          "LogName":  "System",
                          "Level":  "Erro",
                          "Provider":  "TPM",
                          "Message":  "O driver de dispositivo do TPM (Trusted Platform Module) encontrou um erro irrecuperável no hardware TPM, o que impede que os serviços do TPM (como criptografia de dados) sejam usados. Para obter mais",
                          "EventID":  15
                      },
                      {
                          "TimeCreated":  "\/Date(1767096359670)\/",
                          "LogName":  "System",
                          "Level":  "Erro",
                          "Provider":  "Microsoft-Windows-TPM-WMI",
                          "Message":  "As ca/chaves de inicialização segura precisam ser atualizadas. Estas informações de assinatura do dispositivo estão incluídas aqui.\r\nDeviceAttributes: FirmwareVersion:M0UKT24A;OEMManufacturerName:LENO",
                          "EventID":  1801
                      },
                      {
                          "TimeCreated":  "\/Date(1767096181480)\/",
                          "LogName":  "System",
                          "Level":  "Erro",
                          "Provider":  "Service Control Manager",
                          "Message":  "Não foi possível iniciar o serviço Serviço do Google Update (gupdate) devido ao seguinte erro: \r\nO serviço não respondeu à requisição de início ou controle em tempo hábil.\r\n",
                          "EventID":  7000
                      },
                      {
                          "TimeCreated":  "\/Date(1767096181480)\/",
                          "LogName":  "System",
                          "Level":  "Erro",
                          "Provider":  "Service Control Manager",
                          "Message":  "Tempo limite esgotado (30000 milissegundos) ao aguardar a conexão do serviço Serviço do Google Update (gupdate).\r\n",
                          "EventID":  7009
                      },
                      {
                          "TimeCreated":  "\/Date(1767096060897)\/",
                          "LogName":  "System",
                          "Level":  "Erro",
                          "Provider":  "NETLOGON",
                          "Message":  "Este computador não pôde configurar uma sessão segura com um controlador de domínio no domínio BRASILDIST devido ao seguinte: \r\nNão é possível entrar com esta credencial porque o domínio não está disp",
                          "EventID":  5719
                      },
                      {
                          "TimeCreated":  "\/Date(1767096056780)\/",
                          "LogName":  "System",
                          "Level":  "Erro",
                          "Provider":  "TPM",
                          "Message":  "O driver de dispositivo do TPM (Trusted Platform Module) encontrou um erro irrecuperável no hardware TPM, o que impede que os serviços do TPM (como criptografia de dados) sejam usados. Para obter mais",
                          "EventID":  15
                      }
                  ],
    "Security":  {
                     "Firewall":  [
                                      {
                                          "Profile":  "Domain",
                                          "Enabled":  1,
                                          "DefaultIn":  4,
                                          "DefaultOut":  2
                                      },
                                      {
                                          "Profile":  "Private",
                                          "Enabled":  1,
                                          "DefaultIn":  4,
                                          "DefaultOut":  2
                                      },
                                      {
                                          "Profile":  "Public",
                                          "Enabled":  1,
                                          "DefaultIn":  4,
                                          "DefaultOut":  2
                                      }
                                  ],
                     "Antivirus":  [
                                       {
                                           "Name":  "Bitdefender Endpoint Security Tools Anti-malware",
                                           "State":  "Ativo",
                                           "Updated":  "Atualizado"
                                       },
                                       {
                                           "Name":  "Windows Defender",
                                           "State":  "Inativo",
                                           "Updated":  "Desatualizado"
                                       }
                                   ]
                 }
}
