                      {
                          "TimeCreated":  "\/Date(1767103210708)\/",
                          "LogName":  "System",
                          "Level":  "Erro",
                          "Provider":  "Service Control Manager",
                          "Message":  "Não foi possível iniciar o serviço R0powershell devido ao seguinte erro: \r\nNão foi possível concluir a operação com êxito porque o arquivo contém um vírus ou software possivelmente indesejado.\r\n",
                          "EventID":  7000
                      },
                      {
                          "TimeCreated":  "\/Date(1767101410769)\/",
                          "LogName":  "System",
                          "Level":  "Erro",
                          "Provider":  "Service Control Manager",
                          "Message":  "Não foi possível iniciar o serviço R0powershell devido ao seguinte erro: \r\nNão foi possível concluir a operação com êxito porque o arquivo contém um vírus ou software possivelmente indesejado.\r\n",
                          "EventID":  7000
                      },
                      {
                          "TimeCreated":  "\/Date(1767101408738)\/",
                          "LogName":  "System",
                          "Level":  "Erro",
                          "Provider":  "Service Control Manager",
                          "Message":  "Não foi possível iniciar o serviço R0powershell devido ao seguinte erro: \r\nNão foi possível concluir a operação com êxito porque o arquivo contém um vírus ou software possivelmente indesejado.\r\n",
                          "EventID":  7000
                      },
                      {
                          "TimeCreated":  "\/Date(1767099618311)\/",
                          "LogName":  "System",
                          "Level":  "Erro",
                          "Provider":  "Service Control Manager",
                          "Message":  "Não foi possível iniciar o serviço R0powershell devido ao seguinte erro: \r\nNão foi possível concluir a operação com êxito porque o arquivo contém um vírus ou software possivelmente indesejado.\r\n",
                          "EventID":  7000
                      },
                      {
                          "TimeCreated":  "\/Date(1767099616280)\/",
                          "LogName":  "System",
                          "Level":  "Erro",
                          "Provider":  "Service Control Manager",
                          "Message":  "Não foi possível iniciar o serviço R0powershell devido ao seguinte erro: \r\nNão foi possível concluir a operação com êxito porque o arquivo contém um vírus ou software possivelmente indesejado.\r\n",
                          "EventID":  7000
                      },
                      {
                          "TimeCreated":  "\/Date(1767097814790)\/",
                          "LogName":  "System",
                          "Level":  "Erro",
                          "Provider":  "Service Control Manager",
                          "Message":  "Não foi possível iniciar o serviço R0powershell devido ao seguinte erro: \r\nNão foi possível concluir a operação com êxito porque o arquivo contém um vírus ou software possivelmente indesejado.\r\n",
                          "EventID":  7000
                      },
                      {
                          "TimeCreated":  "\/Date(1767097812756)\/",
                          "LogName":  "System",
                          "Level":  "Erro",
                          "Provider":  "Service Control Manager",
                          "Message":  "Não foi possível iniciar o serviço R0powershell devido ao seguinte erro: \r\nNão foi possível concluir a operação com êxito porque o arquivo contém um vírus ou software possivelmente indesejado.\r\n",
                          "EventID":  7000
                      }
                  ],
    "Security":  {
                     "Firewall":  [
                                      {
                                          "Profile":  "Domain",
                                          "Enabled":  1,
                                          "DefaultIn":  4,
                                          "DefaultOut":  2
                                      },
                                      {
                                          "Profile":  "Private",
                                          "Enabled":  1,
                                          "DefaultIn":  4,
                                          "DefaultOut":  2
                                      },
                                      {
                                          "Profile":  "Public",
                                          "Enabled":  1,
                                          "DefaultIn":  4,
                                          "DefaultOut":  2
                                      }
                                  ],
                     "Antivirus":  [
                                       {
                                           "Name":  "Bitdefender Endpoint Security Tools Anti-malware",
                                           "State":  "Inativo",
                                           "Updated":  "Desatualizado"
                                       },
                                       {
                                           "Name":  "Windows Defender",
                                           "State":  "Inativo",
                                           "Updated":  "Desatualizado"
                                       }
                                   ]
                 }
}
