{
    "Hostname":  "SPA-DEPOSITO1",
    "TimestampUtc":  "2025-12-31T12:30:15.0987855Z",
    "Status":  "Atenção",
    "IssuesWarn":  [
                       "Processos com alto uso de CPU"
                   ],
    "IssuesCrit":  [

                   ],
    "CollectionMode":  "Completo",
    "ScriptVersion":  "2.4",
    "OS":  {
               "Caption":  "Microsoft Windows 10 Pro",
               "Version":  "10.0.19045",
               "Build":  "19045",
               "Architecture":  "64 bits",
               "InstallDate":  "\/Date(1657836018000)\/",
               "LastBoot":  "\/Date(1767181473500)\/",
               "Uptime":  "0d 0h 45m"
           },
    "Computer":  {
                     "Manufacturer":  "LENOVO",
                     "Model":  "10NN001JBR",
                     "Family":  "V520S-08IKL",
                     "Domain":  "brasildis.lan",
                     "Serial":  "PE02ZQVL",
                     "User":  "BRASILDIST\\fernando.silva"
                 },
    "BIOS":  {
                 "Vendor":  "LENOVO",
                 "Version":  "M16KT60A",
                 "ReleaseDate":  "\/Date(1568678400000)\/"
             },
    "BaseBoard":  {
                      "Manufacturer":  "LENOVO",
                      "Product":  "3102",
                      "Serial":  "                    "
                  },
    "CPU":  {
                "Name":  "Intel(R) Core(TM) i3-7100 CPU @ 3.90GHz",
                "Cores":  2,
                "Logical":  4,
                "MaxClockMHz":  3912,
                "ProcessorId":  "BFEBFBFF000906E9"
            },
    "GPU":  {
                "Name":  "Intel(R) HD Graphics 630",
                "DriverVersion":  "31.0.101.2115",
                "DriverDate":  "\/Date(1668556800000)\/",
                "VRAM_GB":  1,
                "Resolution":  "1600x900",
                "RefreshRate":  "60Hz",
                "MaxRefreshRate":  "75Hz"
            },
    "Monitor":  {
                    "Count":  2,
                    "Monitors":  [
                                     {
                                         "Manufacturer":  "LEN",
                                         "Name":  "LEN E2002bA",
                                         "Model":  "60BB",
                                         "Serial":  "VA381882",
                                         "Week":  40,
                                         "Year":  2020,
                                         "SizeInches":  19.4,
                                         "WidthCm":  43,
                                         "HeightCm":  24,
                                         "Input":  "Analógica",
                                         "InstanceName":  "DISPLAY\\LEN60BB\\4\u00262db56130\u00260\u0026UID200195_0",
                                         "DisplayName":  null,
                                         "WidthPx":  1600,
                                         "HeightPx":  900,
                                         "Resolution":  "1600x900",
                                         "CurrentHz":  null,
                                         "MaxHz":  null,
                                         "Primary":  true
                                     },
                                     {
                                         "Manufacturer":  "LEN",
                                         "Name":  "LEN E2002bA",
                                         "Model":  "60BB",
                                         "Serial":  "VA291263",
                                         "Week":  11,
                                         "Year":  2020,
                                         "SizeInches":  19.4,
                                         "WidthCm":  43,
                                         "HeightCm":  24,
                                         "Input":  "Analógica",
                                         "InstanceName":  "DISPLAY\\LEN60BB\\4\u00262db56130\u00260\u0026UID224795_0",
                                         "DisplayName":  null,
                                         "WidthPx":  1600,
                                         "HeightPx":  900,
                                         "Resolution":  "1600x900",
                                         "CurrentHz":  null,
                                         "MaxHz":  null,
                                         "Primary":  false
                                     }
                                 ],
                    "WinFormsScreens":  [
                                            {
                                                "Index":  0,
                                                "Primary":  false,
                                                "WidthPx":  1600,
                                                "HeightPx":  900,
                                                "DeviceName":  null,
                                                "Resolution":  "1600x900"
                                            },
                                            {
                                                "Index":  1,
                                                "Primary":  false,
                                                "WidthPx":  1600,
                                                "HeightPx":  900,
                                                "DeviceName":  null,
                                                "Resolution":  "1600x900"
                                            },
                                            {
                                                "Index":  2,
                                                "Primary":  false,
                                                "WidthPx":  1600,
                                                "HeightPx":  900,
                                                "DeviceName":  null,
                                                "Resolution":  "1600x900"
                                            },
                                            {
                                                "Index":  3,
                                                "Primary":  false,
                                                "WidthPx":  1600,
                                                "HeightPx":  900,
                                                "DeviceName":  null,
                                                "Resolution":  "1600x900"
                                            },
                                            {
                                                "Index":  4,
                                                "Primary":  false,
                                                "WidthPx":  1600,
                                                "HeightPx":  900,
                                                "DeviceName":  null,
                                                "Resolution":  "1600x900"
                                            },
                                            {
                                                "Index":  5,
                                                "Primary":  false,
                                                "WidthPx":  1600,
                                                "HeightPx":  900,
                                                "DeviceName":  null,
                                                "Resolution":  "1600x900"
                                            }
                                        ]
                },
    "RAM":  {
                "TotalGB":  15.91,
                "FreeGB":  8.44,
                "FreePercent":  53,
                "Modules":  [
                                {
                                    "Bank":  "BANK 1",
                                    "Slot":  "ChannelA-DIMM1",
                                    "Manuf":  "8F1C",
                                    "Part":  "RM-D4-8G-3200Z      ",
                                    "Serial":  "000000E9",
                                    "CapacityGB":  8,
                                    "SpeedMHz":  2667,
                                    "ConfClk":  2400,
                                    "Form":  8,
                                    "SMBIOSType":  26,
                                    "Voltage":  1.2,
                                    "Min_Voltage":  1.2,
                                    "Max_Voltage":  1.2
                                },
                                {
                                    "Bank":  "BANK 3",
                                    "Slot":  "ChannelB-DIMM1",
                                    "Manuf":  "8F1C",
                                    "Part":  "RM-D4-8G-3200Z      ",
                                    "Serial":  "0000002B",
                                    "CapacityGB":  8,
                                    "SpeedMHz":  2667,
                                    "ConfClk":  2400,
                                    "Form":  8,
                                    "SMBIOSType":  26,
                                    "Voltage":  1.2,
                                    "Min_Voltage":  1.2,
                                    "Max_Voltage":  1.2
                                }
                            ]
            },
    "Storage":  {
                    "Volumes":  [
                                    {
                                        "DriveLetter":  "C",
                                        "Label":  "",
                                        "FileSystem":  "NTFS",
                                        "SizeGB":  222.45,
                                        "FreeGB":  106.94,
                                        "FreePercent":  48.1,
                                        "Health":  "Healthy"
                                    }
                                ],
                    "Disks":  [
                                  {
                                      "Model":  "KINGSTON SA400S37240G",
                                      "Serial":  "50026B7685AAD331",
                                      "Media":  "SSD",
                                      "Bus":  "SATA",
                                      "Type":  "SSD",
                                      "SizeGB":  223.57,
                                      "Health":  "Healthy",
                                      "OpStatus":  "OK",
                                      "Spindle":  0
                                  }
                              ]
                },
    "Network":  {
                    "IPv4":  [
                                 "192.168.17.123"
                             ],
                    "MACs":  [
                                 "64:1C:67:8B:F5:93"
                             ],
                    "Adapters":  [
                                     {
                                         "Name":  "Ethernet",
                                         "Status":  "Up",
                                         "MAC":  "64-1C-67-8B-F5-93",
                                         "IPv4":  [
                                                      "192.168.17.123"
                                                  ],
                                         "Speed":  "1 Gbps"
                                     }
                                 ]
                },
    "Temps":  {
                  "ACPI_MaxC":  29.9,
                  "Disk_MaxC":  null,
                  "MaxC":  50,
                  "LibreHW":  {
                                  "CPU":  {
                                              "ValueC":  50,
                                              "Display":  "50,0 °C"
                                          },
                                  "GPU":  {
                                              "ValueC":  null,
                                              "Display":  "N/A"
                                          },
                                  "RAM":  {
                                              "ValueC":  null,
                                              "Display":  "N/A"
                                          },
                                  "Storage":  {
                                                  "ValueC":  30,
                                                  "Display":  "30,0 °C"
                                              },
                                  "Mainboard":  {
                                                    "ValueC":  null,
                                                    "Display":  "N/A"
                                                },
                                  "Chipset":  {
                                                  "ValueC":  null,
                                                  "Display":  "N/A"
                                              },
                                  "Sensors":  [
                                                  {
                                                      "HardwareName":  "Intel Core i3-7100",
                                                      "HardwareType":  "Cpu",
                                                      "SensorName":  "CPU Package",
                                                      "SensorId":  "/intelcpu/0/temperature/4",
                                                      "ValueC":  50,
                                                      "MinC":  47,
                                                      "MaxC":  50
                                                  },
                                                  {
                                                      "HardwareName":  "KINGSTON SA400S37240G",
                                                      "HardwareType":  "Storage",
                                                      "SensorName":  "Temperature",
                                                      "SensorId":  "/hdd/0/temperature/0",
                                                      "ValueC":  30,
                                                      "MinC":  30,
                                                      "MaxC":  30
                                                  }
                                              ]
                              }
              },
    "Processes":  [
                      {
                          "Name":  "msedgewebview2",
                          "ID":  11220,
                          "CPU":  178.31,
                          "MemoryMB":  427.86,
                          "Path":  "C:\\Program Files (x86)\\Microsoft\\EdgeWebView\\Application\\143.0.3650.96\\msedgewebview2.exe",
                          "StartTime":  "\/Date(1767181626778)\/"
                      },
                      {
                          "Name":  "PCSIS1756",
                          "ID":  2736,
                          "CPU":  162.97,
                          "MemoryMB":  84.8,
                          "Path":  "C:\\Winthor\\Spool\\Executaveis\\PCSIS1756.EXE",
                          "StartTime":  "\/Date(1767182117924)\/"
                      },
                      {
                          "Name":  "msedgewebview2",
                          "ID":  12000,
                          "CPU":  146.16,
                          "MemoryMB":  443.94,
                          "Path":  "C:\\Program Files (x86)\\Microsoft\\EdgeWebView\\Application\\143.0.3650.96\\msedgewebview2.exe",
                          "StartTime":  "\/Date(1767181630845)\/"
                      },
                      {
                          "Name":  "msedgewebview2",
                          "ID":  7552,
                          "CPU":  123.22,
                          "MemoryMB":  178.85,
                          "Path":  "C:\\Program Files (x86)\\Microsoft\\EdgeWebView\\Application\\143.0.3650.96\\msedgewebview2.exe",
                          "StartTime":  "\/Date(1767181623823)\/"
                      },
                      {
                          "Name":  "dwm",
                          "ID":  1640,
                          "CPU":  82.48,
                          "MemoryMB":  110.71,
                          "Path":  "C:\\WINDOWS\\system32\\dwm.exe",
                          "StartTime":  "\/Date(1767181481736)\/"
                      },
                      {
                          "Name":  "explorer",
                          "ID":  2300,
                          "CPU":  65.55,
                          "MemoryMB":  159.7,
                          "Path":  "C:\\WINDOWS\\Explorer.EXE",
                          "StartTime":  "\/Date(1767181600113)\/"
                      },
                      {
                          "Name":  "System",
                          "ID":  4,
                          "CPU":  58.19,
                          "MemoryMB":  4.43,
                          "Path":  null,
                          "StartTime":  "\/Date(1767181475655)\/"
                      },
                      {
                          "Name":  "EPSecurityService",
                          "ID":  3960,
                          "CPU":  47.97,
                          "MemoryMB":  642.78,
                          "Path":  "C:\\Program Files\\Bitdefender\\Endpoint Security\\EPSecurityService.exe",
                          "StartTime":  "\/Date(1767181486905)\/"
                      },
                      {
                          "Name":  "msedgewebview2",
                          "ID":  10372,
                          "CPU":  39.98,
                          "MemoryMB":  71.05,
                          "Path":  "C:\\Program Files (x86)\\Microsoft\\EdgeWebView\\Application\\143.0.3650.96\\msedgewebview2.exe",
                          "StartTime":  "\/Date(1767181625556)\/"
                      },
                      {
                          "Name":  "PCSIS1710",
                          "ID":  13060,
                          "CPU":  31.78,
                          "MemoryMB":  90.8,
                          "Path":  "C:\\Winthor\\Spool\\Executaveis\\PCSIS1710.EXE",
                          "StartTime":  "\/Date(1767181944315)\/"
                      },
                      {
                          "Name":  "WhatsApp.Root",
                          "ID":  1932,
                          "CPU":  29.28,
                          "MemoryMB":  232.79,
                          "Path":  "C:\\Program Files\\WindowsApps\\5319275A.WhatsAppDesktop_2.2587.9.0_x64__cv1g1gvanyjgm\\WhatsApp.Root.exe",
                          "StartTime":  "\/Date(1767181619998)\/"
                      },
                      {
                          "Name":  "chrome",
                          "ID":  11496,
                          "CPU":  21.88,
                          "MemoryMB":  180.54,
                          "Path":  "C:\\Program Files\\Google\\Chrome\\Application\\chrome.exe",
                          "StartTime":  "\/Date(1767181843834)\/"
                      },
                      {
                          "Name":  "chrome",
                          "ID":  12396,
                          "CPU":  20.16,
                          "MemoryMB":  100.02,
                          "Path":  "C:\\Program Files\\Google\\Chrome\\Application\\chrome.exe",
                          "StartTime":  "\/Date(1767181845353)\/"
                      },
                      {
                          "Name":  "msedgewebview2",
                          "ID":  11000,
                          "CPU":  19.84,
                          "MemoryMB":  74.98,
                          "Path":  "C:\\Program Files (x86)\\Microsoft\\EdgeWebView\\Application\\143.0.3650.96\\msedgewebview2.exe",
                          "StartTime":  "\/Date(1767181626468)\/"
                      },
                      {
                          "Name":  "msedgewebview2",
                          "ID":  10700,
                          "CPU":  19.47,
                          "MemoryMB":  79.93,
                          "Path":  "C:\\Program Files (x86)\\Microsoft\\EdgeWebView\\Application\\143.0.3650.96\\msedgewebview2.exe",
                          "StartTime":  "\/Date(1767181626195)\/"
                      }
                  ],
    "Services":  [
                     {
                         "Name":  "DHCP",
                         "DisplayName":  "Cliente DHCP",
                         "Status":  4,
                         "StartType":  "Auto"
                     },
                     {
                         "Name":  "EventLog",
                         "DisplayName":  "Registo de Eventos do Windows",
                         "Status":  4,
                         "StartType":  "Auto"
                     },
                     {
                         "Name":  "LanmanServer",
                         "DisplayName":  "Servidor",
                         "Status":  4,
                         "StartType":  "Auto"
                     },
                     {
                         "Name":  "LanmanWorkstation",
                         "DisplayName":  "Estação de trabalho",
                         "Status":  4,
                         "StartType":  "Auto"
                     },
                     {
                         "Name":  "Spooler",
                         "DisplayName":  "Spooler de Impressão",
                         "Status":  4,
                         "StartType":  "Auto"
                     },
                     {
                         "Name":  "WinRM",
                         "DisplayName":  "Gestão Remota do Windows (WS-Management)",
                         "Status":  1,
                         "StartType":  "Manual"
                     }
                 ],
    "Software":  [
                     {
                         "Name":  "Adobe Acrobat (64-bit)",
                         "Version":  "25.001.20997",
                         "Publisher":  "Adobe",
                         "InstallDate":  "20251211",
                         "SizeMB":  1169.56
                     },
                     {
                         "Name":  "Bitdefender Endpoint Security Tools",
                         "Version":  "7.9.29.589",
                         "Publisher":  "Bitdefender",
                         "InstallDate":  "20240426",
                         "SizeMB":  862.35
                     },
                     {
                         "Name":  "LibreOffice 7.0.4.2",
                         "Version":  "7.0.4.2",
                         "Publisher":  "The Document Foundation",
                         "InstallDate":  "20220715",
                         "SizeMB":  671.28
                     },
                     {
                         "Name":  "Asian Language And Spelling Dictionaries Support For Adobe Acrobat Reader",
                         "Version":  "23.008.20421",
                         "Publisher":  "Adobe Systems Incorporated",
                         "InstallDate":  "20240826",
                         "SizeMB":  182.02
                     },
                     {
                         "Name":  "Java 8 Update 251",
                         "Version":  "8.0.2510.8",
                         "Publisher":  "Oracle Corporation",
                         "InstallDate":  "20220816",
                         "SizeMB":  104.25
                     },
                     {
                         "Name":  "Microsoft Teams Meeting Add-in for Microsoft Office",
                         "Version":  "1.25.18202",
                         "Publisher":  "Microsoft",
                         "InstallDate":  "20250725",
                         "SizeMB":  98.14
                     },
                     {
                         "Name":  "NetSupport Manager",
                         "Version":  "11.30.0000",
                         "Publisher":  "NetSupport Ltd",
                         "InstallDate":  "20220714",
                         "SizeMB":  41.77
                     },
                     {
                         "Name":  "Microsoft Visual C++ 2015-2019 Redistributable (x86) - 14.28.29325",
                         "Version":  "14.28.29325.2",
                         "Publisher":  "Microsoft Corporation",
                         "InstallDate":  null,
                         "SizeMB":  19.89
                     },
                     {
                         "Name":  "Scan To",
                         "Version":  "2.0.1",
                         "Publisher":  "HP",
                         "InstallDate":  "20250221",
                         "SizeMB":  18.04
                     },
                     {
                         "Name":  "Microsoft Visual C++ 2013 Redistributable (x86) - 12.0.30501",
                         "Version":  "12.0.30501.0",
                         "Publisher":  "Microsoft Corporation",
                         "InstallDate":  null,
                         "SizeMB":  17.19
                     },
                     {
                         "Name":  "Tactical RMM Agent",
                         "Version":  "2.9.1",
                         "Publisher":  "AmidaWare Inc",
                         "InstallDate":  "20250508",
                         "SizeMB":  12.56
                     },
                     {
                         "Name":  "Microsoft Visual C++ 2019 X86 Additional Runtime - 14.28.29325",
                         "Version":  "14.28.29325",
                         "Publisher":  "Microsoft Corporation",
                         "InstallDate":  "20251004",
                         "SizeMB":  10.18
                     },
                     {
                         "Name":  "Microsoft Visual C++ 2013 x86 Additional Runtime - 12.0.21005",
                         "Version":  "12.0.21005",
                         "Publisher":  "Microsoft Corporation",
                         "InstallDate":  "20220715",
                         "SizeMB":  9.23
                     },
                     {
                         "Name":  "Microsoft Visual C++ 2005 Redistributable (x64)",
                         "Version":  "8.0.50727.42",
                         "Publisher":  "Microsoft Corporation",
                         "InstallDate":  "20250221",
                         "SizeMB":  7.1
                     },
                     {
                         "Name":  "MarketResearch",
                         "Version":  "130.0.374.000",
                         "Publisher":  "Hewlett-Packard",
                         "InstallDate":  "20250221",
                         "SizeMB":  7.1
                     },
                     {
                         "Name":  "Assistente de Atualização do Windows 10",
                         "Version":  "1.4.19041.2183",
                         "Publisher":  "Microsoft Corporation",
                         "InstallDate":  null,
                         "SizeMB":  5
                     },
                     {
                         "Name":  "Microsoft Visual C++ 2005 Redistributable",
                         "Version":  "8.0.56336",
                         "Publisher":  "Microsoft Corporation",
                         "InstallDate":  "20250221",
                         "SizeMB":  5
                     },
                     {
                         "Name":  "Mesh Agent",
                         "Version":  "2025-03-06 17:44:07.000-04:00",
                         "Publisher":  null,
                         "InstallDate":  null,
                         "SizeMB":  3.29
                     },
                     {
                         "Name":  "Microsoft Visual C++ 2013 x86 Minimum Runtime - 12.0.21005",
                         "Version":  "12.0.21005",
                         "Publisher":  "Microsoft Corporation",
                         "InstallDate":  "20220715",
                         "SizeMB":  2.03
                     },
                     {
                         "Name":  "Adobe Refresh Manager",
                         "Version":  "1.8.0",
                         "Publisher":  "Adobe Systems Incorporated",
                         "InstallDate":  "20250905",
                         "SizeMB":  2.02
                     }
                 ],
    "EventLogs":  [
                      {
                          "TimeCreated":  "\/Date(1767181783556)\/",
                          "LogName":  "System",
                          "Level":  "Erro",
                          "Provider":  "Microsoft-Windows-TPM-WMI",
                          "Message":  "Secure Boot CA/keys need to be updated. This device signature information is included here.\r\nDeviceAttributes: FirmwareVersion:M16KT60A;OEMManufacturerName:LENOVO;OEMModelSKU:LENOVO_MT_10NN_BU_Lenovo_",
                          "EventID":  1801
                      },
                      {
                          "TimeCreated":  "\/Date(1767181616605)\/",
                          "LogName":  "System",
                          "Level":  "Erro",
                          "Provider":  "Service Control Manager",
                          "Message":  "O serviço Serviço do Google Update (gupdate) falhou o arranque devido ao seguinte erro: \r\nO serviço não respondeu ao pedido de início ou controlo atempadamente.\r\n",
                          "EventID":  7000
                      },
                      {
                          "TimeCreated":  "\/Date(1767181616605)\/",
                          "LogName":  "System",
                          "Level":  "Erro",
                          "Provider":  "Service Control Manager",
                          "Message":  "Foi atingido o tempo limite (30000 milissegundos) ao aguardar pela ligação do serviço Serviço do Google Update (gupdate).\r\n",
                          "EventID":  7009
                      },
                      {
                          "TimeCreated":  "\/Date(1767181478072)\/",
                          "LogName":  "System",
                          "Level":  "Erro",
                          "Provider":  "TPM",
                          "Message":  "O controlador de dispositivo do TPM (Trusted Platform Module) encontrou um erro irrecuperável no hardware de TPM, o que impede a utilização de serviços TPM (como a encriptação de dados). Para mais ass",
                          "EventID":  15
                      },
                      {
                          "TimeCreated":  "\/Date(1767181475653)\/",
                          "LogName":  "System",
                          "Level":  "Crítico",
                          "Provider":  "Microsoft-Windows-Kernel-Power",
                          "Message":  "O sistema foi reiniciado sem primeiro ter sido encerrado de forma correta. Este erro pode ter ocorrido porque o sistema parou de responder, sofreu uma falha ou ficou sem energia inesperadamente.\r\n",
                          "EventID":  41
                      },
                      {
                          "TimeCreated":  "\/Date(1767181482190)\/",
                          "LogName":  "System",
                          "Level":  "Erro",
                          "Provider":  "EventLog",
                          "Message":  "O anterior encerramento do sistema, ‎30/‎12/‎2025 às 20:31:38, foi inesperado.\r\n",
                          "EventID":  6008
                      }
                  ],
    "Security":  {
                     "Firewall":  [
                                      {
                                          "Profile":  "Domain",
                                          "Enabled":  1,
                                          "DefaultIn":  4,
                                          "DefaultOut":  2
                                      },
                                      {
                                          "Profile":  "Private",
                                          "Enabled":  1,
                                          "DefaultIn":  4,
                                          "DefaultOut":  2
                                      },
                                      {
                                          "Profile":  "Public",
                                          "Enabled":  1,
                                          "DefaultIn":  4,
                                          "DefaultOut":  2
                                      }
                                  ],
                     "Antivirus":  [
                                       {
                                           "Name":  "Bitdefender Endpoint Security Tools Anti-malware",
                                           "State":  "Ativo",
                                           "Updated":  "Atualizado"
                                       },
                                       {
                                           "Name":  "Windows Defender",
                                           "State":  "Inativo",
                                           "Updated":  "Desatualizado"
                                       },
                                       {
                                           "Name":  "Kaspersky Endpoint Security for Windows",
                                           "State":  "Ativo",
                                           "Updated":  "Atualizado"
                                       }
                                   ]
                 }
}
