{
    "Hostname":  "SPA-PONTO",
    "TimestampUtc":  "2025-12-31T12:30:37.6112593Z",
    "Status":  "Crítico",
    "IssuesWarn":  [
                       "Processos com alto uso de CPU"
                   ],
    "IssuesCrit":  [
                       "Pouco espaço em disco"
                   ],
    "CollectionMode":  "Completo",
    "ScriptVersion":  "2.4",
    "OS":  {
               "Caption":  "Microsoft Windows 10 Pro",
               "Version":  "10.0.19045",
               "Build":  "19045",
               "Architecture":  "64 bits",
               "InstallDate":  "\/Date(1724427774000)\/",
               "LastBoot":  "\/Date(1765898364500)\/",
               "Uptime":  "14d 21h 11m"
           },
    "Computer":  {
                     "Manufacturer":  "QEMU",
                     "Model":  "Standard PC (i440FX + PIIX, 1996)",
                     "Family":  null,
                     "Domain":  "brasildis.lan",
                     "Serial":  null,
                     "User":  "BRASILDIST\\ponto"
                 },
    "BIOS":  {
                 "Vendor":  "SeaBIOS",
                 "Version":  "rel-1.16.3-0-ga6ed6b701f0a-prebuilt.qemu.org",
                 "ReleaseDate":  "\/Date(1396310400000)\/"
             },
    "BaseBoard":  {
                      "Manufacturer":  null,
                      "Product":  null,
                      "Serial":  null
                  },
    "CPU":  {
                "Name":  "Common KVM processor",
                "Cores":  2,
                "Logical":  2,
                "MaxClockMHz":  2394,
                "ProcessorId":  "078BFBFF00000F61"
            },
    "GPU":  {
                "Name":  "Microsoft Basic Display Adapter",
                "DriverVersion":  "10.0.19041.3636",
                "DriverDate":  "\/Date(1150848000000)\/",
                "VRAM_GB":  null,
                "Resolution":  "1280x800",
                "RefreshRate":  "1Hz",
                "MaxRefreshRate":  "64Hz"
            },
    "Monitor":  {
                    "Count":  0,
                    "Monitors":  [

                                 ],
                    "WinFormsScreens":  [

                                        ]
                },
    "RAM":  {
                "TotalGB":  10,
                "FreeGB":  5.63,
                "FreePercent":  56.3,
                "Modules":  [
                                {
                                    "Bank":  "",
                                    "Slot":  "DIMM 0",
                                    "Manuf":  "QEMU",
                                    "Part":  null,
                                    "Serial":  null,
                                    "CapacityGB":  10,
                                    "SpeedMHz":  null,
                                    "ConfClk":  0,
                                    "Form":  8,
                                    "SMBIOSType":  7,
                                    "Voltage":  0,
                                    "Min_Voltage":  0,
                                    "Max_Voltage":  0
                                }
                            ]
            },
    "Storage":  {
                    "Volumes":  [
                                    {
                                        "DriveLetter":  "C",
                                        "Label":  "",
                                        "FileSystem":  "NTFS",
                                        "SizeGB":  142.89,
                                        "FreeGB":  86.53,
                                        "FreePercent":  60.6,
                                        "Health":  "Healthy"
                                    },
                                    {
                                        "DriveLetter":  "E",
                                        "Label":  "virtio-win-0.1.1",
                                        "FileSystem":  "CDFS",
                                        "SizeGB":  0.37,
                                        "FreeGB":  0,
                                        "FreePercent":  0,
                                        "Health":  "Healthy"
                                    },
                                    {
                                        "DriveLetter":  "D",
                                        "Label":  "virtio-win-0.1.1",
                                        "FileSystem":  "CDFS",
                                        "SizeGB":  0.37,
                                        "FreeGB":  0,
                                        "FreePercent":  0,
                                        "Health":  "Healthy"
                                    }
                                ],
                    "Disks":  [
                                  {
                                      "Model":  "QEMU QEMU HARDDISK",
                                      "Serial":  null,
                                      "Media":  "SSD",
                                      "Bus":  "SAS",
                                      "Type":  "SSD",
                                      "SizeGB":  144,
                                      "Health":  "Healthy",
                                      "OpStatus":  "OK",
                                      "Spindle":  0
                                  }
                              ]
                },
    "Network":  {
                    "IPv4":  [
                                 "192.168.16.137"
                             ],
                    "MACs":  [
                                 "BC:24:11:58:66:00"
                             ],
                    "Adapters":  [
                                     {
                                         "Name":  "Ethernet",
                                         "Status":  "Up",
                                         "MAC":  "BC-24-11-58-66-00",
                                         "IPv4":  [
                                                      "192.168.16.137"
                                                  ],
                                         "Speed":  "100 Gbps"
                                     }
                                 ]
                },
    "Temps":  {
                  "ACPI_MaxC":  null,
                  "Disk_MaxC":  null,
                  "MaxC":  null,
                  "LibreHW":  {
                                  "CPU":  {
                                              "ValueC":  null,
                                              "Display":  "N/A"
                                          },
                                  "GPU":  {
                                              "ValueC":  null,
                                              "Display":  "N/A"
                                          },
                                  "RAM":  {
                                              "ValueC":  null,
                                              "Display":  "N/A"
                                          },
                                  "Storage":  {
                                                  "ValueC":  null,
                                                  "Display":  "N/A"
                                              },
                                  "Mainboard":  {
                                                    "ValueC":  null,
                                                    "Display":  "N/A"
                                                },
                                  "Chipset":  {
                                                  "ValueC":  null,
                                                  "Display":  "N/A"
                                              },
                                  "Sensors":  [

                                              ]
                              }
              },
    "Processes":  [
                      {
                          "Name":  "fbserver",
                          "ID":  3196,
                          "CPU":  69637.08,
                          "MemoryMB":  51.54,
                          "Path":  "C:\\Program Files (x86)\\Firebird\\Firebird_2_5\\bin\\fbserver.exe",
                          "StartTime":  "\/Date(1765898379710)\/"
                      },
                      {
                          "Name":  "EPSecurityService",
                          "ID":  3528,
                          "CPU":  34517.33,
                          "MemoryMB":  830.88,
                          "Path":  "C:\\Program Files\\Bitdefender\\Endpoint Security\\EPSecurityService.exe",
                          "StartTime":  "\/Date(1765898379193)\/"
                      },
                      {
                          "Name":  "svchost",
                          "ID":  2996,
                          "CPU":  14654.14,
                          "MemoryMB":  36.19,
                          "Path":  "C:\\WINDOWS\\system32\\svchost.exe",
                          "StartTime":  "\/Date(1765898378746)\/"
                      },
                      {
                          "Name":  "System",
                          "ID":  4,
                          "CPU":  12987.58,
                          "MemoryMB":  18.48,
                          "Path":  null,
                          "StartTime":  "\/Date(1765898369047)\/"
                      },
                      {
                          "Name":  "WmiPrvSE",
                          "ID":  5488,
                          "CPU":  6991.25,
                          "MemoryMB":  56.31,
                          "Path":  "C:\\WINDOWS\\system32\\wbem\\wmiprvse.exe",
                          "StartTime":  "\/Date(1765898384835)\/"
                      },
                      {
                          "Name":  "svchost",
                          "ID":  828,
                          "CPU":  3932.42,
                          "MemoryMB":  108.5,
                          "Path":  "C:\\WINDOWS\\system32\\svchost.exe",
                          "StartTime":  "\/Date(1765898376764)\/"
                      },
                      {
                          "Name":  "svchost",
                          "ID":  3436,
                          "CPU":  3597.08,
                          "MemoryMB":  65.63,
                          "Path":  "C:\\WINDOWS\\System32\\svchost.exe",
                          "StartTime":  "\/Date(1765898379122)\/"
                      },
                      {
                          "Name":  "WmiPrvSE",
                          "ID":  7084,
                          "CPU":  3471.25,
                          "MemoryMB":  19.31,
                          "Path":  "C:\\WINDOWS\\system32\\wbem\\wmiprvse.exe",
                          "StartTime":  "\/Date(1765898395198)\/"
                      },
                      {
                          "Name":  "svchost",
                          "ID":  1400,
                          "CPU":  3291,
                          "MemoryMB":  14.99,
                          "Path":  "C:\\WINDOWS\\system32\\svchost.exe",
                          "StartTime":  "\/Date(1765898377993)\/"
                      },
                      {
                          "Name":  "tacticalrmm",
                          "ID":  3788,
                          "CPU":  2371.92,
                          "MemoryMB":  144.05,
                          "Path":  "C:\\Program Files\\TacticalAgent\\tacticalrmm.exe",
                          "StartTime":  "\/Date(1765898379352)\/"
                      },
                      {
                          "Name":  "services",
                          "ID":  960,
                          "CPU":  1966.09,
                          "MemoryMB":  19.98,
                          "Path":  null,
                          "StartTime":  "\/Date(1765898375962)\/"
                      },
                      {
                          "Name":  "svchost",
                          "ID":  5432,
                          "CPU":  1957.69,
                          "MemoryMB":  29.3,
                          "Path":  null,
                          "StartTime":  "\/Date(1765898384793)\/"
                      },
                      {
                          "Name":  "EPIntegrationService",
                          "ID":  3448,
                          "CPU":  1330.03,
                          "MemoryMB":  65.79,
                          "Path":  "C:\\Program Files\\Bitdefender\\Endpoint Security\\EPIntegrationService.exe",
                          "StartTime":  "\/Date(1765898379137)\/"
                      },
                      {
                          "Name":  "lsass",
                          "ID":  968,
                          "CPU":  1038.2,
                          "MemoryMB":  30.32,
                          "Path":  null,
                          "StartTime":  "\/Date(1765898376059)\/"
                      },
                      {
                          "Name":  "blnsvr",
                          "ID":  3344,
                          "CPU":  912.34,
                          "MemoryMB":  18.52,
                          "Path":  "C:\\Program Files\\KvmBallon\\blnsvr.exe",
                          "StartTime":  "\/Date(1765898379065)\/"
                      }
                  ],
    "Services":  [
                     {
                         "Name":  "DHCP",
                         "DisplayName":  "Cliente DHCP",
                         "Status":  4,
                         "StartType":  "Auto"
                     },
                     {
                         "Name":  "EventLog",
                         "DisplayName":  "Log de Eventos do Windows",
                         "Status":  4,
                         "StartType":  "Auto"
                     },
                     {
                         "Name":  "LanmanServer",
                         "DisplayName":  "Server",
                         "Status":  4,
                         "StartType":  "Auto"
                     },
                     {
                         "Name":  "LanmanWorkstation",
                         "DisplayName":  "Estação de trabalho",
                         "Status":  4,
                         "StartType":  "Auto"
                     },
                     {
                         "Name":  "Spooler",
                         "DisplayName":  "Spooler de Impressão",
                         "Status":  4,
                         "StartType":  "Auto"
                     },
                     {
                         "Name":  "WinRM",
                         "DisplayName":  "Windows Remote Management (WS-Management)",
                         "Status":  1,
                         "StartType":  "Manual"
                     }
                 ],
    "Software":  [
                     {
                         "Name":  "Bitdefender Endpoint Security Tools",
                         "Version":  "7.9.29.589",
                         "Publisher":  "Bitdefender",
                         "InstallDate":  "20250308",
                         "SizeMB":  1011.79
                     },
                     {
                         "Name":  "Foxit Reader",
                         "Version":  "9.7.0.29455",
                         "Publisher":  "Foxit Software Inc.",
                         "InstallDate":  "20191119",
                         "SizeMB":  329.65
                     },
                     {
                         "Name":  "Mozilla Firefox 70.0.1 (x64 pt-BR)",
                         "Version":  "70.0.1",
                         "Publisher":  "Mozilla",
                         "InstallDate":  null,
                         "SizeMB":  196.27
                     },
                     {
                         "Name":  "SDK Inner Rep",
                         "Version":  "4.4.106",
                         "Publisher":  "Topdata",
                         "InstallDate":  "20240823",
                         "SizeMB":  108.83
                     },
                     {
                         "Name":  "Google Chrome",
                         "Version":  "130.0.6723.92",
                         "Publisher":  "Google LLC",
                         "InstallDate":  "20191119",
                         "SizeMB":  57.36
                     },
                     {
                         "Name":  "VPN",
                         "Version":  "15.9.9.0",
                         "Publisher":  "VPN",
                         "InstallDate":  "20240829",
                         "SizeMB":  22.57
                     },
                     {
                         "Name":  "Notepad++ (32-bit x86)",
                         "Version":  "8.7.5",
                         "Publisher":  "Notepad++ Team",
                         "InstallDate":  null,
                         "SizeMB":  17.5
                     },
                     {
                         "Name":  "Tactical RMM Agent",
                         "Version":  "2.9.1",
                         "Publisher":  "AmidaWare Inc",
                         "InstallDate":  "20250514",
                         "SizeMB":  12.56
                     },
                     {
                         "Name":  "7-Zip 19.00 (x64)",
                         "Version":  "19.00",
                         "Publisher":  "Igor Pavlov",
                         "InstallDate":  null,
                         "SizeMB":  4.96
                     },
                     {
                         "Name":  "QEMU guest agent",
                         "Version":  "100.0.0",
                         "Publisher":  "RedHat",
                         "InstallDate":  "20191119",
                         "SizeMB":  4.93
                     },
                     {
                         "Name":  "Mesh Agent",
                         "Version":  "2025-03-06 17:44:07.000-04:00",
                         "Publisher":  null,
                         "InstallDate":  null,
                         "SizeMB":  3.29
                     },
                     {
                         "Name":  "AnyDesk",
                         "Version":  "ad 9.0.9",
                         "Publisher":  "AnyDesk Software GmbH",
                         "InstallDate":  null,
                         "SizeMB":  2
                     },
                     {
                         "Name":  "MSI to redistribute MS VS2005 CRT libraries",
                         "Version":  "8.0.50727.42",
                         "Publisher":  "The Firebird Project",
                         "InstallDate":  "20240823",
                         "SizeMB":  1.58
                     },
                     {
                         "Name":  "Microsoft Update Health Tools",
                         "Version":  "3.74.0.0",
                         "Publisher":  "Microsoft Corporation",
                         "InstallDate":  "20241105",
                         "SizeMB":  1.03
                     },
                     {
                         "Name":  "Update for x64-based Windows Systems (KB5001716)",
                         "Version":  "8.94.0.0",
                         "Publisher":  "Microsoft Corporation",
                         "InstallDate":  "20250903",
                         "SizeMB":  0.84
                     },
                     {
                         "Name":  "Mozilla Maintenance Service",
                         "Version":  "70.0.1",
                         "Publisher":  "Mozilla",
                         "InstallDate":  null,
                         "SizeMB":  0.32
                     },
                     {
                         "Name":  "Google Update Helper",
                         "Version":  "1.3.35.341",
                         "Publisher":  "Google LLC",
                         "InstallDate":  "20191119",
                         "SizeMB":  0.04
                     },
                     {
                         "Name":  "CutePDF Writer",
                         "Version":  " 4.0",
                         "Publisher":  "Acro Software Inc.",
                         "InstallDate":  null,
                         "SizeMB":  null
                     },
                     {
                         "Name":  "Microsoft Edge",
                         "Version":  "143.0.3650.96",
                         "Publisher":  "Microsoft Corporation",
                         "InstallDate":  "20251219",
                         "SizeMB":  null
                     },
                     {
                         "Name":  "Defraggler",
                         "Version":  "2.22",
                         "Publisher":  "Piriform",
                         "InstallDate":  null,
                         "SizeMB":  null
                     }
                 ],
    "EventLogs":  [
                      {
                          "TimeCreated":  "\/Date(1767183750410)\/",
                          "LogName":  "System",
                          "Level":  "Erro",
                          "Provider":  "Microsoft-Windows-WindowsUpdateClient",
                          "Message":  "Falha na Instalação: o Windows não pôde instalar a seguinte atualização com o erro 0x8024200B: Atualização de inteligência de segurança para Microsoft Defender Antivirus - KB2267602 (versão 1.443.420.",
                          "EventID":  20
                      },
                      {
                          "TimeCreated":  "\/Date(1767183746660)\/",
                          "LogName":  "System",
                          "Level":  "Erro",
                          "Provider":  "Service Control Manager",
                          "Message":  "Não foi possível iniciar o serviço Serviço Microsoft Defender Antivírus devido ao seguinte erro: \r\nO sistema não pode encontrar o arquivo especificado.\r\n",
                          "EventID":  7000
                      },
                      {
                          "TimeCreated":  "\/Date(1767172985618)\/",
                          "LogName":  "System",
                          "Level":  "Erro",
                          "Provider":  "Microsoft-Windows-WindowsUpdateClient",
                          "Message":  "Falha na Instalação: o Windows não pôde instalar a seguinte atualização com o erro 0x8024200B: Atualização de inteligência de segurança para Microsoft Defender Antivirus - KB2267602 (versão 1.443.420.",
                          "EventID":  20
                      },
                      {
                          "TimeCreated":  "\/Date(1767172979711)\/",
                          "LogName":  "System",
                          "Level":  "Erro",
                          "Provider":  "Service Control Manager",
                          "Message":  "Não foi possível iniciar o serviço Serviço Microsoft Defender Antivírus devido ao seguinte erro: \r\nO sistema não pode encontrar o arquivo especificado.\r\n",
                          "EventID":  7000
                      },
                      {
                          "TimeCreated":  "\/Date(1767133346525)\/",
                          "LogName":  "System",
                          "Level":  "Erro",
                          "Provider":  "Microsoft-Windows-WindowsUpdateClient",
                          "Message":  "Falha na Instalação: o Windows não pôde instalar a seguinte atualização com o erro 0x8024200B: Atualização de inteligência de segurança para Microsoft Defender Antivirus - KB2267602 (versão 1.443.401.",
                          "EventID":  20
                      },
                      {
                          "TimeCreated":  "\/Date(1767133343329)\/",
                          "LogName":  "System",
                          "Level":  "Erro",
                          "Provider":  "Service Control Manager",
                          "Message":  "Não foi possível iniciar o serviço Serviço Microsoft Defender Antivírus devido ao seguinte erro: \r\nO sistema não pode encontrar o arquivo especificado.\r\n",
                          "EventID":  7000
                      },
                      {
                          "TimeCreated":  "\/Date(1767130356594)\/",
                          "LogName":  "Application",
                          "Level":  null,
                          "Provider":  "VNC Server",
                          "Message":  "",
                          "EventID":  256
                      },
                      {
                          "TimeCreated":  "\/Date(1767100945255)\/",
                          "LogName":  "System",
                          "Level":  "Erro",
                          "Provider":  "Microsoft-Windows-WindowsUpdateClient",
                          "Message":  "Falha na Instalação: o Windows não pôde instalar a seguinte atualização com o erro 0x8024200B: Atualização de inteligência de segurança para Microsoft Defender Antivirus - KB2267602 (versão 1.443.401.",
                          "EventID":  20
                      },
                      {
                          "TimeCreated":  "\/Date(1767100942046)\/",
                          "LogName":  "System",
                          "Level":  "Erro",
                          "Provider":  "Service Control Manager",
                          "Message":  "Não foi possível iniciar o serviço Serviço Microsoft Defender Antivírus devido ao seguinte erro: \r\nO sistema não pode encontrar o arquivo especificado.\r\n",
                          "EventID":  7000
                      }
                  ],
    "Security":  {
                     "Firewall":  [
                                      {
                                          "Profile":  "Domain",
                                          "Enabled":  1,
                                          "DefaultIn":  4,
                                          "DefaultOut":  2
                                      },
                                      {
                                          "Profile":  "Private",
                                          "Enabled":  1,
                                          "DefaultIn":  4,
                                          "DefaultOut":  2
                                      },
                                      {
                                          "Profile":  "Public",
                                          "Enabled":  1,
                                          "DefaultIn":  4,
                                          "DefaultOut":  2
                                      }
                                  ],
                     "Antivirus":  [
                                       {
                                           "Name":  "Bitdefender Endpoint Security Tools Anti-malware",
                                           "State":  "Ativo",
                                           "Updated":  "Atualizado"
                                       },
                                       {
                                           "Name":  "Windows Defender",
                                           "State":  "Inativo",
                                           "Updated":  "Desatualizado"
                                       }
                                   ]
                 }
}
