{
    "Hostname":  "SPA-PROD02",
    "TimestampUtc":  "2025-12-31T12:30:14.0684677Z",
    "Status":  "OK",
    "IssuesWarn":  [

                   ],
    "IssuesCrit":  [

                   ],
    "CollectionMode":  "Completo",
    "ScriptVersion":  "2.4",
    "OS":  {
               "Caption":  "Microsoft Windows 10 Pro",
               "Version":  "10.0.19045",
               "Build":  "19045",
               "Architecture":  "64 bits",
               "InstallDate":  "\/Date(1674316396000)\/",
               "LastBoot":  "\/Date(1767173478500)\/",
               "Uptime":  "0d 2h 58m"
           },
    "Computer":  {
                     "Manufacturer":  "LENOVO",
                     "Model":  "10NN001JBR",
                     "Family":  "V520S-08IKL",
                     "Domain":  "brasildis.lan",
                     "Serial":  "PE03PCPY",
                     "User":  "BRASILDIST\\producao"
                 },
    "BIOS":  {
                 "Vendor":  "LENOVO",
                 "Version":  "M16KT60A",
                 "ReleaseDate":  "\/Date(1568678400000)\/"
             },
    "BaseBoard":  {
                      "Manufacturer":  "LENOVO",
                      "Product":  "3102",
                      "Serial":  "                    "
                  },
    "CPU":  {
                "Name":  "Intel(R) Core(TM) i3-7100 CPU @ 3.90GHz",
                "Cores":  2,
                "Logical":  4,
                "MaxClockMHz":  3912,
                "ProcessorId":  "BFEBFBFF000906E9"
            },
    "GPU":  {
                "Name":  "Intel(R) HD Graphics 630",
                "DriverVersion":  "26.20.100.7986",
                "DriverDate":  "\/Date(1583712000000)\/",
                "VRAM_GB":  1,
                "Resolution":  "1600x900",
                "RefreshRate":  "59Hz",
                "MaxRefreshRate":  "75Hz"
            },
    "Monitor":  {
                    "Count":  1,
                    "Monitors":  [
                                     {
                                         "Manufacturer":  "STD",
                                         "Name":  "VGA",
                                         "Model":  "2022",
                                         "Serial":  "0",
                                         "Week":  23,
                                         "Year":  2022,
                                         "SizeInches":  20.1,
                                         "WidthCm":  45,
                                         "HeightCm":  24,
                                         "Input":  "Analógica",
                                         "InstanceName":  "DISPLAY\\STD2022\\4\u00262db56130\u00260\u0026UID200195_0",
                                         "DisplayName":  null,
                                         "WidthPx":  1600,
                                         "HeightPx":  900,
                                         "Resolution":  "1600x900",
                                         "CurrentHz":  null,
                                         "MaxHz":  null,
                                         "Primary":  true
                                     }
                                 ],
                    "WinFormsScreens":  [
                                            {
                                                "Index":  0,
                                                "Primary":  false,
                                                "WidthPx":  1600,
                                                "HeightPx":  900,
                                                "DeviceName":  null,
                                                "Resolution":  "1600x900"
                                            },
                                            {
                                                "Index":  1,
                                                "Primary":  false,
                                                "WidthPx":  1600,
                                                "HeightPx":  900,
                                                "DeviceName":  null,
                                                "Resolution":  "1600x900"
                                            },
                                            {
                                                "Index":  2,
                                                "Primary":  false,
                                                "WidthPx":  1600,
                                                "HeightPx":  900,
                                                "DeviceName":  null,
                                                "Resolution":  "1600x900"
                                            },
                                            {
                                                "Index":  3,
                                                "Primary":  false,
                                                "WidthPx":  1600,
                                                "HeightPx":  900,
                                                "DeviceName":  null,
                                                "Resolution":  "1600x900"
                                            },
                                            {
                                                "Index":  4,
                                                "Primary":  false,
                                                "WidthPx":  1280,
                                                "HeightPx":  1024,
                                                "DeviceName":  null,
                                                "Resolution":  "1280x1024"
                                            },
                                            {
                                                "Index":  5,
                                                "Primary":  false,
                                                "WidthPx":  1280,
                                                "HeightPx":  1024,
                                                "DeviceName":  null,
                                                "Resolution":  "1280x1024"
                                            }
                                        ]
                },
    "RAM":  {
                "TotalGB":  7.91,
                "FreeGB":  3.99,
                "FreePercent":  50.4,
                "Modules":  [
                                {
                                    "Bank":  "BANK 1",
                                    "Slot":  "ChannelA-DIMM1",
                                    "Manuf":  "0194",
                                    "Part":  "SF464128CK8I6GKSEG  ",
                                    "Serial":  "0430C04C",
                                    "CapacityGB":  4,
                                    "SpeedMHz":  2400,
                                    "ConfClk":  2400,
                                    "Form":  8,
                                    "SMBIOSType":  26,
                                    "Voltage":  1.2,
                                    "Min_Voltage":  1.2,
                                    "Max_Voltage":  1.2
                                },
                                {
                                    "Bank":  "BANK 3",
                                    "Slot":  "ChannelB-DIMM1",
                                    "Manuf":  "0194",
                                    "Part":  "SF464128CK8I6GKSEG  ",
                                    "Serial":  "04E95B0D",
                                    "CapacityGB":  4,
                                    "SpeedMHz":  2400,
                                    "ConfClk":  2400,
                                    "Form":  8,
                                    "SMBIOSType":  26,
                                    "Voltage":  1.2,
                                    "Min_Voltage":  1.2,
                                    "Max_Voltage":  1.2
                                }
                            ]
            },
    "Storage":  {
                    "Volumes":  [
                                    {
                                        "DriveLetter":  "C",
                                        "Label":  "",
                                        "FileSystem":  "NTFS",
                                        "SizeGB":  222.44,
                                        "FreeGB":  140.27,
                                        "FreePercent":  63.1,
                                        "Health":  "Healthy"
                                    }
                                ],
                    "Disks":  [
                                  {
                                      "Model":  "CT240BX500SSD1",
                                      "Serial":  "1928E18ECBB7",
                                      "Media":  "SSD",
                                      "Bus":  "SATA",
                                      "Type":  "SSD",
                                      "SizeGB":  223.57,
                                      "Health":  "Healthy",
                                      "OpStatus":  "OK",
                                      "Spindle":  0
                                  }
                              ]
                },
    "Network":  {
                    "IPv4":  [
                                 "192.168.17.75"
                             ],
                    "MACs":  [
                                 "64:1C:67:99:DD:CF"
                             ],
                    "Adapters":  [
                                     {
                                         "Name":  "Ethernet",
                                         "Status":  "Up",
                                         "MAC":  "64-1C-67-99-DD-CF",
                                         "IPv4":  [
                                                      "192.168.17.75"
                                                  ],
                                         "Speed":  "100 Mbps"
                                     }
                                 ]
                },
    "Temps":  {
                  "ACPI_MaxC":  29.9,
                  "Disk_MaxC":  null,
                  "MaxC":  44,
                  "LibreHW":  {
                                  "CPU":  {
                                              "ValueC":  44,
                                              "Display":  "44,0 °C"
                                          },
                                  "GPU":  {
                                              "ValueC":  null,
                                              "Display":  "N/A"
                                          },
                                  "RAM":  {
                                              "ValueC":  null,
                                              "Display":  "N/A"
                                          },
                                  "Storage":  {
                                                  "ValueC":  29,
                                                  "Display":  "29,0 °C"
                                              },
                                  "Mainboard":  {
                                                    "ValueC":  null,
                                                    "Display":  "N/A"
                                                },
                                  "Chipset":  {
                                                  "ValueC":  null,
                                                  "Display":  "N/A"
                                              },
                                  "Sensors":  [
                                                  {
                                                      "HardwareName":  "Intel Core i3-7100",
                                                      "HardwareType":  "Cpu",
                                                      "SensorName":  "CPU Package",
                                                      "SensorId":  "/intelcpu/0/temperature/4",
                                                      "ValueC":  44,
                                                      "MinC":  40,
                                                      "MaxC":  44
                                                  },
                                                  {
                                                      "HardwareName":  "CT240BX500SSD1",
                                                      "HardwareType":  "Storage",
                                                      "SensorName":  "Temperature",
                                                      "SensorId":  "/ssd/0/temperature/0",
                                                      "ValueC":  29,
                                                      "MinC":  29,
                                                      "MaxC":  29
                                                  }
                                              ]
                              }
              },
    "Processes":  [
                      {
                          "Name":  "EPSecurityService",
                          "ID":  3244,
                          "CPU":  53.75,
                          "MemoryMB":  503.41,
                          "Path":  "C:\\Program Files\\Bitdefender\\Endpoint Security\\EPSecurityService.exe",
                          "StartTime":  "\/Date(1767173483976)\/"
                      },
                      {
                          "Name":  "dwm",
                          "ID":  1636,
                          "CPU":  39.44,
                          "MemoryMB":  93.86,
                          "Path":  "C:\\WINDOWS\\system32\\dwm.exe",
                          "StartTime":  "\/Date(1767173482928)\/"
                      },
                      {
                          "Name":  "System",
                          "ID":  4,
                          "CPU":  36.58,
                          "MemoryMB":  3.58,
                          "Path":  null,
                          "StartTime":  "\/Date(1767173480182)\/"
                      },
                      {
                          "Name":  "PCSIS1118",
                          "ID":  9276,
                          "CPU":  30.05,
                          "MemoryMB":  66.15,
                          "Path":  "C:\\Winthor\\Spool\\Executaveis\\PCSIS1118.EXE",
                          "StartTime":  "\/Date(1767173830940)\/"
                      },
                      {
                          "Name":  "svchost",
                          "ID":  2192,
                          "CPU":  29.52,
                          "MemoryMB":  19.77,
                          "Path":  "C:\\WINDOWS\\system32\\svchost.exe",
                          "StartTime":  "\/Date(1767173483841)\/"
                      },
                      {
                          "Name":  "svchost",
                          "ID":  2836,
                          "CPU":  22.88,
                          "MemoryMB":  18.55,
                          "Path":  "C:\\WINDOWS\\system32\\svchost.exe",
                          "StartTime":  "\/Date(1767173483705)\/"
                      },
                      {
                          "Name":  "svchost",
                          "ID":  2296,
                          "CPU":  20.34,
                          "MemoryMB":  13.43,
                          "Path":  "C:\\WINDOWS\\System32\\svchost.exe",
                          "StartTime":  "\/Date(1767173610086)\/"
                      },
                      {
                          "Name":  "svchost",
                          "ID":  7428,
                          "CPU":  18.94,
                          "MemoryMB":  19.2,
                          "Path":  null,
                          "StartTime":  "\/Date(1767174608565)\/"
                      },
                      {
                          "Name":  "explorer",
                          "ID":  3732,
                          "CPU":  18.48,
                          "MemoryMB":  145.15,
                          "Path":  "C:\\WINDOWS\\Explorer.EXE",
                          "StartTime":  "\/Date(1767173744562)\/"
                      },
                      {
                          "Name":  "PCSIS1118",
                          "ID":  9028,
                          "CPU":  17.3,
                          "MemoryMB":  53.02,
                          "Path":  "C:\\Winthor\\Spool\\Executaveis\\PCSIS1118.EXE",
                          "StartTime":  "\/Date(1767173809629)\/"
                      },
                      {
                          "Name":  "svchost",
                          "ID":  1224,
                          "CPU":  15.34,
                          "MemoryMB":  14.2,
                          "Path":  "C:\\WINDOWS\\system32\\svchost.exe",
                          "StartTime":  "\/Date(1767173482663)\/"
                      },
                      {
                          "Name":  "soffice.bin",
                          "ID":  2992,
                          "CPU":  14.25,
                          "MemoryMB":  278.82,
                          "Path":  "C:\\Program Files\\LibreOffice\\program\\soffice.bin",
                          "StartTime":  "\/Date(1767183412174)\/"
                      },
                      {
                          "Name":  "tacticalrmm",
                          "ID":  3812,
                          "CPU":  14.19,
                          "MemoryMB":  25.73,
                          "Path":  "C:\\Program Files\\TacticalAgent\\tacticalrmm.exe",
                          "StartTime":  "\/Date(1767173484075)\/"
                      },
                      {
                          "Name":  "PCSIS1118",
                          "ID":  8884,
                          "CPU":  11.36,
                          "MemoryMB":  52.19,
                          "Path":  "C:\\Winthor\\Spool\\Executaveis\\PCSIS1118.EXE",
                          "StartTime":  "\/Date(1767173823636)\/"
                      },
                      {
                          "Name":  "PCINF000",
                          "ID":  9540,
                          "CPU":  9.72,
                          "MemoryMB":  81.5,
                          "Path":  "C:\\WinThor\\Spool\\Executaveis\\45FB528F0AD05BCC56680F4DFFDED1EC\\PCINF000.exe",
                          "StartTime":  "\/Date(1767173764575)\/"
                      }
                  ],
    "Services":  [
                     {
                         "Name":  "DHCP",
                         "DisplayName":  "Cliente DHCP",
                         "Status":  4,
                         "StartType":  "Auto"
                     },
                     {
                         "Name":  "EventLog",
                         "DisplayName":  "Log de Eventos do Windows",
                         "Status":  4,
                         "StartType":  "Auto"
                     },
                     {
                         "Name":  "LanmanServer",
                         "DisplayName":  "Server",
                         "Status":  4,
                         "StartType":  "Auto"
                     },
                     {
                         "Name":  "LanmanWorkstation",
                         "DisplayName":  "Estação de trabalho",
                         "Status":  4,
                         "StartType":  "Auto"
                     },
                     {
                         "Name":  "Spooler",
                         "DisplayName":  "Spooler de Impressão",
                         "Status":  4,
                         "StartType":  "Auto"
                     },
                     {
                         "Name":  "WinRM",
                         "DisplayName":  "Windows Remote Management (WS-Management)",
                         "Status":  1,
                         "StartType":  "Manual"
                     }
                 ],
    "Software":  [
                     {
                         "Name":  "Bitdefender Endpoint Security Tools",
                         "Version":  "7.9.29.589",
                         "Publisher":  "Bitdefender",
                         "InstallDate":  "20240820",
                         "SizeMB":  1225.09
                     },
                     {
                         "Name":  "Adobe Acrobat (64-bit)",
                         "Version":  "25.001.20997",
                         "Publisher":  "Adobe",
                         "InstallDate":  "20251210",
                         "SizeMB":  1169.56
                     },
                     {
                         "Name":  "LibreOffice 7.0.0.3",
                         "Version":  "7.0.0.3",
                         "Publisher":  "The Document Foundation",
                         "InstallDate":  "20200826",
                         "SizeMB":  670.13
                     },
                     {
                         "Name":  "Microsoft Windows Desktop Runtime - 8.0.14 (x86)",
                         "Version":  "8.0.14.34613",
                         "Publisher":  "Microsoft Corporation",
                         "InstallDate":  null,
                         "SizeMB":  201.68
                     },
                     {
                         "Name":  "Java 8 Update 251",
                         "Version":  "8.0.2510.8",
                         "Publisher":  "Oracle Corporation",
                         "InstallDate":  "20230111",
                         "SizeMB":  104.25
                     },
                     {
                         "Name":  "Microsoft .NET Runtime - 8.0.14 (x64)",
                         "Version":  "8.0.14.34611",
                         "Publisher":  "Microsoft Corporation",
                         "InstallDate":  null,
                         "SizeMB":  98.29
                     },
                     {
                         "Name":  "Microsoft .NET Core Runtime - 3.1.28 (x64)",
                         "Version":  "3.1.28.31513",
                         "Publisher":  "Microsoft Corporation",
                         "InstallDate":  null,
                         "SizeMB":  91.86
                     },
                     {
                         "Name":  "Microsoft Windows Desktop Runtime - 8.0.14 (x86)",
                         "Version":  "64.56.29521",
                         "Publisher":  "Microsoft Corporation",
                         "InstallDate":  "20250408",
                         "SizeMB":  84.66
                     },
                     {
                         "Name":  "Intel(R) Processor Graphics",
                         "Version":  "24.20.100.6286",
                         "Publisher":  "Intel Corporation",
                         "InstallDate":  null,
                         "SizeMB":  74.22
                     },
                     {
                         "Name":  "Microsoft .NET Runtime - 8.0.14 (x64)",
                         "Version":  "64.56.29490",
                         "Publisher":  "Microsoft Corporation",
                         "InstallDate":  "20250408",
                         "SizeMB":  70.25
                     },
                     {
                         "Name":  "Microsoft .NET Core Runtime - 3.1.28 (x64)",
                         "Version":  "24.112.31513",
                         "Publisher":  "Microsoft Corporation",
                         "InstallDate":  "20220822",
                         "SizeMB":  65.66
                     },
                     {
                         "Name":  "Microsoft .NET Runtime - 8.0.14 (x86)",
                         "Version":  "64.56.29490",
                         "Publisher":  "Microsoft Corporation",
                         "InstallDate":  "20250408",
                         "SizeMB":  64.75
                     },
                     {
                         "Name":  "Microsoft Teams Meeting Add-in for Microsoft Office",
                         "Version":  "1.25.14205",
                         "Publisher":  "Microsoft",
                         "InstallDate":  "20250611",
                         "SizeMB":  64.54
                     },
                     {
                         "Name":  "Microsoft ASP.NET Core 8.0.14 - Shared Framework (x86)",
                         "Version":  "8.0.14.25112",
                         "Publisher":  "Microsoft Corporation",
                         "InstallDate":  null,
                         "SizeMB":  34
                     },
                     {
                         "Name":  "Microsoft ASP.NET Core 8.0.14 Shared Framework (x86)",
                         "Version":  "8.0.14.25112",
                         "Publisher":  "Microsoft Corporation",
                         "InstallDate":  "20250408",
                         "SizeMB":  25.19
                     },
                     {
                         "Name":  "Microsoft Visual C++ 2015-2022 Redistributable (x64) - 14.32.31332",
                         "Version":  "14.32.31332.0",
                         "Publisher":  "Microsoft Corporation",
                         "InstallDate":  null,
                         "SizeMB":  20.19
                     },
                     {
                         "Name":  "Microsoft Visual C++ 2015-2022 Redistributable (x86) - 14.32.31332",
                         "Version":  "14.32.31332.0",
                         "Publisher":  "Microsoft Corporation",
                         "InstallDate":  null,
                         "SizeMB":  17.63
                     },
                     {
                         "Name":  "Microsoft Visual C++ 2013 Redistributable (x86) - 12.0.30501",
                         "Version":  "12.0.30501.0",
                         "Publisher":  "Microsoft Corporation",
                         "InstallDate":  null,
                         "SizeMB":  17.19
                     },
                     {
                         "Name":  "Microsoft Visual C++ 2010  x64 Redistributable - 10.0.40219",
                         "Version":  "10.0.40219",
                         "Publisher":  "Microsoft Corporation",
                         "InstallDate":  "20220509",
                         "SizeMB":  13.83
                     },
                     {
                         "Name":  "Tactical RMM Agent",
                         "Version":  "2.9.1",
                         "Publisher":  "AmidaWare Inc",
                         "InstallDate":  "20250508",
                         "SizeMB":  12.56
                     }
                 ],
    "EventLogs":  [
                      {
                          "TimeCreated":  "\/Date(1767183421854)\/",
                          "LogName":  "Application",
                          "Level":  "Erro",
                          "Provider":  "Application Error",
                          "Message":  "Nome do aplicativo com falha: E_YARNUNE.EXE, versão: 10.0.7.0, carimbo de data/hora: 0x5a55b2a0\r\nNome do módulo com falha: E_YGRCUNE.DLL, versão: 0.3.0.10, carimbo de data/hora: 0x549a13a8\r\nCódigo de ",
                          "EventID":  1000
                      },
                      {
                          "TimeCreated":  "\/Date(1767182513400)\/",
                          "LogName":  "Application",
                          "Level":  "Erro",
                          "Provider":  "Application Error",
                          "Message":  "Nome do aplicativo com falha: E_YARNUNE.EXE, versão: 10.0.7.0, carimbo de data/hora: 0x5a55b2a0\r\nNome do módulo com falha: E_YGRCUNE.DLL, versão: 0.3.0.10, carimbo de data/hora: 0x549a13a8\r\nCódigo de ",
                          "EventID":  1000
                      },
                      {
                          "TimeCreated":  "\/Date(1767182460786)\/",
                          "LogName":  "Application",
                          "Level":  "Erro",
                          "Provider":  "Application Error",
                          "Message":  "Nome do aplicativo com falha: E_YARNUNE.EXE, versão: 10.0.7.0, carimbo de data/hora: 0x5a55b2a0\r\nNome do módulo com falha: E_YGRCUNE.DLL, versão: 0.3.0.10, carimbo de data/hora: 0x549a13a8\r\nCódigo de ",
                          "EventID":  1000
                      },
                      {
                          "TimeCreated":  "\/Date(1767179205676)\/",
                          "LogName":  "Application",
                          "Level":  "Erro",
                          "Provider":  "Application Error",
                          "Message":  "Nome do aplicativo com falha: E_YARNUNE.EXE, versão: 10.0.7.0, carimbo de data/hora: 0x5a55b2a0\r\nNome do módulo com falha: E_YGRCUNE.DLL, versão: 0.3.0.10, carimbo de data/hora: 0x549a13a8\r\nCódigo de ",
                          "EventID":  1000
                      },
                      {
                          "TimeCreated":  "\/Date(1767178980376)\/",
                          "LogName":  "Application",
                          "Level":  "Erro",
                          "Provider":  "Application Error",
                          "Message":  "Nome do aplicativo com falha: E_YARNUNE.EXE, versão: 10.0.7.0, carimbo de data/hora: 0x5a55b2a0\r\nNome do módulo com falha: E_YGRCUNE.DLL, versão: 0.3.0.10, carimbo de data/hora: 0x549a13a8\r\nCódigo de ",
                          "EventID":  1000
                      },
                      {
                          "TimeCreated":  "\/Date(1767173785354)\/",
                          "LogName":  "System",
                          "Level":  "Erro",
                          "Provider":  "Microsoft-Windows-TPM-WMI",
                          "Message":  "As ca/chaves de inicialização segura precisam ser atualizadas. Estas informações de assinatura do dispositivo estão incluídas aqui.\r\nDeviceAttributes: FirmwareVersion:M16KT60A;OEMManufacturerName:LENO",
                          "EventID":  1801
                      },
                      {
                          "TimeCreated":  "\/Date(1767173609772)\/",
                          "LogName":  "System",
                          "Level":  "Erro",
                          "Provider":  "Service Control Manager",
                          "Message":  "Não foi possível iniciar o serviço Serviço do Google Update (gupdate) devido ao seguinte erro: \r\nO serviço não respondeu à requisição de início ou controle em tempo hábil.\r\n",
                          "EventID":  7000
                      },
                      {
                          "TimeCreated":  "\/Date(1767173609772)\/",
                          "LogName":  "System",
                          "Level":  "Erro",
                          "Provider":  "Service Control Manager",
                          "Message":  "Tempo limite esgotado (30000 milissegundos) ao aguardar a conexão do serviço Serviço do Google Update (gupdate).\r\n",
                          "EventID":  7009
                      },
                      {
                          "TimeCreated":  "\/Date(1767173480180)\/",
                          "LogName":  "System",
                          "Level":  "Nível Crítico",
                          "Provider":  "Microsoft-Windows-Kernel-Power",
                          "Message":  "O sistema foi reiniciado sem um desligamento correto primeiro. Esse erro pode ser causado quando o sistema para de responder, trava ou fica sem energia inesperadamente.\r\n",
                          "EventID":  41
                      },
                      {
                          "TimeCreated":  "\/Date(1767173482992)\/",
                          "LogName":  "System",
                          "Level":  "Erro",
                          "Provider":  "EventLog",
                          "Message":  "O desligamento do sistema que ocorreu às 20:34:44 do dia ‎30/‎12/‎2025 não era esperado.\r\n",
                          "EventID":  6008
                      },
                      {
                          "TimeCreated":  "\/Date(1767134644821)\/",
                          "LogName":  "Application",
                          "Level":  "Erro",
                          "Provider":  "Application Hang",
                          "Message":  "O programa PCSIS1118.EXE versão 36.0.4.23 parou de interagir com o Windows e foi fechado. Para ver se mais informações sobre o problema estão disponíveis, verifique o histórico de problemas no painel ",
                          "EventID":  1002
                      },
                      {
                          "TimeCreated":  "\/Date(1767128671979)\/",
                          "LogName":  "Application",
                          "Level":  "Erro",
                          "Provider":  "Application Error",
                          "Message":  "Nome do aplicativo com falha: E_YARNUNE.EXE, versão: 10.0.7.0, carimbo de data/hora: 0x5a55b2a0\r\nNome do módulo com falha: E_YGRCUNE.DLL, versão: 0.3.0.10, carimbo de data/hora: 0x549a13a8\r\nCódigo de ",
                          "EventID":  1000
                      },
                      {
                          "TimeCreated":  "\/Date(1767126856990)\/",
                          "LogName":  "Application",
                          "Level":  "Erro",
                          "Provider":  "Application Error",
                          "Message":  "Nome do aplicativo com falha: E_YARNUNE.EXE, versão: 10.0.7.0, carimbo de data/hora: 0x5a55b2a0\r\nNome do módulo com falha: E_YGRCUNE.DLL, versão: 0.3.0.10, carimbo de data/hora: 0x549a13a8\r\nCódigo de ",
                          "EventID":  1000
                      },
                      {
                          "TimeCreated":  "\/Date(1767124976101)\/",
                          "LogName":  "Application",
                          "Level":  "Erro",
                          "Provider":  "Application Error",
                          "Message":  "Nome do aplicativo com falha: E_YARNUNE.EXE, versão: 10.0.7.0, carimbo de data/hora: 0x5a55b2a0\r\nNome do módulo com falha: E_YGRCUNE.DLL, versão: 0.3.0.10, carimbo de data/hora: 0x549a13a8\r\nCódigo de ",
                          "EventID":  1000
                      },
                      {
                          "TimeCreated":  "\/Date(1767123846320)\/",
                          "LogName":  "Application",
                          "Level":  "Erro",
                          "Provider":  "Application Error",
                          "Message":  "Nome do aplicativo com falha: E_YARNUNE.EXE, versão: 10.0.7.0, carimbo de data/hora: 0x5a55b2a0\r\nNome do módulo com falha: E_YGRCUNE.DLL, versão: 0.3.0.10, carimbo de data/hora: 0x549a13a8\r\nCódigo de ",
                          "EventID":  1000
                      },
                      {
                          "TimeCreated":  "\/Date(1767119454450)\/",
                          "LogName":  "Application",
                          "Level":  "Erro",
                          "Provider":  "Application Error",
                          "Message":  "Nome do aplicativo com falha: E_YARNUNE.EXE, versão: 10.0.7.0, carimbo de data/hora: 0x5a55b2a0\r\nNome do módulo com falha: E_YGRCUNE.DLL, versão: 0.3.0.10, carimbo de data/hora: 0x549a13a8\r\nCódigo de ",
                          "EventID":  1000
                      },
                      {
                          "TimeCreated":  "\/Date(1767118245676)\/",
                          "LogName":  "Application",
                          "Level":  "Erro",
                          "Provider":  "Application Error",
                          "Message":  "Nome do aplicativo com falha: E_YARNUNE.EXE, versão: 10.0.7.0, carimbo de data/hora: 0x5a55b2a0\r\nNome do módulo com falha: E_YGRCUNE.DLL, versão: 0.3.0.10, carimbo de data/hora: 0x549a13a8\r\nCódigo de ",
                          "EventID":  1000
                      },
                      {
                          "TimeCreated":  "\/Date(1767118157246)\/",
                          "LogName":  "Application",
                          "Level":  "Erro",
                          "Provider":  "Application Error",
                          "Message":  "Nome do aplicativo com falha: E_YARNUNE.EXE, versão: 10.0.7.0, carimbo de data/hora: 0x5a55b2a0\r\nNome do módulo com falha: E_YGRCUNE.DLL, versão: 0.3.0.10, carimbo de data/hora: 0x549a13a8\r\nCódigo de ",
                          "EventID":  1000
                      },
                      {
                          "TimeCreated":  "\/Date(1767108710129)\/",
                          "LogName":  "Application",
                          "Level":  "Erro",
                          "Provider":  "Application Error",
                          "Message":  "Nome do aplicativo com falha: E_YARNUNE.EXE, versão: 10.0.7.0, carimbo de data/hora: 0x5a55b2a0\r\nNome do módulo com falha: E_YGRCUNE.DLL, versão: 0.3.0.10, carimbo de data/hora: 0x549a13a8\r\nCódigo de ",
                          "EventID":  1000
                      },
                      {
                          "TimeCreated":  "\/Date(1767107185311)\/",
                          "LogName":  "Application",
                          "Level":  "Erro",
                          "Provider":  "Application Error",
                          "Message":  "Nome do aplicativo com falha: E_YARNUNE.EXE, versão: 10.0.7.0, carimbo de data/hora: 0x5a55b2a0\r\nNome do módulo com falha: E_YGRCUNE.DLL, versão: 0.3.0.10, carimbo de data/hora: 0x549a13a8\r\nCódigo de ",
                          "EventID":  1000
                      },
                      {
                          "TimeCreated":  "\/Date(1767105444360)\/",
                          "LogName":  "Application",
                          "Level":  "Erro",
                          "Provider":  "Application Error",
                          "Message":  "Nome do aplicativo com falha: E_YARNUNE.EXE, versão: 10.0.7.0, carimbo de data/hora: 0x5a55b2a0\r\nNome do módulo com falha: E_YGRCUNE.DLL, versão: 0.3.0.10, carimbo de data/hora: 0x549a13a8\r\nCódigo de ",
                          "EventID":  1000
                      },
                      {
                          "TimeCreated":  "\/Date(1767105268621)\/",
                          "LogName":  "Application",
                          "Level":  "Erro",
                          "Provider":  "Application Error",
                          "Message":  "Nome do aplicativo com falha: E_YARNUNE.EXE, versão: 10.0.7.0, carimbo de data/hora: 0x5a55b2a0\r\nNome do módulo com falha: E_YGRCUNE.DLL, versão: 0.3.0.10, carimbo de data/hora: 0x549a13a8\r\nCódigo de ",
                          "EventID":  1000
                      },
                      {
                          "TimeCreated":  "\/Date(1767104964029)\/",
                          "LogName":  "Application",
                          "Level":  "Erro",
                          "Provider":  "Application Error",
                          "Message":  "Nome do aplicativo com falha: E_YARNUNE.EXE, versão: 10.0.7.0, carimbo de data/hora: 0x5a55b2a0\r\nNome do módulo com falha: E_YGRCUNE.DLL, versão: 0.3.0.10, carimbo de data/hora: 0x549a13a8\r\nCódigo de ",
                          "EventID":  1000
                      },
                      {
                          "TimeCreated":  "\/Date(1767104715610)\/",
                          "LogName":  "Application",
                          "Level":  "Erro",
                          "Provider":  "Application Error",
                          "Message":  "Nome do aplicativo com falha: E_YARNUNE.EXE, versão: 10.0.7.0, carimbo de data/hora: 0x5a55b2a0\r\nNome do módulo com falha: E_YGRCUNE.DLL, versão: 0.3.0.10, carimbo de data/hora: 0x549a13a8\r\nCódigo de ",
                          "EventID":  1000
                      },
                      {
                          "TimeCreated":  "\/Date(1767103863126)\/",
                          "LogName":  "Application",
                          "Level":  "Erro",
                          "Provider":  "Application Error",
                          "Message":  "Nome do aplicativo com falha: E_YARNUNE.EXE, versão: 10.0.7.0, carimbo de data/hora: 0x5a55b2a0\r\nNome do módulo com falha: E_YGRCUNE.DLL, versão: 0.3.0.10, carimbo de data/hora: 0x549a13a8\r\nCódigo de ",
                          "EventID":  1000
                      },
                      {
                          "TimeCreated":  "\/Date(1767103831505)\/",
                          "LogName":  "Application",
                          "Level":  "Erro",
                          "Provider":  "Application Error",
                          "Message":  "Nome do aplicativo com falha: E_YARNUNE.EXE, versão: 10.0.7.0, carimbo de data/hora: 0x5a55b2a0\r\nNome do módulo com falha: E_YGRCUNE.DLL, versão: 0.3.0.10, carimbo de data/hora: 0x549a13a8\r\nCódigo de ",
                          "EventID":  1000
                      },
                      {
                          "TimeCreated":  "\/Date(1767103811358)\/",
                          "LogName":  "Application",
                          "Level":  "Erro",
                          "Provider":  "Application Error",
                          "Message":  "Nome do aplicativo com falha: E_YARNUNE.EXE, versão: 10.0.7.0, carimbo de data/hora: 0x5a55b2a0\r\nNome do módulo com falha: E_YGRCUNE.DLL, versão: 0.3.0.10, carimbo de data/hora: 0x549a13a8\r\nCódigo de ",
                          "EventID":  1000
                      },
                      {
                          "TimeCreated":  "\/Date(1767103132790)\/",
                          "LogName":  "Application",
                          "Level":  "Erro",
                          "Provider":  "Application Error",
                          "Message":  "Nome do aplicativo com falha: E_YARNUNE.EXE, versão: 10.0.7.0, carimbo de data/hora: 0x5a55b2a0\r\nNome do módulo com falha: E_YGRCUNE.DLL, versão: 0.3.0.10, carimbo de data/hora: 0x549a13a8\r\nCódigo de ",
                          "EventID":  1000
                      },
                      {
                          "TimeCreated":  "\/Date(1767103110670)\/",
                          "LogName":  "Application",
                          "Level":  "Erro",
                          "Provider":  "Application Error",
                          "Message":  "Nome do aplicativo com falha: E_YARNUNE.EXE, versão: 10.0.7.0, carimbo de data/hora: 0x5a55b2a0\r\nNome do módulo com falha: E_YGRCUNE.DLL, versão: 0.3.0.10, carimbo de data/hora: 0x549a13a8\r\nCódigo de ",
                          "EventID":  1000
                      },
                      {
                          "TimeCreated":  "\/Date(1767099867551)\/",
                          "LogName":  "Application",
                          "Level":  "Erro",
                          "Provider":  "Application Error",
                          "Message":  "Nome do aplicativo com falha: E_YARNUNE.EXE, versão: 10.0.7.0, carimbo de data/hora: 0x5a55b2a0\r\nNome do módulo com falha: E_YGRCUNE.DLL, versão: 0.3.0.10, carimbo de data/hora: 0x549a13a8\r\nCódigo de ",
                          "EventID":  1000
                      },
                      {
                          "TimeCreated":  "\/Date(1767099803205)\/",
                          "LogName":  "Application",
                          "Level":  "Erro",
                          "Provider":  "Application Error",
                          "Message":  "Nome do aplicativo com falha: E_YARNUNE.EXE, versão: 10.0.7.0, carimbo de data/hora: 0x5a55b2a0\r\nNome do módulo com falha: E_YGRCUNE.DLL, versão: 0.3.0.10, carimbo de data/hora: 0x549a13a8\r\nCódigo de ",
                          "EventID":  1000
                      }
                  ],
    "Security":  {
                     "Firewall":  [
                                      {
                                          "Profile":  "Domain",
                                          "Enabled":  1,
                                          "DefaultIn":  4,
                                          "DefaultOut":  2
                                      },
                                      {
                                          "Profile":  "Private",
                                          "Enabled":  1,
                                          "DefaultIn":  4,
                                          "DefaultOut":  2
                                      },
                                      {
                                          "Profile":  "Public",
                                          "Enabled":  1,
                                          "DefaultIn":  4,
                                          "DefaultOut":  2
                                      }
                                  ],
                     "Antivirus":  [
                                       {
                                           "Name":  "Bitdefender Endpoint Security Tools Anti-malware",
                                           "State":  "Ativo",
                                           "Updated":  "Atualizado"
                                       },
                                       {
                                           "Name":  "Windows Defender",
                                           "State":  "Inativo",
                                           "Updated":  "Desatualizado"
                                       },
                                       {
                                           "Name":  "Kaspersky Endpoint Security for Windows",
                                           "State":  "Ativo",
                                           "Updated":  "Atualizado"
                                       }
                                   ]
                 }
}
