                      {
                          "TimeCreated":  "\/Date(1767117615919)\/",
                          "LogName":  "System",
                          "Level":  "Erro",
                          "Provider":  "Service Control Manager",
                          "Message":  "Não foi possível iniciar o serviço R0powershell devido ao seguinte erro: \r\nNão foi possível concluir a operação com êxito porque o arquivo contém um vírus ou software possivelmente indesejado.\r\n",
                          "EventID":  7000
                      },
                      {
                          "TimeCreated":  "\/Date(1767117613874)\/",
                          "LogName":  "System",
                          "Level":  "Erro",
                          "Provider":  "Service Control Manager",
                          "Message":  "Não foi possível iniciar o serviço R0powershell devido ao seguinte erro: \r\nNão foi possível concluir a operação com êxito porque o arquivo contém um vírus ou software possivelmente indesejado.\r\n",
                          "EventID":  7000
                      },
                      {
                          "TimeCreated":  "\/Date(1767116823213)\/",
                          "LogName":  "System",
                          "Level":  "Erro",
                          "Provider":  "Service Control Manager",
                          "Message":  "Não foi possível iniciar o serviço R0powershell devido ao seguinte erro: \r\nNão foi possível concluir a operação com êxito porque o arquivo contém um vírus ou software possivelmente indesejado.\r\n",
                          "EventID":  7000
                      },
                      {
                          "TimeCreated":  "\/Date(1767116820897)\/",
                          "LogName":  "System",
                          "Level":  "Erro",
                          "Provider":  "Service Control Manager",
                          "Message":  "Não foi possível iniciar o serviço R0powershell devido ao seguinte erro: \r\nNão foi possível concluir a operação com êxito porque o arquivo contém um vírus ou software possivelmente indesejado.\r\n",
                          "EventID":  7000
                      },
                      {
                          "TimeCreated":  "\/Date(1767116744515)\/",
                          "LogName":  "System",
                          "Level":  "Erro",
                          "Provider":  "Microsoft-Windows-TPM-WMI",
                          "Message":  "As ca/chaves de inicialização segura precisam ser atualizadas. Estas informações de assinatura do dispositivo estão incluídas aqui.\r\nDeviceAttributes: FirmwareVersion:M16KT71A;OEMManufacturerName:LENO",
                          "EventID":  1801
                      },
                      {
                          "TimeCreated":  "\/Date(1767116515562)\/",
                          "LogName":  "System",
                          "Level":  "Erro",
                          "Provider":  "Microsoft-Windows-GroupPolicy",
                          "Message":  "Script de logon falhou. \r\n\tNome do GPO: GPO-AQS-PDV-BKP-XMLS-NFCE\r\n\tCaminho do Sistema de Arquivos do GPO : \\\\brasildis.lan\\SysVol\\brasildis.lan\\Policies\\{636EF9A6-79F4-44C1-8250-90AB19CC0B3E}\\User\r\n\t",
                          "EventID":  1130
                      },
                      {
                          "TimeCreated":  "\/Date(1767116446182)\/",
                          "LogName":  "System",
                          "Level":  "Erro",
                          "Provider":  "NETLOGON",
                          "Message":  "Este computador não pôde configurar uma sessão segura com um controlador de domínio no domínio BRASILDIST devido ao seguinte: \r\nNão é possível entrar com esta credencial porque o domínio não está disp",
                          "EventID":  5719
                      }
                  ],
    "Security":  {
                     "Firewall":  [
                                      {
                                          "Profile":  "Domain",
                                          "Enabled":  0,
                                          "DefaultIn":  4,
                                          "DefaultOut":  2
                                      },
                                      {
                                          "Profile":  "Private",
                                          "Enabled":  0,
                                          "DefaultIn":  4,
                                          "DefaultOut":  2
                                      },
                                      {
                                          "Profile":  "Public",
                                          "Enabled":  0,
                                          "DefaultIn":  4,
                                          "DefaultOut":  2
                                      }
                                  ],
                     "Antivirus":  [
                                       {
                                           "Name":  "Bitdefender Endpoint Security Tools Anti-malware",
                                           "State":  "Inativo",
                                           "Updated":  "Desatualizado"
                                       },
                                       {
                                           "Name":  "Windows Defender",
                                           "State":  "Inativo",
                                           "Updated":  "Desatualizado"
                                       }
                                   ]
                 }
}
