{
    "Hostname":  "SPA-CONTAB06",
    "TimestampUtc":  "2025-12-31T12:31:17.4077476Z",
    "Status":  "Atenção",
    "IssuesWarn":  [
                       "RAM livre baixa",
                       "Processos com alto uso de CPU"
                   ],
    "IssuesCrit":  [

                   ],
    "CollectionMode":  "Completo",
    "ScriptVersion":  "2.4",
    "OS":  {
               "Caption":  "Microsoft Windows 10 Pro",
               "Version":  "10.0.19045",
               "Build":  "19045",
               "Architecture":  "64 bits",
               "InstallDate":  "\/Date(1598632456000)\/",
               "LastBoot":  "\/Date(1767182210500)\/",
               "Uptime":  "0d 0h 34m"
           },
    "Computer":  {
                     "Manufacturer":  "LENOVO",
                     "Model":  "10NN001JBR",
                     "Family":  "V520S-08IKL",
                     "Domain":  "brasildis.lan",
                     "Serial":  "PE03PCNU",
                     "User":  "BRASILDIST\\camila.silva"
                 },
    "BIOS":  {
                 "Vendor":  "LENOVO",
                 "Version":  "M16KT60A",
                 "ReleaseDate":  "\/Date(1568678400000)\/"
             },
    "BaseBoard":  {
                      "Manufacturer":  "LENOVO",
                      "Product":  "3102",
                      "Serial":  "                    "
                  },
    "CPU":  {
                "Name":  "Intel(R) Core(TM) i3-7100 CPU @ 3.90GHz",
                "Cores":  2,
                "Logical":  4,
                "MaxClockMHz":  3912,
                "ProcessorId":  "BFEBFBFF000906E9"
            },
    "GPU":  {
                "Name":  "Intel(R) HD Graphics 630",
                "DriverVersion":  "26.20.100.7986",
                "DriverDate":  "\/Date(1583712000000)\/",
                "VRAM_GB":  1,
                "Resolution":  "1366x768",
                "RefreshRate":  "59Hz",
                "MaxRefreshRate":  "75Hz"
            },
    "Monitor":  {
                    "Count":  2,
                    "Monitors":  [
                                     {
                                         "Manufacturer":  "ACR",
                                         "Name":  "V206HQL",
                                         "Model":  "0334",
                                         "Serial":  "LY6AA0128509",
                                         "Week":  8,
                                         "Year":  2017,
                                         "SizeInches":  19.4,
                                         "WidthCm":  43,
                                         "HeightCm":  24,
                                         "Input":  "Analógica",
                                         "InstanceName":  "DISPLAY\\ACR0334\\4\u00262db56130\u00260\u0026UID200195_0",
                                         "DisplayName":  null,
                                         "WidthPx":  1280,
                                         "HeightPx":  1024,
                                         "Resolution":  "1280x1024",
                                         "CurrentHz":  null,
                                         "MaxHz":  null,
                                         "Primary":  true
                                     },
                                     {
                                         "Manufacturer":  "ACR",
                                         "Name":  "V206HQL",
                                         "Model":  "0334",
                                         "Serial":  "LY6AA0128509",
                                         "Week":  8,
                                         "Year":  2017,
                                         "SizeInches":  19.4,
                                         "WidthCm":  43,
                                         "HeightCm":  24,
                                         "Input":  "Digital",
                                         "InstanceName":  "DISPLAY\\ACR0334\\4\u00262db56130\u00260\u0026UID198195_0",
                                         "DisplayName":  null,
                                         "WidthPx":  1280,
                                         "HeightPx":  1024,
                                         "Resolution":  "1280x1024",
                                         "CurrentHz":  null,
                                         "MaxHz":  null,
                                         "Primary":  false
                                     }
                                 ],
                    "WinFormsScreens":  [
                                            {
                                                "Index":  0,
                                                "Primary":  false,
                                                "WidthPx":  1280,
                                                "HeightPx":  1024,
                                                "DeviceName":  null,
                                                "Resolution":  "1280x1024"
                                            },
                                            {
                                                "Index":  1,
                                                "Primary":  false,
                                                "WidthPx":  1280,
                                                "HeightPx":  1024,
                                                "DeviceName":  null,
                                                "Resolution":  "1280x1024"
                                            },
                                            {
                                                "Index":  2,
                                                "Primary":  false,
                                                "WidthPx":  1366,
                                                "HeightPx":  768,
                                                "DeviceName":  null,
                                                "Resolution":  "1366x768"
                                            },
                                            {
                                                "Index":  3,
                                                "Primary":  false,
                                                "WidthPx":  1366,
                                                "HeightPx":  768,
                                                "DeviceName":  null,
                                                "Resolution":  "1366x768"
                                            },
                                            {
                                                "Index":  4,
                                                "Primary":  false,
                                                "WidthPx":  1366,
                                                "HeightPx":  768,
                                                "DeviceName":  null,
                                                "Resolution":  "1366x768"
                                            },
                                            {
                                                "Index":  5,
                                                "Primary":  false,
                                                "WidthPx":  1360,
                                                "HeightPx":  768,
                                                "DeviceName":  null,
                                                "Resolution":  "1360x768"
                                            }
                                        ]
                },
    "RAM":  {
                "TotalGB":  7.91,
                "FreeGB":  1.06,
                "FreePercent":  13.4,
                "Modules":  [
                                {
                                    "Bank":  "BANK 1",
                                    "Slot":  "ChannelA-DIMM1",
                                    "Manuf":  "0194",
                                    "Part":  "SF464128CK8I6GKSEG  ",
                                    "Serial":  "0430BA92",
                                    "CapacityGB":  4,
                                    "SpeedMHz":  2400,
                                    "ConfClk":  2400,
                                    "Form":  8,
                                    "SMBIOSType":  26,
                                    "Voltage":  1.2,
                                    "Min_Voltage":  1.2,
                                    "Max_Voltage":  1.2
                                },
                                {
                                    "Bank":  "BANK 3",
                                    "Slot":  "ChannelB-DIMM1",
                                    "Manuf":  "859B",
                                    "Part":  "BLS4G4D240FSC.8FBD2 ",
                                    "Serial":  "E2061E48",
                                    "CapacityGB":  4,
                                    "SpeedMHz":  2400,
                                    "ConfClk":  2400,
                                    "Form":  8,
                                    "SMBIOSType":  26,
                                    "Voltage":  1.2,
                                    "Min_Voltage":  1.2,
                                    "Max_Voltage":  1.2
                                }
                            ]
            },
    "Storage":  {
                    "Volumes":  [
                                    {
                                        "DriveLetter":  "C",
                                        "Label":  "",
                                        "FileSystem":  "NTFS",
                                        "SizeGB":  222.4,
                                        "FreeGB":  41.84,
                                        "FreePercent":  18.8,
                                        "Health":  "Healthy"
                                    }
                                ],
                    "Disks":  [
                                  {
                                      "Model":  "KINGSTON SA400S37240G",
                                      "Serial":  "50026B73802F96F8",
                                      "Media":  "SSD",
                                      "Bus":  "SATA",
                                      "Type":  "SSD",
                                      "SizeGB":  223.57,
                                      "Health":  "Healthy",
                                      "OpStatus":  "OK",
                                      "Spindle":  0
                                  }
                              ]
                },
    "Network":  {
                    "IPv4":  [
                                 "192.168.17.72"
                             ],
                    "MACs":  [
                                 "64:1C:67:99:DC:50"
                             ],
                    "Adapters":  [
                                     {
                                         "Name":  "Ethernet",
                                         "Status":  "Up",
                                         "MAC":  "64-1C-67-99-DC-50",
                                         "IPv4":  [
                                                      "192.168.17.72"
                                                  ],
                                         "Speed":  "1 Gbps"
                                     }
                                 ]
                },
    "Temps":  {
                  "ACPI_MaxC":  29.9,
                  "Disk_MaxC":  null,
                  "MaxC":  57,
                  "LibreHW":  {
                                  "CPU":  {
                                              "ValueC":  57,
                                              "Display":  "57,0 °C"
                                          },
                                  "GPU":  {
                                              "ValueC":  null,
                                              "Display":  "N/A"
                                          },
                                  "RAM":  {
                                              "ValueC":  null,
                                              "Display":  "N/A"
                                          },
                                  "Storage":  {
                                                  "ValueC":  49,
                                                  "Display":  "49,0 °C"
                                              },
                                  "Mainboard":  {
                                                    "ValueC":  null,
                                                    "Display":  "N/A"
                                                },
                                  "Chipset":  {
                                                  "ValueC":  null,
                                                  "Display":  "N/A"
                                              },
                                  "Sensors":  [
                                                  {
                                                      "HardwareName":  "Intel Core i3-7100",
                                                      "HardwareType":  "Cpu",
                                                      "SensorName":  "CPU Package",
                                                      "SensorId":  "/intelcpu/0/temperature/4",
                                                      "ValueC":  57,
                                                      "MinC":  57,
                                                      "MaxC":  57
                                                  },
                                                  {
                                                      "HardwareName":  "KINGSTON SA400S37240G",
                                                      "HardwareType":  "Storage",
                                                      "SensorName":  "Temperature",
                                                      "SensorId":  "/hdd/0/temperature/0",
                                                      "ValueC":  49,
                                                      "MinC":  49,
                                                      "MaxC":  49
                                                  }
                                              ]
                              }
              },
    "Processes":  [
                      {
                          "Name":  "PresentationFontCache",
                          "ID":  8884,
                          "CPU":  1769.83,
                          "MemoryMB":  19.15,
                          "Path":  "C:\\WINDOWS\\Microsoft.Net\\Framework64\\v3.0\\WPF\\PresentationFontCache.exe",
                          "StartTime":  "\/Date(1767182293261)\/"
                      },
                      {
                          "Name":  "chrome",
                          "ID":  12284,
                          "CPU":  831.73,
                          "MemoryMB":  273.21,
                          "Path":  "C:\\Program Files (x86)\\Google\\Chrome\\Application\\chrome.exe",
                          "StartTime":  "\/Date(1767182424521)\/"
                      },
                      {
                          "Name":  "chrome",
                          "ID":  7312,
                          "CPU":  140.08,
                          "MemoryMB":  588.04,
                          "Path":  "C:\\Program Files (x86)\\Google\\Chrome\\Application\\chrome.exe",
                          "StartTime":  "\/Date(1767182431971)\/"
                      },
                      {
                          "Name":  "core",
                          "ID":  4224,
                          "CPU":  133.53,
                          "MemoryMB":  93.19,
                          "Path":  null,
                          "StartTime":  "\/Date(1767182246702)\/"
                      },
                      {
                          "Name":  "System",
                          "ID":  4,
                          "CPU":  107.69,
                          "MemoryMB":  0.13,
                          "Path":  null,
                          "StartTime":  "\/Date(1767182221673)\/"
                      },
                      {
                          "Name":  "svchost",
                          "ID":  7016,
                          "CPU":  99.22,
                          "MemoryMB":  22.58,
                          "Path":  null,
                          "StartTime":  "\/Date(1767182252442)\/"
                      },
                      {
                          "Name":  "msedgewebview2",
                          "ID":  4340,
                          "CPU":  92.44,
                          "MemoryMB":  526.07,
                          "Path":  "C:\\Program Files (x86)\\Microsoft\\EdgeWebView\\Application\\143.0.3650.96\\msedgewebview2.exe",
                          "StartTime":  "\/Date(1767182338015)\/"
                      },
                      {
                          "Name":  "javaw",
                          "ID":  5036,
                          "CPU":  90.34,
                          "MemoryMB":  360.91,
                          "Path":  "C:\\Arquivos de Programas RFB\\Programas SPED\\Fiscal\\jre\\bin\\javaw.exe",
                          "StartTime":  "\/Date(1767182725269)\/"
                      },
                      {
                          "Name":  "EPSecurityService",
                          "ID":  3740,
                          "CPU":  62.23,
                          "MemoryMB":  310.92,
                          "Path":  "C:\\Program Files\\Bitdefender\\Endpoint Security\\EPSecurityService.exe",
                          "StartTime":  "\/Date(1767182246539)\/"
                      },
                      {
                          "Name":  "core",
                          "ID":  8420,
                          "CPU":  46.86,
                          "MemoryMB":  73.28,
                          "Path":  null,
                          "StartTime":  "\/Date(1767182291078)\/"
                      },
                      {
                          "Name":  "chrome",
                          "ID":  8376,
                          "CPU":  41.84,
                          "MemoryMB":  131.56,
                          "Path":  "C:\\Program Files (x86)\\Google\\Chrome\\Application\\chrome.exe",
                          "StartTime":  "\/Date(1767182425511)\/"
                      },
                      {
                          "Name":  "dwm",
                          "ID":  1768,
                          "CPU":  29.8,
                          "MemoryMB":  50.17,
                          "Path":  "C:\\WINDOWS\\system32\\dwm.exe",
                          "StartTime":  "\/Date(1767182234586)\/"
                      },
                      {
                          "Name":  "SearchIndexer",
                          "ID":  7060,
                          "CPU":  28.91,
                          "MemoryMB":  123.77,
                          "Path":  "C:\\WINDOWS\\system32\\SearchIndexer.exe",
                          "StartTime":  "\/Date(1767182252493)\/"
                      },
                      {
                          "Name":  "msedgewebview2",
                          "ID":  11980,
                          "CPU":  27.98,
                          "MemoryMB":  134.81,
                          "Path":  "C:\\Program Files (x86)\\Microsoft\\EdgeWebView\\Application\\143.0.3650.96\\msedgewebview2.exe",
                          "StartTime":  "\/Date(1767182332576)\/"
                      },
                      {
                          "Name":  "explorer",
                          "ID":  3880,
                          "CPU":  24.52,
                          "MemoryMB":  126.15,
                          "Path":  "C:\\WINDOWS\\Explorer.EXE",
                          "StartTime":  "\/Date(1767182307819)\/"
                      }
                  ],
    "Services":  [
                     {
                         "Name":  "DHCP",
                         "DisplayName":  "Cliente DHCP",
                         "Status":  4,
                         "StartType":  "Auto"
                     },
                     {
                         "Name":  "EventLog",
                         "DisplayName":  "Log de Eventos do Windows",
                         "Status":  4,
                         "StartType":  "Auto"
                     },
                     {
                         "Name":  "LanmanServer",
                         "DisplayName":  "Server",
                         "Status":  4,
                         "StartType":  "Auto"
                     },
                     {
                         "Name":  "LanmanWorkstation",
                         "DisplayName":  "Estação de trabalho",
                         "Status":  4,
                         "StartType":  "Auto"
                     },
                     {
                         "Name":  "Spooler",
                         "DisplayName":  "Spooler de Impressão",
                         "Status":  4,
                         "StartType":  "Auto"
                     },
                     {
                         "Name":  "WinRM",
                         "DisplayName":  "Windows Remote Management (WS-Management)",
                         "Status":  1,
                         "StartType":  "Manual"
                     }
                 ],
    "Software":  [
                     {
                         "Name":  "Adobe Acrobat (64-bit)",
                         "Version":  "25.001.20997",
                         "Publisher":  "Adobe",
                         "InstallDate":  "20251211",
                         "SizeMB":  1169.56
                     },
                     {
                         "Name":  "Bitdefender Endpoint Security Tools",
                         "Version":  "7.9.29.589",
                         "Publisher":  "Bitdefender",
                         "InstallDate":  "20240314",
                         "SizeMB":  1045.74
                     },
                     {
                         "Name":  "LibreOffice 7.5.3.2",
                         "Version":  "7.5.3.2",
                         "Publisher":  "The Document Foundation",
                         "InstallDate":  "20230520",
                         "SizeMB":  777.49
                     },
                     {
                         "Name":  "Foxit PDF Reader",
                         "Version":  "12.0.1.12430",
                         "Publisher":  "Foxit Software Inc.",
                         "InstallDate":  "20220920",
                         "SizeMB":  619.83
                     },
                     {
                         "Name":  "Google Chrome",
                         "Version":  "143.0.7499.170",
                         "Publisher":  "Google LLC",
                         "InstallDate":  "20251227",
                         "SizeMB":  446.95
                     },
                     {
                         "Name":  "HP LaserJet Pro MFP 4101 4102 4103 4104 Software básico do dispositivo",
                         "Version":  "54.4.5271.22122",
                         "Publisher":  "HP Inc.",
                         "InstallDate":  "20230912",
                         "SizeMB":  340.86
                     },
                     {
                         "Name":  "Sped Fiscal ICMS IPI 5.0.3",
                         "Version":  "5.0.3",
                         "Publisher":  "Receita Federal do Brasil",
                         "InstallDate":  null,
                         "SizeMB":  284.32
                     },
                     {
                         "Name":  "Mozilla Firefox (x64 pt-BR)",
                         "Version":  "127.0",
                         "Publisher":  "Mozilla",
                         "InstallDate":  null,
                         "SizeMB":  238.67
                     },
                     {
                         "Name":  "Teams Machine-Wide Installer",
                         "Version":  "1.5.0.30767",
                         "Publisher":  "Microsoft Corporation",
                         "InstallDate":  "20230526",
                         "SizeMB":  131.8
                     },
                     {
                         "Name":  "Busca - NF-e Escritório",
                         "Version":  null,
                         "Publisher":  "Domínio Sistemas Ltda.",
                         "InstallDate":  "20210211",
                         "SizeMB":  130.63
                     },
                     {
                         "Name":  "Assinador SERPRO 4.1.0",
                         "Version":  "4.1.0",
                         "Publisher":  "SERPRO- Serviço Federal de Processamento de dados",
                         "InstallDate":  "20231011",
                         "SizeMB":  125.44
                     },
                     {
                         "Name":  "AppController - AllUsers",
                         "Version":  "6.2.2.32205",
                         "Publisher":  "GraphOn",
                         "InstallDate":  null,
                         "SizeMB":  76.45
                     },
                     {
                         "Name":  "Warsaw 2.23.1.1 64 bits",
                         "Version":  "2.23.1.1",
                         "Publisher":  "Topaz",
                         "InstallDate":  "20200326",
                         "SizeMB":  64.04
                     },
                     {
                         "Name":  "Domínio Utilitários",
                         "Version":  null,
                         "Publisher":  "Domínio Sistemas Ltda.",
                         "InstallDate":  "20210211",
                         "SizeMB":  56.55
                     },
                     {
                         "Name":  "AppController",
                         "Version":  "6.2.2.32205",
                         "Publisher":  "GraphOn Corporation",
                         "InstallDate":  "20221027",
                         "SizeMB":  40.34
                     },
                     {
                         "Name":  "Office 16 Click-to-Run Extensibility Component",
                         "Version":  "16.0.19426.20170",
                         "Publisher":  "Microsoft Corporation",
                         "InstallDate":  "20251208",
                         "SizeMB":  37.18
                     },
                     {
                         "Name":  "SQL Anywhere",
                         "Version":  "16.0.0",
                         "Publisher":  "Domínio Sistemas Ltda.",
                         "InstallDate":  "20221007",
                         "SizeMB":  36.65
                     },
                     {
                         "Name":  "Java 8 Update 241",
                         "Version":  "8.0.2410.7",
                         "Publisher":  "Oracle Corporation",
                         "InstallDate":  "20200128",
                         "SizeMB":  36.26
                     },
                     {
                         "Name":  "Microsoft Teams Meeting Add-in for Microsoft Office",
                         "Version":  "1.25.06502",
                         "Publisher":  "Microsoft",
                         "InstallDate":  "20250508",
                         "SizeMB":  31.79
                     },
                     {
                         "Name":  "HP Universal Fax Driver",
                         "Version":  "5.0.82.4109",
                         "Publisher":  "HP Inc.",
                         "InstallDate":  "20230912",
                         "SizeMB":  30.32
                     }
                 ],
    "EventLogs":  [
                      {
                          "TimeCreated":  "\/Date(1767182895259)\/",
                          "LogName":  "Application",
                          "Level":  "Erro",
                          "Provider":  "Application Error",
                          "Message":  "Nome do aplicativo com falha: clipesu.exe, versão: 10.0.19041.6392, carimbo de data/hora: 0x22d5d34a\r\nNome do módulo com falha: clipesu.exe, versão: 10.0.19041.6392, carimbo de data/hora: 0x22d5d34a\r\n",
                          "EventID":  1000
                      },
                      {
                          "TimeCreated":  "\/Date(1767182552264)\/",
                          "LogName":  "System",
                          "Level":  "Erro",
                          "Provider":  "Microsoft-Windows-TPM-WMI",
                          "Message":  "As ca/chaves de inicialização segura precisam ser atualizadas. Estas informações de assinatura do dispositivo estão incluídas aqui.\r\nDeviceAttributes: FirmwareVersion:M16KT60A;OEMManufacturerName:LENO",
                          "EventID":  1801
                      },
                      {
                          "TimeCreated":  "\/Date(1767182376676)\/",
                          "LogName":  "Application",
                          "Level":  "Erro",
                          "Provider":  "SecurityCenter",
                          "Message":  "O Serviço da Central de Segurança do Windows não pôde carregar instâncias do FirewallProduct do repositório de dados.\r\n",
                          "EventID":  18
                      },
                      {
                          "TimeCreated":  "\/Date(1767182373189)\/",
                          "LogName":  "System",
                          "Level":  "Erro",
                          "Provider":  "Service Control Manager",
                          "Message":  "Não foi possível iniciar o serviço Serviço do Google Update (gupdate) devido ao seguinte erro: \r\nO serviço não respondeu à requisição de início ou controle em tempo hábil.\r\n",
                          "EventID":  7000
                      },
                      {
                          "TimeCreated":  "\/Date(1767182373189)\/",
                          "LogName":  "System",
                          "Level":  "Erro",
                          "Provider":  "Service Control Manager",
                          "Message":  "Tempo limite esgotado (30000 milissegundos) ao aguardar a conexão do serviço Serviço do Google Update (gupdate).\r\n",
                          "EventID":  7009
                      },
                      {
                          "TimeCreated":  "\/Date(1767182221671)\/",
                          "LogName":  "System",
                          "Level":  "Nível Crítico",
                          "Provider":  "Microsoft-Windows-Kernel-Power",
                          "Message":  "O sistema foi reiniciado sem um desligamento correto primeiro. Esse erro pode ser causado quando o sistema para de responder, trava ou fica sem energia inesperadamente.\r\n",
                          "EventID":  41
                      }
                  ],
    "Security":  {
                     "Firewall":  [
                                      {
                                          "Profile":  "Domain",
                                          "Enabled":  1,
                                          "DefaultIn":  4,
                                          "DefaultOut":  2
                                      },
                                      {
                                          "Profile":  "Private",
                                          "Enabled":  1,
                                          "DefaultIn":  4,
                                          "DefaultOut":  2
                                      },
                                      {
                                          "Profile":  "Public",
                                          "Enabled":  1,
                                          "DefaultIn":  4,
                                          "DefaultOut":  2
                                      }
                                  ],
                     "Antivirus":  [
                                       {
                                           "Name":  "Bitdefender Endpoint Security Tools Anti-malware",
                                           "State":  "Ativo",
                                           "Updated":  "Atualizado"
                                       },
                                       {
                                           "Name":  "Windows Defender",
                                           "State":  "Inativo",
                                           "Updated":  "Desatualizado"
                                       },
                                       {
                                           "Name":  "Kaspersky Endpoint Security for Windows",
                                           "State":  "Ativo",
                                           "Updated":  "Atualizado"
                                       }
                                   ]
                 }
}
