{
    "Hostname":  "SPA-CRIS",
    "TimestampUtc":  "2025-12-31T12:30:16.3565210Z",
    "Status":  "Atenção",
    "IssuesWarn":  [
                       "Processos com alto uso de CPU"
                   ],
    "IssuesCrit":  [

                   ],
    "CollectionMode":  "Completo",
    "ScriptVersion":  "2.4",
    "OS":  {
               "Caption":  "Microsoft Windows 10 Pro",
               "Version":  "10.0.19045",
               "Build":  "19045",
               "Architecture":  "64 bits",
               "InstallDate":  "\/Date(1615394269000)\/",
               "LastBoot":  "\/Date(1767183877500)\/",
               "Uptime":  "0d 0h 5m"
           },
    "Computer":  {
                     "Manufacturer":  "LENOVO",
                     "Model":  "10TXA00LBR",
                     "Family":  "V530S-07ICB",
                     "Domain":  "brasildis.lan",
                     "Serial":  "PE05AJVM",
                     "User":  "BRASILDIST\\maria.cristina"
                 },
    "BIOS":  {
                 "Vendor":  "LENOVO",
                 "Version":  "M22KT42A",
                 "ReleaseDate":  "\/Date(1577059200000)\/"
             },
    "BaseBoard":  {
                      "Manufacturer":  "LENOVO",
                      "Product":  "3140",
                      "Serial":  "                    "
                  },
    "CPU":  {
                "Name":  "Intel(R) Core(TM) i3-8100 CPU @ 3.60GHz",
                "Cores":  4,
                "Logical":  4,
                "MaxClockMHz":  3600,
                "ProcessorId":  "BFEBFBFF000906EB"
            },
    "GPU":  {
                "Name":  "Intel(R) UHD Graphics 630",
                "DriverVersion":  "31.0.101.2121",
                "DriverDate":  "\/Date(1677801600000)\/",
                "VRAM_GB":  1,
                "Resolution":  "1920x1080",
                "RefreshRate":  "60Hz",
                "MaxRefreshRate":  "75Hz"
            },
    "Monitor":  {
                    "Count":  2,
                    "Monitors":  [
                                     {
                                         "Manufacturer":  "PHL",
                                         "Name":  "PHL 221V8LB",
                                         "Model":  "C32E",
                                         "Serial":  "AF02511375240",
                                         "Week":  11,
                                         "Year":  2025,
                                         "SizeInches":  21.5,
                                         "WidthCm":  48,
                                         "HeightCm":  26,
                                         "Input":  "Analógica",
                                         "InstanceName":  "DISPLAY\\PHLC32E\\4\u00262dc62ace\u00260\u0026UID224795_0",
                                         "DisplayName":  null,
                                         "WidthPx":  1920,
                                         "HeightPx":  1080,
                                         "Resolution":  "1920x1080",
                                         "CurrentHz":  null,
                                         "MaxHz":  null,
                                         "Primary":  true
                                     },
                                     {
                                         "Manufacturer":  "PHL",
                                         "Name":  "PHL 221V8LB",
                                         "Model":  "C32E",
                                         "Serial":  "AF02511375271",
                                         "Week":  11,
                                         "Year":  2025,
                                         "SizeInches":  21.5,
                                         "WidthCm":  48,
                                         "HeightCm":  26,
                                         "Input":  "Digital",
                                         "InstanceName":  "DISPLAY\\PHLC32E\\4\u00262dc62ace\u00260\u0026UID206379_0",
                                         "DisplayName":  null,
                                         "WidthPx":  1920,
                                         "HeightPx":  1080,
                                         "Resolution":  "1920x1080",
                                         "CurrentHz":  null,
                                         "MaxHz":  null,
                                         "Primary":  false
                                     }
                                 ],
                    "WinFormsScreens":  [
                                            {
                                                "Index":  0,
                                                "Primary":  false,
                                                "WidthPx":  1920,
                                                "HeightPx":  1080,
                                                "DeviceName":  null,
                                                "Resolution":  "1920x1080"
                                            },
                                            {
                                                "Index":  1,
                                                "Primary":  false,
                                                "WidthPx":  1920,
                                                "HeightPx":  1080,
                                                "DeviceName":  null,
                                                "Resolution":  "1920x1080"
                                            },
                                            {
                                                "Index":  2,
                                                "Primary":  false,
                                                "WidthPx":  1600,
                                                "HeightPx":  900,
                                                "DeviceName":  null,
                                                "Resolution":  "1600x900"
                                            },
                                            {
                                                "Index":  3,
                                                "Primary":  false,
                                                "WidthPx":  1600,
                                                "HeightPx":  900,
                                                "DeviceName":  null,
                                                "Resolution":  "1600x900"
                                            },
                                            {
                                                "Index":  4,
                                                "Primary":  false,
                                                "WidthPx":  1600,
                                                "HeightPx":  900,
                                                "DeviceName":  null,
                                                "Resolution":  "1600x900"
                                            },
                                            {
                                                "Index":  5,
                                                "Primary":  false,
                                                "WidthPx":  1600,
                                                "HeightPx":  900,
                                                "DeviceName":  null,
                                                "Resolution":  "1600x900"
                                            }
                                        ]
                },
    "RAM":  {
                "TotalGB":  15.89,
                "FreeGB":  8.14,
                "FreePercent":  51.2,
                "Modules":  [
                                {
                                    "Bank":  "BANK 0",
                                    "Slot":  "ChannelA-DIMM1",
                                    "Manuf":  "8F1C",
                                    "Part":  "RM-D4-8G-3200Z      ",
                                    "Serial":  "00000010",
                                    "CapacityGB":  8,
                                    "SpeedMHz":  2400,
                                    "ConfClk":  2400,
                                    "Form":  8,
                                    "SMBIOSType":  26,
                                    "Voltage":  1.2,
                                    "Min_Voltage":  1.2,
                                    "Max_Voltage":  1.2
                                },
                                {
                                    "Bank":  "BANK 2",
                                    "Slot":  "ChannelB-DIMM2",
                                    "Manuf":  "8F1C",
                                    "Part":  "RM-D4-8G-3200Z      ",
                                    "Serial":  "000002F9",
                                    "CapacityGB":  8,
                                    "SpeedMHz":  2400,
                                    "ConfClk":  2400,
                                    "Form":  8,
                                    "SMBIOSType":  26,
                                    "Voltage":  1.2,
                                    "Min_Voltage":  1.2,
                                    "Max_Voltage":  1.2
                                }
                            ]
            },
    "Storage":  {
                    "Volumes":  [
                                    {
                                        "DriveLetter":  "C",
                                        "Label":  "",
                                        "FileSystem":  "NTFS",
                                        "SizeGB":  223,
                                        "FreeGB":  98.98,
                                        "FreePercent":  44.4,
                                        "Health":  "Healthy"
                                    }
                                ],
                    "Disks":  [
                                  {
                                      "Model":  "SATA SSD",
                                      "Serial":  "201810101001170",
                                      "Media":  "SSD",
                                      "Bus":  "SATA",
                                      "Type":  "SSD",
                                      "SizeGB":  223.57,
                                      "Health":  "Healthy",
                                      "OpStatus":  "OK",
                                      "Spindle":  0
                                  }
                              ]
                },
    "Network":  {
                    "IPv4":  [
                                 "192.168.17.83"
                             ],
                    "MACs":  [
                                 "64:1C:67:B1:83:3E"
                             ],
                    "Adapters":  [
                                     {
                                         "Name":  "Ethernet",
                                         "Status":  "Up",
                                         "MAC":  "64-1C-67-B1-83-3E",
                                         "IPv4":  [
                                                      "192.168.17.83"
                                                  ],
                                         "Speed":  "100 Mbps"
                                     }
                                 ]
                },
    "Temps":  {
                  "ACPI_MaxC":  27.9,
                  "Disk_MaxC":  null,
                  "MaxC":  57,
                  "LibreHW":  {
                                  "CPU":  {
                                              "ValueC":  57,
                                              "Display":  "57,0 °C"
                                          },
                                  "GPU":  {
                                              "ValueC":  null,
                                              "Display":  "N/A"
                                          },
                                  "RAM":  {
                                              "ValueC":  null,
                                              "Display":  "N/A"
                                          },
                                  "Storage":  {
                                                  "ValueC":  34,
                                                  "Display":  "34,0 °C"
                                              },
                                  "Mainboard":  {
                                                    "ValueC":  null,
                                                    "Display":  "N/A"
                                                },
                                  "Chipset":  {
                                                  "ValueC":  null,
                                                  "Display":  "N/A"
                                              },
                                  "Sensors":  [
                                                  {
                                                      "HardwareName":  "Intel Core i3-8100",
                                                      "HardwareType":  "Cpu",
                                                      "SensorName":  "CPU Package",
                                                      "SensorId":  "/intelcpu/0/temperature/6",
                                                      "ValueC":  57,
                                                      "MinC":  57,
                                                      "MaxC":  57
                                                  },
                                                  {
                                                      "HardwareName":  "SATA SSD",
                                                      "HardwareType":  "Storage",
                                                      "SensorName":  "Temperature",
                                                      "SensorId":  "/hdd/0/temperature/0",
                                                      "ValueC":  34,
                                                      "MinC":  34,
                                                      "MaxC":  34
                                                  }
                                              ]
                              }
              },
    "Processes":  [
                      {
                          "Name":  "NavegadorExclusivoBradesco",
                          "ID":  12540,
                          "CPU":  216.38,
                          "MemoryMB":  441.94,
                          "Path":  "C:\\Program Files (x86)\\AppBrad\\NavegadorExclusivoBradesco.exe",
                          "StartTime":  "\/Date(1767183937374)\/"
                      },
                      {
                          "Name":  "core",
                          "ID":  4140,
                          "CPU":  111,
                          "MemoryMB":  229.8,
                          "Path":  null,
                          "StartTime":  "\/Date(1767183887834)\/"
                      },
                      {
                          "Name":  "msedgewebview2",
                          "ID":  15624,
                          "CPU":  32.98,
                          "MemoryMB":  285.71,
                          "Path":  "C:\\Program Files (x86)\\Microsoft\\EdgeWebView\\Application\\143.0.3650.96\\msedgewebview2.exe",
                          "StartTime":  "\/Date(1767183955090)\/"
                      },
                      {
                          "Name":  "svchost",
                          "ID":  6388,
                          "CPU":  31.56,
                          "MemoryMB":  92.09,
                          "Path":  "C:\\WINDOWS\\system32\\svchost.exe",
                          "StartTime":  "\/Date(1767183890425)\/"
                      },
                      {
                          "Name":  "msedgewebview2",
                          "ID":  14156,
                          "CPU":  30.47,
                          "MemoryMB":  73.47,
                          "Path":  "C:\\Program Files (x86)\\Microsoft\\EdgeWebView\\Application\\143.0.3650.96\\msedgewebview2.exe",
                          "StartTime":  "\/Date(1767183946834)\/"
                      },
                      {
                          "Name":  "svchost",
                          "ID":  7036,
                          "CPU":  28.19,
                          "MemoryMB":  24.9,
                          "Path":  null,
                          "StartTime":  "\/Date(1767183892755)\/"
                      },
                      {
                          "Name":  "EPSecurityService",
                          "ID":  3660,
                          "CPU":  24.5,
                          "MemoryMB":  713.61,
                          "Path":  "C:\\Program Files\\Bitdefender\\Endpoint Security\\EPSecurityService.exe",
                          "StartTime":  "\/Date(1767183887721)\/"
                      },
                      {
                          "Name":  "System",
                          "ID":  4,
                          "CPU":  23.19,
                          "MemoryMB":  7.42,
                          "Path":  null,
                          "StartTime":  "\/Date(1767183880024)\/"
                      },
                      {
                          "Name":  "scpbradserv",
                          "ID":  4164,
                          "CPU":  22.42,
                          "MemoryMB":  26.65,
                          "Path":  "C:\\Program Files (x86)\\scpbrad\\scpbradserv.exe",
                          "StartTime":  "\/Date(1767183887840)\/"
                      },
                      {
                          "Name":  "chrome",
                          "ID":  2084,
                          "CPU":  22.58,
                          "MemoryMB":  276.25,
                          "Path":  "C:\\Program Files (x86)\\Google\\Chrome\\Application\\chrome.exe",
                          "StartTime":  "\/Date(1767184012452)\/"
                      },
                      {
                          "Name":  "chrome",
                          "ID":  12248,
                          "CPU":  21.22,
                          "MemoryMB":  226.49,
                          "Path":  "C:\\Program Files (x86)\\Google\\Chrome\\Application\\chrome.exe",
                          "StartTime":  "\/Date(1767183934411)\/"
                      },
                      {
                          "Name":  "services",
                          "ID":  988,
                          "CPU":  16.88,
                          "MemoryMB":  14.77,
                          "Path":  null,
                          "StartTime":  "\/Date(1767183885561)\/"
                      },
                      {
                          "Name":  "chrome",
                          "ID":  11604,
                          "CPU":  16.72,
                          "MemoryMB":  257.65,
                          "Path":  "C:\\Program Files (x86)\\Google\\Chrome\\Application\\chrome.exe",
                          "StartTime":  "\/Date(1767183935380)\/"
                      },
                      {
                          "Name":  "dwm",
                          "ID":  1652,
                          "CPU":  14.16,
                          "MemoryMB":  66.08,
                          "Path":  "C:\\WINDOWS\\system32\\dwm.exe",
                          "StartTime":  "\/Date(1767183886279)\/"
                      },
                      {
                          "Name":  "SearchIndexer",
                          "ID":  7124,
                          "CPU":  12.95,
                          "MemoryMB":  120.62,
                          "Path":  "C:\\WINDOWS\\system32\\SearchIndexer.exe",
                          "StartTime":  "\/Date(1767183892843)\/"
                      }
                  ],
    "Services":  [
                     {
                         "Name":  "DHCP",
                         "DisplayName":  "Cliente DHCP",
                         "Status":  4,
                         "StartType":  "Auto"
                     },
                     {
                         "Name":  "EventLog",
                         "DisplayName":  "Log de Eventos do Windows",
                         "Status":  4,
                         "StartType":  "Auto"
                     },
                     {
                         "Name":  "LanmanServer",
                         "DisplayName":  "Server",
                         "Status":  4,
                         "StartType":  "Auto"
                     },
                     {
                         "Name":  "LanmanWorkstation",
                         "DisplayName":  "Estação de trabalho",
                         "Status":  4,
                         "StartType":  "Auto"
                     },
                     {
                         "Name":  "Spooler",
                         "DisplayName":  "Spooler de Impressão",
                         "Status":  4,
                         "StartType":  "Auto"
                     },
                     {
                         "Name":  "WinRM",
                         "DisplayName":  "Windows Remote Management (WS-Management)",
                         "Status":  1,
                         "StartType":  "Manual"
                     }
                 ],
    "Software":  [
                     {
                         "Name":  "Intel(R) Graphics Driver Software",
                         "Version":  "3.11.1.0",
                         "Publisher":  "Intel",
                         "InstallDate":  null,
                         "SizeMB":  1496.33
                     },
                     {
                         "Name":  "Adobe Acrobat (64-bit)",
                         "Version":  "25.001.20997",
                         "Publisher":  "Adobe",
                         "InstallDate":  "20251211",
                         "SizeMB":  1169.56
                     },
                     {
                         "Name":  "Bitdefender Endpoint Security Tools",
                         "Version":  "7.9.29.589",
                         "Publisher":  "Bitdefender",
                         "InstallDate":  "20240314",
                         "SizeMB":  1045.74
                     },
                     {
                         "Name":  "Skype versão 8.138",
                         "Version":  "8.138",
                         "Publisher":  "Skype Technologies S.A.",
                         "InstallDate":  "20250311",
                         "SizeMB":  286.43
                     },
                     {
                         "Name":  "Navegador Exclusivo Bradesco versão 4.1.0",
                         "Version":  "4.1.0",
                         "Publisher":  "Copyright (C) 2020 Banco Bradesco S/A",
                         "InstallDate":  "20210914",
                         "SizeMB":  274.17
                     },
                     {
                         "Name":  "Aplicativo Itaú",
                         "Version":  "1.0.189",
                         "Publisher":  "Banco Itaú",
                         "InstallDate":  "20240724",
                         "SizeMB":  225.65
                     },
                     {
                         "Name":  "Microsoft Windows Desktop Runtime - 8.0.22 (x86)",
                         "Version":  "8.0.22.35428",
                         "Publisher":  "Microsoft Corporation",
                         "InstallDate":  null,
                         "SizeMB":  201.65
                     },
                     {
                         "Name":  "Java 8 Update 291 (64-bit)",
                         "Version":  "8.0.2910.10",
                         "Publisher":  "Oracle Corporation",
                         "InstallDate":  "20210506",
                         "SizeMB":  127
                     },
                     {
                         "Name":  "Microsoft .NET Runtime - 8.0.22 (x64)",
                         "Version":  "8.0.22.35427",
                         "Publisher":  "Microsoft Corporation",
                         "InstallDate":  null,
                         "SizeMB":  98.38
                     },
                     {
                         "Name":  "Teams Machine-Wide Installer",
                         "Version":  "1.3.0.9267",
                         "Publisher":  "Microsoft Corporation",
                         "InstallDate":  "20200714",
                         "SizeMB":  92.71
                     },
                     {
                         "Name":  "Mozilla Firefox 49.0.1 (x86 pt-BR)",
                         "Version":  "49.0.1",
                         "Publisher":  "Mozilla",
                         "InstallDate":  null,
                         "SizeMB":  88.94
                     },
                     {
                         "Name":  "Microsoft Windows Desktop Runtime - 8.0.22 (x86)",
                         "Version":  "64.88.42561",
                         "Publisher":  "Microsoft Corporation",
                         "InstallDate":  "20251112",
                         "SizeMB":  84.68
                     },
                     {
                         "Name":  "Intel(R) Processor Graphics",
                         "Version":  "26.20.100.6860",
                         "Publisher":  "Intel Corporation",
                         "InstallDate":  null,
                         "SizeMB":  74.22
                     },
                     {
                         "Name":  "Microsoft .NET Runtime - 8.0.22 (x64)",
                         "Version":  "64.88.42551",
                         "Publisher":  "Microsoft Corporation",
                         "InstallDate":  "20251112",
                         "SizeMB":  70.25
                     },
                     {
                         "Name":  "Microsoft .NET Runtime - 8.0.22 (x86)",
                         "Version":  "64.88.42551",
                         "Publisher":  "Microsoft Corporation",
                         "InstallDate":  "20251112",
                         "SizeMB":  64.79
                     },
                     {
                         "Name":  "Warsaw 2.50.2.1 64 bits",
                         "Version":  "2.50.2.1",
                         "Publisher":  "Topaz",
                         "InstallDate":  "20200714",
                         "SizeMB":  64.03
                     },
                     {
                         "Name":  "Lenovo System Update",
                         "Version":  "5.08.03.59",
                         "Publisher":  "Lenovo",
                         "InstallDate":  "20240801",
                         "SizeMB":  49.9
                     },
                     {
                         "Name":  "Realtek High Definition Audio Driver",
                         "Version":  "6.0.8699.1",
                         "Publisher":  "Realtek Semiconductor Corp.",
                         "InstallDate":  "20201204",
                         "SizeMB":  47.2
                     },
                     {
                         "Name":  "HP LJ M426M427 Scan HP Scan",
                         "Version":  "1.0.302.0",
                         "Publisher":  "Hewlett-Packard Co.",
                         "InstallDate":  "20251008",
                         "SizeMB":  42.83
                     },
                     {
                         "Name":  "Office 16 Click-to-Run Extensibility Component",
                         "Version":  "16.0.19426.20170",
                         "Publisher":  "Microsoft Corporation",
                         "InstallDate":  "20251208",
                         "SizeMB":  37.43
                     }
                 ],
    "EventLogs":  [
                      {
                          "TimeCreated":  "\/Date(1767184187070)\/",
                          "LogName":  "System",
                          "Level":  "Erro",
                          "Provider":  "Microsoft-Windows-TPM-WMI",
                          "Message":  "As ca/chaves de inicialização segura precisam ser atualizadas. Estas informações de assinatura do dispositivo estão incluídas aqui.\r\nDeviceAttributes: FirmwareVersion:M22KT42A;OEMManufacturerName:LENO",
                          "EventID":  1801
                      },
                      {
                          "TimeCreated":  "\/Date(1767184010834)\/",
                          "LogName":  "System",
                          "Level":  "Erro",
                          "Provider":  "Service Control Manager",
                          "Message":  "Não foi possível iniciar o serviço Serviço do Google Update (gupdate) devido ao seguinte erro: \r\nO serviço não respondeu à requisição de início ou controle em tempo hábil.\r\n",
                          "EventID":  7000
                      },
                      {
                          "TimeCreated":  "\/Date(1767184010833)\/",
                          "LogName":  "System",
                          "Level":  "Erro",
                          "Provider":  "Service Control Manager",
                          "Message":  "Tempo limite esgotado (30000 milissegundos) ao aguardar a conexão do serviço Serviço do Google Update (gupdate).\r\n",
                          "EventID":  7009
                      },
                      {
                          "TimeCreated":  "\/Date(1767183887878)\/",
                          "LogName":  "System",
                          "Level":  "Erro",
                          "Provider":  "Service Control Manager",
                          "Message":  "O serviço Pml Driver HPZ12 terminou com o erro: \r\nNão foi possível encontrar o módulo especificado.\r\n",
                          "EventID":  7023
                      },
                      {
                          "TimeCreated":  "\/Date(1767183887831)\/",
                          "LogName":  "System",
                          "Level":  "Erro",
                          "Provider":  "Service Control Manager",
                          "Message":  "O serviço Net Driver HPZ12 terminou com o erro: \r\nNão foi possível encontrar o módulo especificado.\r\n",
                          "EventID":  7023
                      },
                      {
                          "TimeCreated":  "\/Date(1767183883974)\/",
                          "LogName":  "System",
                          "Level":  "Erro",
                          "Provider":  "TPM",
                          "Message":  "O driver de dispositivo do TPM (Trusted Platform Module) encontrou um erro irrecuperável no hardware TPM, o que impede que os serviços do TPM (como criptografia de dados) sejam usados. Para obter mais",
                          "EventID":  15
                      }
                  ],
    "Security":  {
                     "Firewall":  [
                                      {
                                          "Profile":  "Domain",
                                          "Enabled":  1,
                                          "DefaultIn":  4,
                                          "DefaultOut":  2
                                      },
                                      {
                                          "Profile":  "Private",
                                          "Enabled":  1,
                                          "DefaultIn":  4,
                                          "DefaultOut":  2
                                      },
                                      {
                                          "Profile":  "Public",
                                          "Enabled":  1,
                                          "DefaultIn":  4,
                                          "DefaultOut":  2
                                      }
                                  ],
                     "Antivirus":  [
                                       {
                                           "Name":  "Bitdefender Endpoint Security Tools Anti-malware",
                                           "State":  "Ativo",
                                           "Updated":  "Atualizado"
                                       },
                                       {
                                           "Name":  "Windows Defender",
                                           "State":  "Inativo",
                                           "Updated":  "Desatualizado"
                                       },
                                       {
                                           "Name":  "Kaspersky Endpoint Security for Windows",
                                           "State":  "Ativo",
                                           "Updated":  "Atualizado"
                                       }
                                   ]
                 }
}
