{
    "Hostname":  "SPA-TI03",
    "TimestampUtc":  "2025-12-24T15:00:18.7894656Z",
    "Status":  "Atenção",
    "IssuesWarn":  [
                       "Processos com alto uso de CPU"
                   ],
    "IssuesCrit":  [

                   ],
    "CollectionMode":  "Completo",
    "ScriptVersion":  "2.4",
    "OS":  {
               "Caption":  "Microsoft Windows 10 Pro",
               "Version":  "10.0.19045",
               "Build":  "19045",
               "Architecture":  "64 bits",
               "InstallDate":  "\/Date(1741351560000)\/",
               "LastBoot":  "\/Date(1766586783500)\/",
               "Uptime":  "0d 0h 27m"
           },
    "Computer":  {
                     "Manufacturer":  "LENOVO",
                     "Model":  "V530s-07icr",
                     "Family":  "V530S-07ICR",
                     "Domain":  "brasildis.lan",
                     "Serial":  "pe05k6dr",
                     "User":  "BRASILDIST\\administrator"
                 },
    "BIOS":  {
                 "Vendor":  "LENOVO",
                 "Version":  "M30KT25A",
                 "ReleaseDate":  "\/Date(1635206400000)\/"
             },
    "BaseBoard":  {
                      "Manufacturer":  "LENOVO",
                      "Product":  "3178",
                      "Serial":  "                    "
                  },
    "CPU":  {
                "Name":  "Intel(R) Core(TM) i5-8400 CPU @ 2.80GHz",
                "Cores":  6,
                "Logical":  6,
                "MaxClockMHz":  2808,
                "ProcessorId":  "BFEBFBFF000906EA"
            },
    "GPU":  {
                "Name":  "Intel(R) UHD Graphics 630",
                "DriverVersion":  "27.20.100.8783",
                "DriverDate":  "\/Date(1600905600000)\/",
                "VRAM_GB":  1,
                "Resolution":  "1920x1080",
                "RefreshRate":  "60Hz",
                "MaxRefreshRate":  "75Hz"
            },
    "Monitor":  {
                    "Count":  1,
                    "Monitors":  [
                                     {
                                         "Manufacturer":  "PHL",
                                         "Name":  "PHL 241V8LAB",
                                         "Model":  "C326",
                                         "Serial":  "AF02429296042",
                                         "Week":  29,
                                         "Year":  2024,
                                         "SizeInches":  24,
                                         "WidthCm":  53,
                                         "HeightCm":  30,
                                         "Input":  "Analógica",
                                         "InstanceName":  "DISPLAY\\PHLC326\\4\u0026bc73863\u00260\u0026UID224795_0",
                                         "DisplayName":  null,
                                         "WidthPx":  1920,
                                         "HeightPx":  1080,
                                         "Resolution":  "1920x1080",
                                         "CurrentHz":  null,
                                         "MaxHz":  null,
                                         "Primary":  true
                                     }
                                 ],
                    "WinFormsScreens":  [
                                            {
                                                "Index":  0,
                                                "Primary":  false,
                                                "WidthPx":  1920,
                                                "HeightPx":  1080,
                                                "DeviceName":  null,
                                                "Resolution":  "1920x1080"
                                            },
                                            {
                                                "Index":  1,
                                                "Primary":  false,
                                                "WidthPx":  1920,
                                                "HeightPx":  1080,
                                                "DeviceName":  null,
                                                "Resolution":  "1920x1080"
                                            },
                                            {
                                                "Index":  2,
                                                "Primary":  false,
                                                "WidthPx":  1920,
                                                "HeightPx":  1080,
                                                "DeviceName":  null,
                                                "Resolution":  "1920x1080"
                                            },
                                            {
                                                "Index":  3,
                                                "Primary":  false,
                                                "WidthPx":  1920,
                                                "HeightPx":  1080,
                                                "DeviceName":  null,
                                                "Resolution":  "1920x1080"
                                            },
                                            {
                                                "Index":  4,
                                                "Primary":  false,
                                                "WidthPx":  1920,
                                                "HeightPx":  1080,
                                                "DeviceName":  null,
                                                "Resolution":  "1920x1080"
                                            },
                                            {
                                                "Index":  5,
                                                "Primary":  false,
                                                "WidthPx":  1920,
                                                "HeightPx":  1080,
                                                "DeviceName":  null,
                                                "Resolution":  "1920x1080"
                                            }
                                        ]
                },
    "RAM":  {
                "TotalGB":  15.9,
                "FreeGB":  7.94,
                "FreePercent":  49.9,
                "Modules":  [
                                {
                                    "Bank":  "BANK 0",
                                    "Slot":  "ChannelA-DIMM1",
                                    "Manuf":  "Kingston",
                                    "Part":  "KHX2400C15/8G       ",
                                    "Serial":  "B4A17707",
                                    "CapacityGB":  8,
                                    "SpeedMHz":  2400,
                                    "ConfClk":  2400,
                                    "Form":  8,
                                    "SMBIOSType":  26,
                                    "Voltage":  1.2,
                                    "Min_Voltage":  1.2,
                                    "Max_Voltage":  1.2
                                },
                                {
                                    "Bank":  "BANK 2",
                                    "Slot":  "ChannelB-DIMM2",
                                    "Manuf":  "Kingston",
                                    "Part":  "KHX2400C15/8G       ",
                                    "Serial":  "A6A17BAB",
                                    "CapacityGB":  8,
                                    "SpeedMHz":  2400,
                                    "ConfClk":  2400,
                                    "Form":  8,
                                    "SMBIOSType":  26,
                                    "Voltage":  1.2,
                                    "Min_Voltage":  1.2,
                                    "Max_Voltage":  1.2
                                }
                            ]
            },
    "Storage":  {
                    "Volumes":  [
                                    {
                                        "DriveLetter":  "C",
                                        "Label":  "",
                                        "FileSystem":  "NTFS",
                                        "SizeGB":  238.37,
                                        "FreeGB":  31.68,
                                        "FreePercent":  13.3,
                                        "Health":  "Healthy"
                                    }
                                ],
                    "Disks":  [
                                  {
                                      "Model":  "SSSTC CL4-8D256-Q79",
                                      "Serial":  "38F6_0156_3190_410B.",
                                      "Media":  "SSD",
                                      "Bus":  "NVMe",
                                      "Type":  "NVMe",
                                      "SizeGB":  238.47,
                                      "Health":  "Healthy",
                                      "OpStatus":  "OK",
                                      "Spindle":  0
                                  }
                              ]
                },
    "Network":  {
                    "IPv4":  [
                                 "192.168.17.76"
                             ],
                    "MACs":  [
                                 "64:1C:67:B4:62:26"
                             ],
                    "Adapters":  [
                                     {
                                         "Name":  "Ethernet",
                                         "Status":  "Up",
                                         "MAC":  "64-1C-67-B4-62-26",
                                         "IPv4":  [
                                                      "192.168.17.76"
                                                  ],
                                         "Speed":  "100 Mbps"
                                     }
                                 ]
                },
    "Temps":  {
                  "ACPI_MaxC":  null,
                  "Disk_MaxC":  null,
                  "MaxC":  69,
                  "LibreHW":  {
                                  "CPU":  {
                                              "ValueC":  69,
                                              "Display":  "69,0 °C"
                                          },
                                  "GPU":  {
                                              "ValueC":  null,
                                              "Display":  "N/A"
                                          },
                                  "RAM":  {
                                              "ValueC":  null,
                                              "Display":  "N/A"
                                          },
                                  "Storage":  {
                                                  "ValueC":  46,
                                                  "Display":  "46,0 °C"
                                              },
                                  "Mainboard":  {
                                                    "ValueC":  null,
                                                    "Display":  "N/A"
                                                },
                                  "Chipset":  {
                                                  "ValueC":  null,
                                                  "Display":  "N/A"
                                              },
                                  "Sensors":  [
                                                  {
                                                      "HardwareName":  "Intel Core i5-8400",
                                                      "HardwareType":  "Cpu",
                                                      "SensorName":  "CPU Package",
                                                      "SensorId":  "/intelcpu/0/temperature/8",
                                                      "ValueC":  69,
                                                      "MinC":  67,
                                                      "MaxC":  69
                                                  },
                                                  {
                                                      "HardwareName":  "SSSTC CL4-8D256-Q79",
                                                      "HardwareType":  "Storage",
                                                      "SensorName":  "Temperature",
                                                      "SensorId":  "/nvme/0/temperature/0",
                                                      "ValueC":  46,
                                                      "MinC":  0,
                                                      "MaxC":  46
                                                  }
                                              ]
                              }
              },
    "Processes":  [
                      {
                          "Name":  "svchost",
                          "ID":  9776,
                          "CPU":  301.44,
                          "MemoryMB":  1208.61,
                          "Path":  null,
                          "StartTime":  "\/Date(1766587333550)\/"
                      },
                      {
                          "Name":  "EPSecurityService",
                          "ID":  4108,
                          "CPU":  259.64,
                          "MemoryMB":  886.3,
                          "Path":  "C:\\Program Files\\Bitdefender\\Endpoint Security\\EPSecurityService.exe",
                          "StartTime":  "\/Date(1766586795492)\/"
                      },
                      {
                          "Name":  "svchost",
                          "ID":  2624,
                          "CPU":  140.14,
                          "MemoryMB":  10.42,
                          "Path":  "C:\\Windows\\System32\\svchost.exe",
                          "StartTime":  "\/Date(1766586795054)\/"
                      },
                      {
                          "Name":  "svchost",
                          "ID":  8816,
                          "CPU":  103.19,
                          "MemoryMB":  127.61,
                          "Path":  "C:\\Windows\\system32\\svchost.exe",
                          "StartTime":  "\/Date(1766586805495)\/"
                      },
                      {
                          "Name":  "System",
                          "ID":  4,
                          "CPU":  78.59,
                          "MemoryMB":  29.89,
                          "Path":  null,
                          "StartTime":  "\/Date(1766586787901)\/"
                      },
                      {
                          "Name":  "svchost",
                          "ID":  3548,
                          "CPU":  38.77,
                          "MemoryMB":  501.09,
                          "Path":  "C:\\Windows\\system32\\svchost.exe",
                          "StartTime":  "\/Date(1766586795362)\/"
                      },
                      {
                          "Name":  "svchost",
                          "ID":  9072,
                          "CPU":  32.47,
                          "MemoryMB":  14.45,
                          "Path":  "C:\\Windows\\System32\\svchost.exe",
                          "StartTime":  "\/Date(1766586805985)\/"
                      },
                      {
                          "Name":  "MeshAgent",
                          "ID":  12828,
                          "CPU":  23.23,
                          "MemoryMB":  21.18,
                          "Path":  "C:\\Program Files\\Mesh Agent\\MeshAgent.exe",
                          "StartTime":  "\/Date(1766588166898)\/"
                      },
                      {
                          "Name":  "SearchIndexer",
                          "ID":  7328,
                          "CPU":  20.55,
                          "MemoryMB":  37.67,
                          "Path":  "C:\\Windows\\system32\\SearchIndexer.exe",
                          "StartTime":  "\/Date(1766586798118)\/"
                      },
                      {
                          "Name":  "dwm",
                          "ID":  1376,
                          "CPU":  19.53,
                          "MemoryMB":  118.89,
                          "Path":  "C:\\Windows\\system32\\dwm.exe",
                          "StartTime":  "\/Date(1766588118351)\/"
                      },
                      {
                          "Name":  "SearchApp",
                          "ID":  10768,
                          "CPU":  19.41,
                          "MemoryMB":  261.25,
                          "Path":  "C:\\Windows\\SystemApps\\Microsoft.Windows.Search_cw5n1h2txyewy\\SearchApp.exe",
                          "StartTime":  "\/Date(1766588157865)\/"
                      },
                      {
                          "Name":  "svchost",
                          "ID":  1308,
                          "CPU":  19.09,
                          "MemoryMB":  18.52,
                          "Path":  "C:\\Windows\\system32\\svchost.exe",
                          "StartTime":  "\/Date(1766586794745)\/"
                      },
                      {
                          "Name":  "explorer",
                          "ID":  11848,
                          "CPU":  16.95,
                          "MemoryMB":  165.77,
                          "Path":  "C:\\Windows\\Explorer.EXE",
                          "StartTime":  "\/Date(1766588143039)\/"
                      },
                      {
                          "Name":  "svchost",
                          "ID":  1872,
                          "CPU":  15.02,
                          "MemoryMB":  24.21,
                          "Path":  "C:\\Windows\\system32\\svchost.exe",
                          "StartTime":  "\/Date(1766586794964)\/"
                      },
                      {
                          "Name":  "svchost",
                          "ID":  1176,
                          "CPU":  11.12,
                          "MemoryMB":  34.62,
                          "Path":  "C:\\Windows\\system32\\svchost.exe",
                          "StartTime":  "\/Date(1766586794644)\/"
                      }
                  ],
    "Services":  [
                     {
                         "Name":  "DHCP",
                         "DisplayName":  "Cliente DHCP",
                         "Status":  4,
                         "StartType":  "Auto"
                     },
                     {
                         "Name":  "EventLog",
                         "DisplayName":  "Log de Eventos do Windows",
                         "Status":  4,
                         "StartType":  "Auto"
                     },
                     {
                         "Name":  "LanmanServer",
                         "DisplayName":  "Server",
                         "Status":  4,
                         "StartType":  "Auto"
                     },
                     {
                         "Name":  "LanmanWorkstation",
                         "DisplayName":  "Estação de trabalho",
                         "Status":  4,
                         "StartType":  "Auto"
                     },
                     {
                         "Name":  "Spooler",
                         "DisplayName":  "Spooler de Impressão",
                         "Status":  4,
                         "StartType":  "Auto"
                     },
                     {
                         "Name":  "WinRM",
                         "DisplayName":  "Windows Remote Management (WS-Management)",
                         "Status":  1,
                         "StartType":  "Manual"
                     }
                 ],
    "Software":  [
                     {
                         "Name":  "Bitdefender Endpoint Security Tools",
                         "Version":  "7.9.28.580",
                         "Publisher":  "Bitdefender",
                         "InstallDate":  "20250307",
                         "SizeMB":  848.62
                     },
                     {
                         "Name":  "LibreOffice 7.5.5.2",
                         "Version":  "7.5.5.2",
                         "Publisher":  "The Document Foundation",
                         "InstallDate":  "20250310",
                         "SizeMB":  778.38
                     },
                     {
                         "Name":  "Intelbras SIM Next 1.25.1",
                         "Version":  "1.25.1",
                         "Publisher":  "Intelbras",
                         "InstallDate":  "20250927",
                         "SizeMB":  460.93
                     },
                     {
                         "Name":  "Intelbras SIM Play 1.3.3",
                         "Version":  "1.3.3",
                         "Publisher":  "Intelbras",
                         "InstallDate":  "20250514",
                         "SizeMB":  460.14
                     },
                     {
                         "Name":  "Lazarus 4.2",
                         "Version":  "4.2",
                         "Publisher":  "Lazarus Team",
                         "InstallDate":  "20250917",
                         "SizeMB":  459.47
                     },
                     {
                         "Name":  "ClickUp",
                         "Version":  "3.5.87.0",
                         "Publisher":  "ClickUp",
                         "InstallDate":  "20250402",
                         "SizeMB":  399.7
                     },
                     {
                         "Name":  "PowerShell 7.5.4.0-x64",
                         "Version":  "7.5.4.0",
                         "Publisher":  "Microsoft Corporation",
                         "InstallDate":  null,
                         "SizeMB":  386.79
                     },
                     {
                         "Name":  "Git",
                         "Version":  "2.51.0",
                         "Publisher":  "The Git Development Community",
                         "InstallDate":  "20250821",
                         "SizeMB":  340.28
                     },
                     {
                         "Name":  "Java(TM) SE Development Kit 21.0.5 (64-bit)",
                         "Version":  "21.0.5.0",
                         "Publisher":  "Oracle Corporation",
                         "InstallDate":  "20250402",
                         "SizeMB":  317.12
                     },
                     {
                         "Name":  "PowerShell 7-x64",
                         "Version":  "7.5.4.0",
                         "Publisher":  "Microsoft Corporation",
                         "InstallDate":  "20251030",
                         "SizeMB":  280.08
                     },
                     {
                         "Name":  "Spark 3.0.2",
                         "Version":  "3.0.2",
                         "Publisher":  "Ignite Realtime",
                         "InstallDate":  null,
                         "SizeMB":  238.06
                     },
                     {
                         "Name":  "Wireshark 4.4.9 x64",
                         "Version":  "4.4.9",
                         "Publisher":  "The Wireshark developer community, https://www.wireshark.org",
                         "InstallDate":  null,
                         "SizeMB":  236.21
                     },
                     {
                         "Name":  "IRPF 2025 - Declaração de Ajuste Anual, Final de Espólio e Saída Definitiva do País ",
                         "Version":  "1.1",
                         "Publisher":  "Receita Federal do Brasil",
                         "InstallDate":  null,
                         "SizeMB":  199.73
                     },
                     {
                         "Name":  "MySQL Workbench 8.0 CE",
                         "Version":  "8.0.43",
                         "Publisher":  "Oracle Corporation",
                         "InstallDate":  "20250908",
                         "SizeMB":  166.26
                     },
                     {
                         "Name":  "Domínio Web Plugin",
                         "Version":  "4.1",
                         "Publisher":  "Thomson Reuters",
                         "InstallDate":  "20251023",
                         "SizeMB":  132.41
                     },
                     {
                         "Name":  "WinSCP 6.5.3",
                         "Version":  "6.5.3",
                         "Publisher":  "Martin Prikryl",
                         "InstallDate":  "20250911",
                         "SizeMB":  97.38
                     },
                     {
                         "Name":  "Mozilla Firefox 37.0 (x86 pt-BR)",
                         "Version":  "37.0",
                         "Publisher":  "Mozilla",
                         "InstallDate":  null,
                         "SizeMB":  83.38
                     },
                     {
                         "Name":  "AppController - AllUsers",
                         "Version":  "6.2.2.32205",
                         "Publisher":  "GraphOn",
                         "InstallDate":  null,
                         "SizeMB":  76.45
                     },
                     {
                         "Name":  "Python 3.13.7 Documentation (64-bit)",
                         "Version":  "3.13.7150.0",
                         "Publisher":  "Python Software Foundation",
                         "InstallDate":  "20250823",
                         "SizeMB":  59.2
                     },
                     {
                         "Name":  "Lenovo System Update",
                         "Version":  "5.08.03.59",
                         "Publisher":  "Lenovo",
                         "InstallDate":  "20250412",
                         "SizeMB":  49.9
                     }
                 ],
    "EventLogs":  [
                      {
                          "TimeCreated":  "\/Date(1766588083083)\/",
                          "LogName":  "System",
                          "Level":  "Erro",
                          "Provider":  "Service Control Manager",
                          "Message":  "O serviço Mesh Agent está marcado como um serviço interativo. No entanto, o sistema está configurado para não permitir serviços interativos. Esse serviço pode não funcionar corretamente.\r\n",
                          "EventID":  7030
                      },
                      {
                          "TimeCreated":  "\/Date(1766587998956)\/",
                          "LogName":  "System",
                          "Level":  "Erro",
                          "Provider":  "Service Control Manager",
                          "Message":  "O serviço TacticalRMM Agent Service foi finalizado inesperadamente. Isto aconteceu 1 vez(es). A seguinte ação corretiva será tomada em 12000 milissegundos: Reiniciar o serviço.\r\n",
                          "EventID":  7031
                      },
                      {
                          "TimeCreated":  "\/Date(1766587676737)\/",
                          "LogName":  "Application",
                          "Level":  "Erro",
                          "Provider":  "Microsoft-Windows-AppModel-State",
                          "Message":  "Falha ao ler uma configuração de aplicativo do pacote Microsoft.Windows.ContentDeliveryManager_cw5n1h2txyewy. Código de Erro: -2147024662\r\n",
                          "EventID":  11
                      },
                      {
                          "TimeCreated":  "\/Date(1766587676501)\/",
                          "LogName":  "Application",
                          "Level":  "Erro",
                          "Provider":  "Microsoft-Windows-AppModel-State",
                          "Message":  "Falha ao ler uma configuração de aplicativo do pacote Microsoft.Windows.ContentDeliveryManager_cw5n1h2txyewy. Código de Erro: -2147024662\r\n",
                          "EventID":  11
                      },
                      {
                          "TimeCreated":  "\/Date(1766587408512)\/",
                          "LogName":  "System",
                          "Level":  "Erro",
                          "Provider":  "Microsoft-Windows-GroupPolicy",
                          "Message":  "Script de logon falhou. \r\n\tNome do GPO: GPO-AQS-PDV-BKP-XMLS-NFCE\r\n\tCaminho do Sistema de Arquivos do GPO : \\\\brasildis.lan\\SysVol\\brasildis.lan\\Policies\\{636EF9A6-79F4-44C1-8250-90AB19CC0B3E}\\User\r\n\t",
                          "EventID":  1130
                      },
                      {
                          "TimeCreated":  "\/Date(1766587334233)\/",
                          "LogName":  "Application",
                          "Level":  "Erro",
                          "Provider":  "Windows Backup",
                          "Message":  "O backup não foi concluído devido a um erro ao gravar no local de backup E:\\. Erro: Local de backup não encontrado ou inválido. Examine as configurações de backup e verifique o local de backup. (0x810",
                          "EventID":  4103
                      },
                      {
                          "TimeCreated":  "\/Date(1766587095651)\/",
                          "LogName":  "System",
                          "Level":  "Erro",
                          "Provider":  "Microsoft-Windows-TPM-WMI",
                          "Message":  "As ca/chaves de inicialização segura precisam ser atualizadas. Estas informações de assinatura do dispositivo estão incluídas aqui.\r\nDeviceAttributes: FirmwareVersion:M30KT25A;OEMManufacturerName:LENO",
                          "EventID":  1801
                      },
                      {
                          "TimeCreated":  "\/Date(1766586805499)\/",
                          "LogName":  "System",
                          "Level":  "Erro",
                          "Provider":  "Microsoft-Windows-GroupPolicy",
                          "Message":  "Script de inicialização falhou. \r\n\tNome do GPO: GPO-AQS-CRIAR-USER-LOCAL\r\n\tCaminho do Sistema de Arquivos do GPO : \\\\brasildis.lan\\SysVol\\brasildis.lan\\Policies\\{4868EB5A-71D0-4E71-BBB9-D752BDDA5700}\\",
                          "EventID":  1130
                      },
                      {
                          "TimeCreated":  "\/Date(1766586805499)\/",
                          "LogName":  "System",
                          "Level":  "Erro",
                          "Provider":  "Microsoft-Windows-GroupPolicy",
                          "Message":  "Script de inicialização falhou. \r\n\tNome do GPO: GPO-AQS-INSTALL-MESH\r\n\tCaminho do Sistema de Arquivos do GPO : \\\\brasildis.lan\\SysVol\\brasildis.lan\\Policies\\{47A8AE7D-12F0-4B9F-BFA4-8DBF99186FDD}\\Mach",
                          "EventID":  1130
                      },
                      {
                          "TimeCreated":  "\/Date(1766586805466)\/",
                          "LogName":  "System",
                          "Level":  "Erro",
                          "Provider":  "Microsoft-Windows-GroupPolicy",
                          "Message":  "O processamento da Política de Grupo falhou devido à falta de conectividade de rede com um controlador de domínio. Talvez seja uma condição temporária. Uma mensagem de êxito será gerada assim que a má",
                          "EventID":  1129
                      },
                      {
                          "TimeCreated":  "\/Date(1766586796752)\/",
                          "LogName":  "System",
                          "Level":  "Erro",
                          "Provider":  "NETLOGON",
                          "Message":  "Este computador não pôde configurar uma sessão segura com um controlador de domínio no domínio BRASILDIST devido ao seguinte: \r\nNão é possível entrar com esta credencial porque o domínio não está disp",
                          "EventID":  5719
                      },
                      {
                          "TimeCreated":  "\/Date(1766586794790)\/",
                          "LogName":  "System",
                          "Level":  "Erro",
                          "Provider":  "disk",
                          "Message":  "O dispositivo, \\Device\\Harddisk0\\DR0, possui um setor defeituoso.\r\n",
                          "EventID":  7
                      },
                      {
                          "TimeCreated":  "\/Date(1766586787899)\/",
                          "LogName":  "System",
                          "Level":  "Nível Crítico",
                          "Provider":  "Microsoft-Windows-Kernel-Power",
                          "Message":  "O sistema foi reiniciado sem um desligamento correto primeiro. Esse erro pode ser causado quando o sistema para de responder, trava ou fica sem energia inesperadamente.\r\n",
                          "EventID":  41
                      },
                      {
                          "TimeCreated":  "\/Date(1766586794915)\/",
                          "LogName":  "System",
                          "Level":  "Erro",
                          "Provider":  "EventLog",
                          "Message":  "O desligamento do sistema que ocorreu às 14:53:39 do dia ‎24/‎11/‎2025 não era esperado.\r\n",
                          "EventID":  6008
                      }
                  ],
    "Security":  {
                     "Firewall":  [
                                      {
                                          "Profile":  "Domain",
                                          "Enabled":  1,
                                          "DefaultIn":  4,
                                          "DefaultOut":  2
                                      },
                                      {
                                          "Profile":  "Private",
                                          "Enabled":  1,
                                          "DefaultIn":  4,
                                          "DefaultOut":  2
                                      },
                                      {
                                          "Profile":  "Public",
                                          "Enabled":  1,
                                          "DefaultIn":  4,
                                          "DefaultOut":  2
                                      }
                                  ],
                     "Antivirus":  [
                                       {
                                           "Name":  "Bitdefender Endpoint Security Tools Anti-malware",
                                           "State":  "Ativo",
                                           "Updated":  "Atualizado"
                                       },
                                       {
                                           "Name":  "Windows Defender",
                                           "State":  "Inativo",
                                           "Updated":  "Desatualizado"
                                       }
                                   ]
                 }
}
