{
    "Hostname":  "SPA-RH01",
    "TimestampUtc":  "2025-12-30T21:30:14.6578566Z",
    "Status":  "Atenção",
    "IssuesWarn":  [
                       "Processos com alto uso de CPU"
                   ],
    "IssuesCrit":  [

                   ],
    "CollectionMode":  "Completo",
    "ScriptVersion":  "2.4",
    "OS":  {
               "Caption":  "Microsoft Windows 11 Pro",
               "Version":  "10.0.26200",
               "Build":  "26200",
               "Architecture":  "64 bits",
               "InstallDate":  "\/Date(1763818121000)\/",
               "LastBoot":  "\/Date(1767096618500)\/",
               "Uptime":  "0d 9h 19m"
           },
    "Computer":  {
                     "Manufacturer":  "LENOVO",
                     "Model":  "13EJ000BBO",
                     "Family":  "ThinkCentre neo 50s Gen 5",
                     "Domain":  "brasildis.lan",
                     "Serial":  "PE0E46RP",
                     "User":  "BRASILDIST\\ronaldo.jardim"
                 },
    "BIOS":  {
                 "Vendor":  "LENOVO",
                 "Version":  "M5IKT11A",
                 "ReleaseDate":  "\/Date(1729728000000)\/"
             },
    "BaseBoard":  {
                      "Manufacturer":  "LENOVO",
                      "Product":  "335A",
                      "Serial":  "                        "
                  },
    "CPU":  {
                "Name":  "Intel(R) Core(TM) i7-14700",
                "Cores":  20,
                "Logical":  28,
                "MaxClockMHz":  2100,
                "ProcessorId":  "BFEBFBFF000B0671"
            },
    "GPU":  {
                "Name":  "Intel(R) UHD Graphics 770",
                "DriverVersion":  "32.0.101.7026",
                "DriverDate":  "\/Date(1755561600000)\/",
                "VRAM_GB":  2,
                "Resolution":  "1920x1080",
                "RefreshRate":  "60Hz",
                "MaxRefreshRate":  "75Hz"
            },
    "Monitor":  {
                    "Count":  2,
                    "Monitors":  [
                                     {
                                         "Manufacturer":  "PHL",
                                         "Name":  "PHL 241V8LAB",
                                         "Model":  "C326",
                                         "Serial":  "AF02436300256",
                                         "Week":  36,
                                         "Year":  2024,
                                         "SizeInches":  24,
                                         "WidthCm":  53,
                                         "HeightCm":  30,
                                         "Input":  "Digital",
                                         "InstanceName":  "DISPLAY\\PHLC326\\4\u0026914b5ec\u00260\u0026UID16433_0",
                                         "DisplayName":  null,
                                         "WidthPx":  1920,
                                         "HeightPx":  1080,
                                         "Resolution":  "1920x1080",
                                         "CurrentHz":  null,
                                         "MaxHz":  null,
                                         "Primary":  true
                                     },
                                     {
                                         "Manufacturer":  "PHL",
                                         "Name":  "PHL 241V8LAB",
                                         "Model":  "C326",
                                         "Serial":  "AF02436300506",
                                         "Week":  36,
                                         "Year":  2024,
                                         "SizeInches":  24,
                                         "WidthCm":  53,
                                         "HeightCm":  30,
                                         "Input":  "Digital",
                                         "InstanceName":  "DISPLAY\\PHLC326\\4\u0026914b5ec\u00260\u0026UID20530_0",
                                         "DisplayName":  null,
                                         "WidthPx":  1920,
                                         "HeightPx":  1080,
                                         "Resolution":  "1920x1080",
                                         "CurrentHz":  null,
                                         "MaxHz":  null,
                                         "Primary":  false
                                     }
                                 ],
                    "WinFormsScreens":  [
                                            {
                                                "Index":  0,
                                                "Primary":  false,
                                                "WidthPx":  1920,
                                                "HeightPx":  1080,
                                                "DeviceName":  null,
                                                "Resolution":  "1920x1080"
                                            },
                                            {
                                                "Index":  1,
                                                "Primary":  false,
                                                "WidthPx":  1920,
                                                "HeightPx":  1080,
                                                "DeviceName":  null,
                                                "Resolution":  "1920x1080"
                                            },
                                            {
                                                "Index":  2,
                                                "Primary":  false,
                                                "WidthPx":  1920,
                                                "HeightPx":  1080,
                                                "DeviceName":  null,
                                                "Resolution":  "1920x1080"
                                            },
                                            {
                                                "Index":  3,
                                                "Primary":  false,
                                                "WidthPx":  1920,
                                                "HeightPx":  1080,
                                                "DeviceName":  null,
                                                "Resolution":  "1920x1080"
                                            },
                                            {
                                                "Index":  4,
                                                "Primary":  false,
                                                "WidthPx":  1024,
                                                "HeightPx":  768,
                                                "DeviceName":  null,
                                                "Resolution":  "1024x768"
                                            },
                                            {
                                                "Index":  5,
                                                "Primary":  false,
                                                "WidthPx":  1024,
                                                "HeightPx":  768,
                                                "DeviceName":  null,
                                                "Resolution":  "1024x768"
                                            }
                                        ]
                },
    "RAM":  {
                "TotalGB":  15.62,
                "FreeGB":  6.79,
                "FreePercent":  43.5,
                "Modules":  [
                                {
                                    "Bank":  "BANK 0",
                                    "Slot":  "Controller0-ChannelA-DIMM0",
                                    "Manuf":  "A-DATA Technology",
                                    "Part":  "AI2V56WCSV1-B1IS    ",
                                    "Serial":  "03008416",
                                    "CapacityGB":  16,
                                    "SpeedMHz":  5600,
                                    "ConfClk":  5600,
                                    "Form":  8,
                                    "SMBIOSType":  34,
                                    "Voltage":  1.1,
                                    "Min_Voltage":  1.1,
                                    "Max_Voltage":  1.1
                                }
                            ]
            },
    "Storage":  {
                    "Volumes":  [
                                    {
                                        "DriveLetter":  "C",
                                        "Label":  "Windows",
                                        "FileSystem":  "NTFS",
                                        "SizeGB":  474.72,
                                        "FreeGB":  310.71,
                                        "FreePercent":  65.5,
                                        "Health":  "Healthy"
                                    }
                                ],
                    "Disks":  [
                                  {
                                      "Model":  "SKHynix_HFS512GEJ9X113N",
                                      "Serial":  "0000_0000_0000_0000_40D5_6300_5B02_B9C6.",
                                      "Media":  "SSD",
                                      "Bus":  "NVMe",
                                      "Type":  "NVMe",
                                      "SizeGB":  476.94,
                                      "Health":  "Healthy",
                                      "OpStatus":  "OK",
                                      "Spindle":  0
                                  }
                              ]
                },
    "Network":  {
                    "IPv4":  [
                                 "192.168.17.45",
                                 "169.254.231.188"
                             ],
                    "MACs":  [
                                 "60:C7:27:2F:DA:FE"
                             ],
                    "Adapters":  [
                                     {
                                         "Name":  "Ethernet",
                                         "Status":  "Up",
                                         "MAC":  "60-C7-27-2F-DA-FE",
                                         "IPv4":  [
                                                      "192.168.17.45"
                                                  ],
                                         "Speed":  "1 Gbps"
                                     },
                                     {
                                         "Name":  "Wi-Fi",
                                         "Status":  "Disconnected",
                                         "MAC":  "70-D8-C2-11-C8-DA",
                                         "IPv4":  [
                                                      "169.254.231.188"
                                                  ],
                                         "Speed":  "0 bps"
                                     }
                                 ]
                },
    "Temps":  {
                  "ACPI_MaxC":  27.9,
                  "Disk_MaxC":  null,
                  "MaxC":  71,
                  "LibreHW":  {
                                  "CPU":  {
                                              "ValueC":  71,
                                              "Display":  "71,0 °C"
                                          },
                                  "GPU":  {
                                              "ValueC":  null,
                                              "Display":  "N/A"
                                          },
                                  "RAM":  {
                                              "ValueC":  null,
                                              "Display":  "N/A"
                                          },
                                  "Storage":  {
                                                  "ValueC":  37,
                                                  "Display":  "37,0 °C"
                                              },
                                  "Mainboard":  {
                                                    "ValueC":  null,
                                                    "Display":  "N/A"
                                                },
                                  "Chipset":  {
                                                  "ValueC":  null,
                                                  "Display":  "N/A"
                                              },
                                  "Sensors":  [
                                                  {
                                                      "HardwareName":  "Intel Core i7-14700",
                                                      "HardwareType":  "Cpu",
                                                      "SensorName":  "CPU Package",
                                                      "SensorId":  "/intelcpu/0/temperature/22",
                                                      "ValueC":  71,
                                                      "MinC":  71,
                                                      "MaxC":  71
                                                  },
                                                  {
                                                      "HardwareName":  "SKHynix_HFS512GEJ9X113N",
                                                      "HardwareType":  "Storage",
                                                      "SensorName":  "Temperature",
                                                      "SensorId":  "/nvme/0/temperature/0",
                                                      "ValueC":  37,
                                                      "MinC":  0,
                                                      "MaxC":  37
                                                  }
                                              ]
                              }
              },
    "Processes":  [
                      {
                          "Name":  "SIMNext",
                          "ID":  11588,
                          "CPU":  27609.08,
                          "MemoryMB":  515.31,
                          "Path":  "C:\\Program Files\\Intelbras\\SIMNext\\SIM Next\\SIMNext.exe",
                          "StartTime":  "\/Date(1767097093052)\/"
                      },
                      {
                          "Name":  "SIMNext.LocalRecording",
                          "ID":  5528,
                          "CPU":  8743.58,
                          "MemoryMB":  91.9,
                          "Path":  "C:\\Program Files\\Intelbras\\SIMNext\\Local Recording Service\\SIMNext.LocalRecording.exe",
                          "StartTime":  "\/Date(1767096628471)\/"
                      },
                      {
                          "Name":  "System",
                          "ID":  4,
                          "CPU":  2525.98,
                          "MemoryMB":  2.7,
                          "Path":  null,
                          "StartTime":  "\/Date(1767096620877)\/"
                      },
                      {
                          "Name":  "dwm",
                          "ID":  2420,
                          "CPU":  1382.89,
                          "MemoryMB":  146.65,
                          "Path":  "C:\\Windows\\system32\\dwm.exe",
                          "StartTime":  "\/Date(1767096627810)\/"
                      },
                      {
                          "Name":  "chrome",
                          "ID":  8680,
                          "CPU":  594.34,
                          "MemoryMB":  261.29,
                          "Path":  "C:\\Program Files\\Google\\Chrome\\Application\\chrome.exe",
                          "StartTime":  "\/Date(1767096835584)\/"
                      },
                      {
                          "Name":  "WINWORD",
                          "ID":  2272,
                          "CPU":  302.67,
                          "MemoryMB":  423.22,
                          "Path":  "C:\\Program Files\\Microsoft Office\\Root\\Office16\\WINWORD.EXE",
                          "StartTime":  "\/Date(1767119417282)\/"
                      },
                      {
                          "Name":  "WmiPrvSE",
                          "ID":  8004,
                          "CPU":  271.52,
                          "MemoryMB":  40.6,
                          "Path":  "C:\\Windows\\system32\\wbem\\wmiprvse.exe",
                          "StartTime":  "\/Date(1767096629587)\/"
                      },
                      {
                          "Name":  "svchost",
                          "ID":  9056,
                          "CPU":  254.2,
                          "MemoryMB":  26.1,
                          "Path":  "C:\\Windows\\system32\\svchost.exe",
                          "StartTime":  "\/Date(1767096633338)\/"
                      },
                      {
                          "Name":  "EPSecurityService",
                          "ID":  5652,
                          "CPU":  207.64,
                          "MemoryMB":  317.13,
                          "Path":  "C:\\Program Files\\Bitdefender\\Endpoint Security\\EPSecurityService.exe",
                          "StartTime":  "\/Date(1767096628474)\/"
                      },
                      {
                          "Name":  "chrome",
                          "ID":  3612,
                          "CPU":  186.67,
                          "MemoryMB":  484.27,
                          "Path":  "C:\\Program Files\\Google\\Chrome\\Application\\chrome.exe",
                          "StartTime":  "\/Date(1767105100964)\/"
                      },
                      {
                          "Name":  "explorer",
                          "ID":  14844,
                          "CPU":  132.53,
                          "MemoryMB":  303.09,
                          "Path":  "C:\\Windows\\Explorer.EXE",
                          "StartTime":  "\/Date(1767096679873)\/"
                      },
                      {
                          "Name":  "svchost",
                          "ID":  5704,
                          "CPU":  119.92,
                          "MemoryMB":  25.38,
                          "Path":  "C:\\Windows\\system32\\svchost.exe",
                          "StartTime":  "\/Date(1767096628476)\/"
                      },
                      {
                          "Name":  "chrome",
                          "ID":  20508,
                          "CPU":  101.61,
                          "MemoryMB":  214.07,
                          "Path":  "C:\\Program Files\\Google\\Chrome\\Application\\chrome.exe",
                          "StartTime":  "\/Date(1767122387658)\/"
                      },
                      {
                          "Name":  "chrome",
                          "ID":  19032,
                          "CPU":  91.45,
                          "MemoryMB":  155.95,
                          "Path":  "C:\\Program Files\\Google\\Chrome\\Application\\chrome.exe",
                          "StartTime":  "\/Date(1767096835857)\/"
                      },
                      {
                          "Name":  "PCINF000",
                          "ID":  14112,
                          "CPU":  80.83,
                          "MemoryMB":  88.14,
                          "Path":  "C:\\WinThor\\Spool\\Executaveis\\45FB528F0AD05BCC56680F4DFFDED1EC\\PCINF000.exe",
                          "StartTime":  "\/Date(1767097212297)\/"
                      }
                  ],
    "Services":  [
                     {
                         "Name":  "DHCP",
                         "DisplayName":  "Cliente DHCP",
                         "Status":  4,
                         "StartType":  "Auto"
                     },
                     {
                         "Name":  "EventLog",
                         "DisplayName":  "Log de Eventos do Windows",
                         "Status":  4,
                         "StartType":  "Auto"
                     },
                     {
                         "Name":  "LanmanServer",
                         "DisplayName":  "Server",
                         "Status":  4,
                         "StartType":  "Auto"
                     },
                     {
                         "Name":  "LanmanWorkstation",
                         "DisplayName":  "Estação de trabalho",
                         "Status":  4,
                         "StartType":  "Auto"
                     },
                     {
                         "Name":  "Spooler",
                         "DisplayName":  "Spooler de Impressão",
                         "Status":  4,
                         "StartType":  "Auto"
                     },
                     {
                         "Name":  "WinRM",
                         "DisplayName":  "Windows Remote Management (WS-Management)",
                         "Status":  1,
                         "StartType":  "Manual"
                     }
                 ],
    "Software":  [
                     {
                         "Name":  "Bitdefender Endpoint Security Tools",
                         "Version":  "7.9.29.589",
                         "Publisher":  "Bitdefender",
                         "InstallDate":  "20251124",
                         "SizeMB":  946.64
                     },
                     {
                         "Name":  "Microsoft OneDrive",
                         "Version":  "25.222.1112.0002",
                         "Publisher":  "Microsoft Corporation",
                         "InstallDate":  null,
                         "SizeMB":  456.59
                     },
                     {
                         "Name":  "Intelbras SIM Next 1.25.1",
                         "Version":  "1.25.1",
                         "Publisher":  "Intelbras",
                         "InstallDate":  "20251124",
                         "SizeMB":  423.45
                     },
                     {
                         "Name":  "Epson ScanSmart",
                         "Version":  "3.7.20",
                         "Publisher":  "Seiko Epson Corporation",
                         "InstallDate":  "20251227",
                         "SizeMB":  135.24
                     },
                     {
                         "Name":  "Smart Connect",
                         "Version":  "7.0.0.0",
                         "Publisher":  "(C) Motorola",
                         "InstallDate":  null,
                         "SizeMB":  134.49
                     },
                     {
                         "Name":  "Realtek Audio Driver",
                         "Version":  "6.0.9686.1",
                         "Publisher":  "Realtek Semiconductor Corp.",
                         "InstallDate":  "20250324",
                         "SizeMB":  98.1
                     },
                     {
                         "Name":  "Epson Event Manager",
                         "Version":  "3.11.85",
                         "Publisher":  "Seiko Epson Corporation",
                         "InstallDate":  "20251227",
                         "SizeMB":  76.13
                     },
                     {
                         "Name":  "Office 16 Click-to-Run Extensibility Component",
                         "Version":  "16.0.19426.20170",
                         "Publisher":  "Microsoft Corporation",
                         "InstallDate":  "20251208",
                         "SizeMB":  30.42
                     },
                     {
                         "Name":  "Intel(R) Management Engine Components",
                         "Version":  "2425.6.26.0",
                         "Publisher":  "Intel Corporation",
                         "InstallDate":  null,
                         "SizeMB":  27.92
                     },
                     {
                         "Name":  "Easy Photo Scan",
                         "Version":  "1.00.0019",
                         "Publisher":  "Seiko Epson Corporation",
                         "InstallDate":  "20251125",
                         "SizeMB":  23.92
                     },
                     {
                         "Name":  "EpsonNet Print",
                         "Version":  "3.3.1.0",
                         "Publisher":  "Seiko Epson Corporation",
                         "InstallDate":  "20251125",
                         "SizeMB":  21.68
                     },
                     {
                         "Name":  "Microsoft Visual C++ 2017 Redistributable (x86) - 14.16.27027",
                         "Version":  "14.16.27027.1",
                         "Publisher":  "Microsoft Corporation",
                         "InstallDate":  null,
                         "SizeMB":  20.15
                     },
                     {
                         "Name":  "Intel(R) Icls",
                         "Version":  "1.0.0.0",
                         "Publisher":  "Intel Corporation",
                         "InstallDate":  "20250324",
                         "SizeMB":  20.09
                     },
                     {
                         "Name":  "Lenovo Vantage Service",
                         "Version":  "4.2511.18.0",
                         "Publisher":  "Lenovo Group Ltd.",
                         "InstallDate":  "20251203",
                         "SizeMB":  17.87
                     },
                     {
                         "Name":  "Microsoft Visual C++ 2013 Redistributable (x86) - 12.0.30501",
                         "Version":  "12.0.30501.0",
                         "Publisher":  "Microsoft Corporation",
                         "InstallDate":  null,
                         "SizeMB":  17.19
                     },
                     {
                         "Name":  "Epson Printer Connection Checker",
                         "Version":  "3.4.2.0",
                         "Publisher":  "Seiko Epson Corporation",
                         "InstallDate":  "20251227",
                         "SizeMB":  14.8
                     },
                     {
                         "Name":  "Tactical RMM Agent",
                         "Version":  "2.9.1",
                         "Publisher":  "AmidaWare Inc",
                         "InstallDate":  "20251124",
                         "SizeMB":  12.56
                     },
                     {
                         "Name":  "Microsoft Visual C++ 2008 Redistributable - x86 9.0.30729.17",
                         "Version":  "9.0.30729",
                         "Publisher":  "Microsoft Corporation",
                         "InstallDate":  "20251125",
                         "SizeMB":  10.27
                     },
                     {
                         "Name":  "Microsoft Visual C++ 2017 X86 Additional Runtime - 14.16.27024",
                         "Version":  "14.16.27024",
                         "Publisher":  "Microsoft Corporation",
                         "InstallDate":  "20251227",
                         "SizeMB":  10.14
                     },
                     {
                         "Name":  "Epson Software Updater",
                         "Version":  "4.6.10",
                         "Publisher":  "Seiko Epson Corporation",
                         "InstallDate":  "20251125",
                         "SizeMB":  9.29
                     }
                 ],
    "EventLogs":  [
                      {
                          "TimeCreated":  "\/Date(1767127659609)\/",
                          "LogName":  "Application",
                          "Level":  "Erro",
                          "Provider":  ".NET Runtime",
                          "Message":  ".NET Runtime version 4.0.30319.0 - Falha ao inicializar a infra-estrutura de anexação da API do criador de perfil. Esse processo não permite que um perfil seja anexado. HRESULT: 0x80004005.  ID do Pro",
                          "EventID":  1022
                      },
                      {
                          "TimeCreated":  "\/Date(1767119338296)\/",
                          "LogName":  "Application",
                          "Level":  "Erro",
                          "Provider":  ".NET Runtime",
                          "Message":  ".NET Runtime version 4.0.30319.0 - Falha ao inicializar a infra-estrutura de anexação da API do criador de perfil. Esse processo não permite que um perfil seja anexado. HRESULT: 0x80004005.  ID do Pro",
                          "EventID":  1022
                      },
                      {
                          "TimeCreated":  "\/Date(1767107319823)\/",
                          "LogName":  "Application",
                          "Level":  "Erro",
                          "Provider":  ".NET Runtime",
                          "Message":  ".NET Runtime version 4.0.30319.0 - Falha ao inicializar a infra-estrutura de anexação da API do criador de perfil. Esse processo não permite que um perfil seja anexado. HRESULT: 0x80004005.  ID do Pro",
                          "EventID":  1022
                      },
                      {
                          "TimeCreated":  "\/Date(1767096928659)\/",
                          "LogName":  "System",
                          "Level":  "Erro",
                          "Provider":  "Microsoft-Windows-TPM-WMI",
                          "Message":  "Secure Boot certificates have been updated but are not yet applied to the device firmware. Review the published guidance to complete the update and ensure full protection. This device signature inform",
                          "EventID":  1801
                      },
                      {
                          "TimeCreated":  "\/Date(1767096631368)\/",
                          "LogName":  "System",
                          "Level":  "Erro",
                          "Provider":  "NETLOGON",
                          "Message":  "Este computador não pôde configurar uma sessão segura com um controlador de domínio no domínio BRASILDIST devido ao seguinte: \r\nErro interno. \r\nIsso pode causar problemas de autenticação. Certifique-s",
                          "EventID":  5719
                      },
                      {
                          "TimeCreated":  "\/Date(1767096628480)\/",
                          "LogName":  "System",
                          "Level":  "Erro",
                          "Provider":  "NETLOGON",
                          "Message":  "Este computador não pôde configurar uma sessão segura com um controlador de domínio no domínio BRASILDIST devido ao seguinte: \r\nNão é possível entrar com esta credencial porque o domínio não está disp",
                          "EventID":  5719
                      }
                  ],
    "Security":  {
                     "Firewall":  [
                                      {
                                          "Profile":  "Domain",
                                          "Enabled":  1,
                                          "DefaultIn":  4,
                                          "DefaultOut":  2
                                      },
                                      {
                                          "Profile":  "Private",
                                          "Enabled":  1,
                                          "DefaultIn":  4,
                                          "DefaultOut":  2
                                      },
                                      {
                                          "Profile":  "Public",
                                          "Enabled":  1,
                                          "DefaultIn":  4,
                                          "DefaultOut":  2
                                      }
                                  ],
                     "Antivirus":  [
                                       {
                                           "Name":  "Bitdefender Endpoint Security Tools Anti-malware",
                                           "State":  "Ativo",
                                           "Updated":  "Atualizado"
                                       },
                                       {
                                           "Name":  "Windows Defender",
                                           "State":  "Inativo",
                                           "Updated":  "Desatualizado"
                                       }
                                   ]
                 }
}
