{
    "Hostname":  "SPA-COMPRAS06",
    "TimestampUtc":  "2025-12-31T12:30:29.1620109Z",
    "Status":  "Atenção",
    "IssuesWarn":  [
                       "RAM livre baixa",
                       "Processos com alto uso de CPU"
                   ],
    "IssuesCrit":  [

                   ],
    "CollectionMode":  "Completo",
    "ScriptVersion":  "2.4",
    "OS":  {
               "Caption":  "Microsoft Windows 10 Pro",
               "Version":  "10.0.19045",
               "Build":  "19045",
               "Architecture":  "64 bits",
               "InstallDate":  "\/Date(1750273867000)\/",
               "LastBoot":  "\/Date(1767181070500)\/",
               "Uptime":  "0d 0h 52m"
           },
    "Computer":  {
                     "Manufacturer":  "LENOVO",
                     "Model":  "10MLS2U300",
                     "Family":  "ThinkCentre M910s",
                     "Domain":  "brasildis.lan",
                     "Serial":  "PE031PS4",
                     "User":  "BRASILDIST\\salmo.henrique"
                 },
    "BIOS":  {
                 "Vendor":  "LENOVO",
                 "Version":  "M1AKT59A",
                 "ReleaseDate":  "\/Date(1698364800000)\/"
             },
    "BaseBoard":  {
                      "Manufacturer":  "LENOVO",
                      "Product":  "3106",
                      "Serial":  "                    "
                  },
    "CPU":  {
                "Name":  "Intel(R) Core(TM) i7-7700 CPU @ 3.60GHz",
                "Cores":  4,
                "Logical":  8,
                "MaxClockMHz":  3600,
                "ProcessorId":  "BFEBFBFF000906E9"
            },
    "GPU":  {
                "Name":  "Intel(R) HD Graphics 630",
                "DriverVersion":  "31.0.101.2115",
                "DriverDate":  "\/Date(1668556800000)\/",
                "VRAM_GB":  1,
                "Resolution":  "1600x900",
                "RefreshRate":  "60Hz",
                "MaxRefreshRate":  "75Hz"
            },
    "Monitor":  {
                    "Count":  1,
                    "Monitors":  [
                                     {
                                         "Manufacturer":  "LEN",
                                         "Name":  "LEN E2002bA",
                                         "Model":  "60BB",
                                         "Serial":  "VA289060",
                                         "Week":  11,
                                         "Year":  2020,
                                         "SizeInches":  19.4,
                                         "WidthCm":  43,
                                         "HeightCm":  24,
                                         "Input":  "Analógica",
                                         "InstanceName":  "DISPLAY\\LEN60BB\\4\u00261ca64c85\u00260\u0026UID200195_0",
                                         "DisplayName":  null,
                                         "WidthPx":  1600,
                                         "HeightPx":  900,
                                         "Resolution":  "1600x900",
                                         "CurrentHz":  null,
                                         "MaxHz":  null,
                                         "Primary":  true
                                     }
                                 ],
                    "WinFormsScreens":  [
                                            {
                                                "Index":  0,
                                                "Primary":  false,
                                                "WidthPx":  1600,
                                                "HeightPx":  900,
                                                "DeviceName":  null,
                                                "Resolution":  "1600x900"
                                            },
                                            {
                                                "Index":  1,
                                                "Primary":  false,
                                                "WidthPx":  1600,
                                                "HeightPx":  900,
                                                "DeviceName":  null,
                                                "Resolution":  "1600x900"
                                            },
                                            {
                                                "Index":  2,
                                                "Primary":  false,
                                                "WidthPx":  1600,
                                                "HeightPx":  900,
                                                "DeviceName":  null,
                                                "Resolution":  "1600x900"
                                            },
                                            {
                                                "Index":  3,
                                                "Primary":  false,
                                                "WidthPx":  1600,
                                                "HeightPx":  900,
                                                "DeviceName":  null,
                                                "Resolution":  "1600x900"
                                            },
                                            {
                                                "Index":  4,
                                                "Primary":  false,
                                                "WidthPx":  1600,
                                                "HeightPx":  900,
                                                "DeviceName":  null,
                                                "Resolution":  "1600x900"
                                            },
                                            {
                                                "Index":  5,
                                                "Primary":  false,
                                                "WidthPx":  1024,
                                                "HeightPx":  768,
                                                "DeviceName":  null,
                                                "Resolution":  "1024x768"
                                            }
                                        ]
                },
    "RAM":  {
                "TotalGB":  7.89,
                "FreeGB":  1.31,
                "FreePercent":  16.6,
                "Modules":  [
                                {
                                    "Bank":  "BANK 1",
                                    "Slot":  "ChannelA-DIMM1",
                                    "Manuf":  "0194",
                                    "Part":  "SF4641G8CK8I6GKSEG  ",
                                    "Serial":  "055EDED8",
                                    "CapacityGB":  8,
                                    "SpeedMHz":  2400,
                                    "ConfClk":  2400,
                                    "Form":  8,
                                    "SMBIOSType":  26,
                                    "Voltage":  1.2,
                                    "Min_Voltage":  1.2,
                                    "Max_Voltage":  1.2
                                }
                            ]
            },
    "Storage":  {
                    "Volumes":  [
                                    {
                                        "DriveLetter":  "C",
                                        "Label":  "",
                                        "FileSystem":  "NTFS",
                                        "SizeGB":  930.85,
                                        "FreeGB":  803.05,
                                        "FreePercent":  86.3,
                                        "Health":  "Healthy"
                                    }
                                ],
                    "Disks":  [
                                  {
                                      "Model":  "GO LINE 1TB",
                                      "Serial":  "2024060107002",
                                      "Media":  "SSD",
                                      "Bus":  "SATA",
                                      "Type":  "SSD",
                                      "SizeGB":  931.51,
                                      "Health":  "Healthy",
                                      "OpStatus":  "OK",
                                      "Spindle":  0
                                  }
                              ]
                },
    "Network":  {
                    "IPv4":  [
                                 "192.168.17.47"
                             ],
                    "MACs":  [
                                 "64:1C:67:8C:7C:E5"
                             ],
                    "Adapters":  [
                                     {
                                         "Name":  "Ethernet",
                                         "Status":  "Up",
                                         "MAC":  "64-1C-67-8C-7C-E5",
                                         "IPv4":  [
                                                      "192.168.17.47"
                                                  ],
                                         "Speed":  "1 Gbps"
                                     }
                                 ]
                },
    "Temps":  {
                  "ACPI_MaxC":  null,
                  "Disk_MaxC":  null,
                  "MaxC":  40,
                  "LibreHW":  {
                                  "CPU":  {
                                              "ValueC":  null,
                                              "Display":  "N/A"
                                          },
                                  "GPU":  {
                                              "ValueC":  null,
                                              "Display":  "N/A"
                                          },
                                  "RAM":  {
                                              "ValueC":  null,
                                              "Display":  "N/A"
                                          },
                                  "Storage":  {
                                                  "ValueC":  40,
                                                  "Display":  "40,0 °C"
                                              },
                                  "Mainboard":  {
                                                    "ValueC":  null,
                                                    "Display":  "N/A"
                                                },
                                  "Chipset":  {
                                                  "ValueC":  null,
                                                  "Display":  "N/A"
                                              },
                                  "Sensors":  [
                                                  {
                                                      "HardwareName":  "GO LINE 1TB",
                                                      "HardwareType":  "Storage",
                                                      "SensorName":  "Temperature",
                                                      "SensorId":  "/hdd/0/temperature/0",
                                                      "ValueC":  40,
                                                      "MinC":  40,
                                                      "MaxC":  40
                                                  }
                                              ]
                              }
              },
    "Processes":  [
                      {
                          "Name":  "chrome",
                          "ID":  11116,
                          "CPU":  533.36,
                          "MemoryMB":  579.12,
                          "Path":  "C:\\Program Files\\Google\\Chrome\\Application\\chrome.exe",
                          "StartTime":  "\/Date(1767181250490)\/"
                      },
                      {
                          "Name":  "chrome",
                          "ID":  11976,
                          "CPU":  200.72,
                          "MemoryMB":  187.48,
                          "Path":  "C:\\Program Files\\Google\\Chrome\\Application\\chrome.exe",
                          "StartTime":  "\/Date(1767181228716)\/"
                      },
                      {
                          "Name":  "chrome",
                          "ID":  7580,
                          "CPU":  150.45,
                          "MemoryMB":  286.18,
                          "Path":  "C:\\Program Files\\Google\\Chrome\\Application\\chrome.exe",
                          "StartTime":  "\/Date(1767181226658)\/"
                      },
                      {
                          "Name":  "dwm",
                          "ID":  1540,
                          "CPU":  149.94,
                          "MemoryMB":  55.15,
                          "Path":  "C:\\Windows\\system32\\dwm.exe",
                          "StartTime":  "\/Date(1767181097058)\/"
                      },
                      {
                          "Name":  "MsMpEng",
                          "ID":  4156,
                          "CPU":  146.44,
                          "MemoryMB":  291.22,
                          "Path":  null,
                          "StartTime":  "\/Date(1767181102684)\/"
                      },
                      {
                          "Name":  "SurSvc",
                          "ID":  3248,
                          "CPU":  43.92,
                          "MemoryMB":  69.43,
                          "Path":  "C:\\Program Files\\Intel\\SUR\\QUEENCREEK\\SurSvc.exe",
                          "StartTime":  "\/Date(1767181102594)\/"
                      },
                      {
                          "Name":  "System",
                          "ID":  4,
                          "CPU":  33.75,
                          "MemoryMB":  15.74,
                          "Path":  null,
                          "StartTime":  "\/Date(1767181074887)\/"
                      },
                      {
                          "Name":  "EPSecurityService",
                          "ID":  4120,
                          "CPU":  21.19,
                          "MemoryMB":  137.77,
                          "Path":  "C:\\Program Files\\Bitdefender\\Endpoint Security\\EPSecurityService.exe",
                          "StartTime":  "\/Date(1767181102646)\/"
                      },
                      {
                          "Name":  "Memory Compression",
                          "ID":  2804,
                          "CPU":  20.62,
                          "MemoryMB":  585.66,
                          "Path":  null,
                          "StartTime":  "\/Date(1767181099306)\/"
                      },
                      {
                          "Name":  "msedgewebview2",
                          "ID":  11472,
                          "CPU":  18.55,
                          "MemoryMB":  13.34,
                          "Path":  "C:\\Program Files (x86)\\Microsoft\\EdgeWebView\\Application\\143.0.3650.96\\msedgewebview2.exe",
                          "StartTime":  "\/Date(1767181220899)\/"
                      },
                      {
                          "Name":  "chrome",
                          "ID":  2636,
                          "CPU":  16.25,
                          "MemoryMB":  259.68,
                          "Path":  "C:\\Program Files\\Google\\Chrome\\Application\\chrome.exe",
                          "StartTime":  "\/Date(1767182369301)\/"
                      },
                      {
                          "Name":  "DSAService",
                          "ID":  4172,
                          "CPU":  16.16,
                          "MemoryMB":  114.73,
                          "Path":  "C:\\Program Files (x86)\\Intel\\Driver and Support Assistant\\x86\\DSAService.exe",
                          "StartTime":  "\/Date(1767181102689)\/"
                      },
                      {
                          "Name":  "Canva",
                          "ID":  8584,
                          "CPU":  12.84,
                          "MemoryMB":  357.99,
                          "Path":  "C:\\Users\\salmo.henrique\\AppData\\Local\\Programs\\Canva\\Canva.exe",
                          "StartTime":  "\/Date(1767184194513)\/"
                      },
                      {
                          "Name":  "chrome",
                          "ID":  2324,
                          "CPU":  10.86,
                          "MemoryMB":  52.16,
                          "Path":  "C:\\Program Files\\Google\\Chrome\\Application\\chrome.exe",
                          "StartTime":  "\/Date(1767181228718)\/"
                      },
                      {
                          "Name":  "Canva",
                          "ID":  4420,
                          "CPU":  9.69,
                          "MemoryMB":  375.22,
                          "Path":  "C:\\Users\\salmo.henrique\\AppData\\Local\\Programs\\Canva\\Canva.exe",
                          "StartTime":  "\/Date(1767184191027)\/"
                      }
                  ],
    "Services":  [
                     {
                         "Name":  "DHCP",
                         "DisplayName":  "Cliente DHCP",
                         "Status":  4,
                         "StartType":  "Auto"
                     },
                     {
                         "Name":  "EventLog",
                         "DisplayName":  "Log de Eventos do Windows",
                         "Status":  4,
                         "StartType":  "Auto"
                     },
                     {
                         "Name":  "LanmanServer",
                         "DisplayName":  "Server",
                         "Status":  4,
                         "StartType":  "Auto"
                     },
                     {
                         "Name":  "LanmanWorkstation",
                         "DisplayName":  "Estação de trabalho",
                         "Status":  4,
                         "StartType":  "Auto"
                     },
                     {
                         "Name":  "Spooler",
                         "DisplayName":  "Spooler de Impressão",
                         "Status":  4,
                         "StartType":  "Auto"
                     },
                     {
                         "Name":  "WinRM",
                         "DisplayName":  "Windows Remote Management (WS-Management)",
                         "Status":  1,
                         "StartType":  "Manual"
                     }
                 ],
    "Software":  [
                     {
                         "Name":  "CorelDRAW Graphics Suite 2025",
                         "Version":  "26.2.0.170",
                         "Publisher":  "Corel Corporation",
                         "InstallDate":  null,
                         "SizeMB":  2081.1
                     },
                     {
                         "Name":  "Bitdefender Endpoint Security Tools",
                         "Version":  "7.9.29.589",
                         "Publisher":  "Bitdefender",
                         "InstallDate":  "20250618",
                         "SizeMB":  895.32
                     },
                     {
                         "Name":  "CorelDRAW Graphics Suite 2025 - Common (x64)",
                         "Version":  "26.2",
                         "Publisher":  "Corel Corporation",
                         "InstallDate":  "20251030",
                         "SizeMB":  594.52
                     },
                     {
                         "Name":  "Microsoft Windows Desktop Runtime - 8.0.10 (x64)",
                         "Version":  "8.0.10.34118",
                         "Publisher":  "Microsoft Corporation",
                         "InstallDate":  null,
                         "SizeMB":  216.32
                     },
                     {
                         "Name":  "Microsoft Windows Desktop Runtime - 8.0.14 (x86)",
                         "Version":  "8.0.14.34613",
                         "Publisher":  "Microsoft Corporation",
                         "InstallDate":  null,
                         "SizeMB":  201.68
                     },
                     {
                         "Name":  "CorelDRAW Graphics Suite 2025 - Models (x64)",
                         "Version":  "26.2",
                         "Publisher":  "Corel Corporation",
                         "InstallDate":  "20251030",
                         "SizeMB":  144.09
                     },
                     {
                         "Name":  "CorelDRAW Graphics Suite 2025 - Draw (x64)",
                         "Version":  "26.2",
                         "Publisher":  "Corel Corporation",
                         "InstallDate":  "20251030",
                         "SizeMB":  127.27
                     },
                     {
                         "Name":  "CorelDRAW Graphics Suite 2025 - Filters (x64)",
                         "Version":  "26.2",
                         "Publisher":  "Corel Corporation",
                         "InstallDate":  "20251030",
                         "SizeMB":  124.49
                     },
                     {
                         "Name":  "Microsoft .NET Runtime - 8.0.14 (x64)",
                         "Version":  "8.0.14.34611",
                         "Publisher":  "Microsoft Corporation",
                         "InstallDate":  null,
                         "SizeMB":  98.29
                     },
                     {
                         "Name":  "Microsoft Windows Desktop Runtime - 8.0.10 (x64)",
                         "Version":  "64.40.21605",
                         "Publisher":  "Microsoft Corporation",
                         "InstallDate":  "20250704",
                         "SizeMB":  89.93
                     },
                     {
                         "Name":  "Microsoft Windows Desktop Runtime - 8.0.14 (x86)",
                         "Version":  "64.56.29521",
                         "Publisher":  "Microsoft Corporation",
                         "InstallDate":  "20250618",
                         "SizeMB":  84.66
                     },
                     {
                         "Name":  "Corel Update Manager",
                         "Version":  "2.21.711",
                         "Publisher":  "Corel corporation",
                         "InstallDate":  "20251030",
                         "SizeMB":  70.72
                     },
                     {
                         "Name":  "Microsoft .NET Runtime - 8.0.10 (x64)",
                         "Version":  "64.40.21578",
                         "Publisher":  "Microsoft Corporation",
                         "InstallDate":  "20250704",
                         "SizeMB":  70.36
                     },
                     {
                         "Name":  "Microsoft .NET Runtime - 8.0.14 (x64)",
                         "Version":  "64.56.29490",
                         "Publisher":  "Microsoft Corporation",
                         "InstallDate":  "20250618",
                         "SizeMB":  70.25
                     },
                     {
                         "Name":  "Ghostscript GPL 10.03.1 (Msi Setup)",
                         "Version":  "10.03.1",
                         "Publisher":  "Corel Corporation",
                         "InstallDate":  "20251030",
                         "SizeMB":  67.17
                     },
                     {
                         "Name":  "CorelDRAW Graphics Suite 2025 - Custom Data (x64)",
                         "Version":  "26.2",
                         "Publisher":  "Corel Corporation",
                         "InstallDate":  "20251030",
                         "SizeMB":  66.86
                     },
                     {
                         "Name":  "Microsoft .NET Runtime - 8.0.14 (x86)",
                         "Version":  "64.56.29490",
                         "Publisher":  "Microsoft Corporation",
                         "InstallDate":  "20250618",
                         "SizeMB":  64.75
                     },
                     {
                         "Name":  "Intel(R) Computing Improvement Program",
                         "Version":  "2.4.11085",
                         "Publisher":  "Intel Corporation",
                         "InstallDate":  "20251119",
                         "SizeMB":  57.35
                     },
                     {
                         "Name":  "CorelDRAW Graphics Suite 2025 - Setup Files (x64)",
                         "Version":  "26.2",
                         "Publisher":  "Corel Corporation",
                         "InstallDate":  "20251030",
                         "SizeMB":  40.2
                     },
                     {
                         "Name":  "Intel® Driver \u0026 Support Assistant",
                         "Version":  "25.4.36.6",
                         "Publisher":  "Intel",
                         "InstallDate":  "20250909",
                         "SizeMB":  37.06
                     }
                 ],
    "EventLogs":  [
                      {
                          "TimeCreated":  "\/Date(1767182796179)\/",
                          "LogName":  "System",
                          "Level":  "Erro",
                          "Provider":  "Service Control Manager",
                          "Message":  "O serviço Intel(R) Content Protection HECI Service terminou com o erro: \r\nErro não especificado\r\n",
                          "EventID":  7023
                      },
                      {
                          "TimeCreated":  "\/Date(1767182069219)\/",
                          "LogName":  "Application",
                          "Level":  "Erro",
                          "Provider":  ".NET Runtime",
                          "Message":  "Description: A .NET application failed.\nApplication: DSAArcDetect64.exe\nPath: C:\\Program Files (x86)\\Intel\\Driver and Support Assistant\\DSAArcDetect64.exe\nMessage: You must install or update .NET to r",
                          "EventID":  1023
                      },
                      {
                          "TimeCreated":  "\/Date(1767181426746)\/",
                          "LogName":  "Application",
                          "Level":  "Erro",
                          "Provider":  "Microsoft-Windows-PerfNet",
                          "Message":  "Não foi possível abrir o objeto de desempenho do serviço do Servidor. Os primeiros quatro bytes (DWORD) da seção de dados contém o código do status.\r\n",
                          "EventID":  2004
                      },
                      {
                          "TimeCreated":  "\/Date(1767181400563)\/",
                          "LogName":  "System",
                          "Level":  "Erro",
                          "Provider":  "Microsoft-Windows-TPM-WMI",
                          "Message":  "A atualização de Inicialização Segura falhou ao atualizar uma variável de Inicialização Segura com o erro A Inicialização Segura não está habilitada neste computador.. Para mais informações, consulte ",
                          "EventID":  1796
                      },
                      {
                          "TimeCreated":  "\/Date(1767181400563)\/",
                          "LogName":  "System",
                          "Level":  "Erro",
                          "Provider":  "Microsoft-Windows-TPM-WMI",
                          "Message":  "A atualização de Inicialização Segura falhou ao atualizar uma variável de Inicialização Segura com o erro A Inicialização Segura não está habilitada neste computador.. Para mais informações, consulte ",
                          "EventID":  1796
                      },
                      {
                          "TimeCreated":  "\/Date(1767181163932)\/",
                          "LogName":  "Application",
                          "Level":  "Erro",
                          "Provider":  ".NET Runtime",
                          "Message":  "Description: A .NET application failed.\nApplication: DSAArcDetect64.exe\nPath: C:\\Program Files (x86)\\Intel\\Driver and Support Assistant\\DSAArcDetect64.exe\nMessage: You must install or update .NET to r",
                          "EventID":  1023
                      },
                      {
                          "TimeCreated":  "\/Date(1767181098470)\/",
                          "LogName":  "System",
                          "Level":  "Erro",
                          "Provider":  "Service Control Manager",
                          "Message":  "O serviço cphs terminou com o erro: \r\nErro não especificado\r\n",
                          "EventID":  7023
                      },
                      {
                          "TimeCreated":  "\/Date(1767130181480)\/",
                          "LogName":  "System",
                          "Level":  "Erro",
                          "Provider":  "Service Control Manager",
                          "Message":  "O serviço Energy Server Service queencreek não foi desligado corretamente após receber um controle de pré-desligamento.\r\n",
                          "EventID":  7043
                      },
                      {
                          "TimeCreated":  "\/Date(1767128417402)\/",
                          "LogName":  "System",
                          "Level":  "Erro",
                          "Provider":  "Service Control Manager",
                          "Message":  "Não foi possível iniciar o serviço R0powershell devido ao seguinte erro: \r\nNão foi possível concluir a operação com êxito porque o arquivo contém um vírus ou software possivelmente indesejado.\r\n",
                          "EventID":  7000
                      },
                      {
                          "TimeCreated":  "\/Date(1767128415378)\/",
                          "LogName":  "System",
                          "Level":  "Erro",
                          "Provider":  "Service Control Manager",
                          "Message":  "Não foi possível iniciar o serviço R0powershell devido ao seguinte erro: \r\nNão foi possível concluir a operação com êxito porque o arquivo contém um vírus ou software possivelmente indesejado.\r\n",
                          "EventID":  7000
                      },
                      {
                          "TimeCreated":  "\/Date(1767126617618)\/",
                          "LogName":  "System",
                          "Level":  "Erro",
                          "Provider":  "Service Control Manager",
                          "Message":  "Não foi possível iniciar o serviço R0powershell devido ao seguinte erro: \r\nNão foi possível concluir a operação com êxito porque o arquivo contém um vírus ou software possivelmente indesejado.\r\n",
                          "EventID":  7000
                      },
                      {
                          "TimeCreated":  "\/Date(1767126615591)\/",
                          "LogName":  "System",
                          "Level":  "Erro",
                          "Provider":  "Service Control Manager",
                          "Message":  "Não foi possível iniciar o serviço R0powershell devido ao seguinte erro: \r\nNão foi possível concluir a operação com êxito porque o arquivo contém um vírus ou software possivelmente indesejado.\r\n",
                          "EventID":  7000
                      },
                      {
                          "TimeCreated":  "\/Date(1767125680131)\/",
                          "LogName":  "System",
                          "Level":  "Erro",
                          "Provider":  "Service Control Manager",
                          "Message":  "O serviço Intel(R) Content Protection HECI Service terminou com o erro: \r\nErro não especificado\r\n",
                          "EventID":  7023
                      },
                      {
                          "TimeCreated":  "\/Date(1767124819782)\/",
                          "LogName":  "System",
                          "Level":  "Erro",
                          "Provider":  "Service Control Manager",
                          "Message":  "Não foi possível iniciar o serviço R0powershell devido ao seguinte erro: \r\nNão foi possível concluir a operação com êxito porque o arquivo contém um vírus ou software possivelmente indesejado.\r\n",
                          "EventID":  7000
                      },
                      {
                          "TimeCreated":  "\/Date(1767124817740)\/",
                          "LogName":  "System",
                          "Level":  "Erro",
                          "Provider":  "Service Control Manager",
                          "Message":  "Não foi possível iniciar o serviço R0powershell devido ao seguinte erro: \r\nNão foi possível concluir a operação com êxito porque o arquivo contém um vírus ou software possivelmente indesejado.\r\n",
                          "EventID":  7000
                      },
                      {
                          "TimeCreated":  "\/Date(1767123017872)\/",
                          "LogName":  "System",
                          "Level":  "Erro",
                          "Provider":  "Service Control Manager",
                          "Message":  "Não foi possível iniciar o serviço R0powershell devido ao seguinte erro: \r\nNão foi possível concluir a operação com êxito porque o arquivo contém um vírus ou software possivelmente indesejado.\r\n",
                          "EventID":  7000
                      },
                      {
                          "TimeCreated":  "\/Date(1767123015849)\/",
                          "LogName":  "System",
                          "Level":  "Erro",
                          "Provider":  "Service Control Manager",
                          "Message":  "Não foi possível iniciar o serviço R0powershell devido ao seguinte erro: \r\nNão foi possível concluir a operação com êxito porque o arquivo contém um vírus ou software possivelmente indesejado.\r\n",
                          "EventID":  7000
                      },
                      {
                          "TimeCreated":  "\/Date(1767121218020)\/",
                          "LogName":  "System",
                          "Level":  "Erro",
                          "Provider":  "Service Control Manager",
                          "Message":  "Não foi possível iniciar o serviço R0powershell devido ao seguinte erro: \r\nNão foi possível concluir a operação com êxito porque o arquivo contém um vírus ou software possivelmente indesejado.\r\n",
                          "EventID":  7000
                      },
                      {
                          "TimeCreated":  "\/Date(1767121215998)\/",
                          "LogName":  "System",
                          "Level":  "Erro",
                          "Provider":  "Service Control Manager",
                          "Message":  "Não foi possível iniciar o serviço R0powershell devido ao seguinte erro: \r\nNão foi possível concluir a operação com êxito porque o arquivo contém um vírus ou software possivelmente indesejado.\r\n",
                          "EventID":  7000
                      },
                      {
                          "TimeCreated":  "\/Date(1767119422846)\/",
                          "LogName":  "System",
                          "Level":  "Erro",
                          "Provider":  "Service Control Manager",
                          "Message":  "Não foi possível iniciar o serviço R0powershell devido ao seguinte erro: \r\nNão foi possível concluir a operação com êxito porque o arquivo contém um vírus ou software possivelmente indesejado.\r\n",
                          "EventID":  7000
                      },
                      {
                          "TimeCreated":  "\/Date(1767119420817)\/",
                          "LogName":  "System",
                          "Level":  "Erro",
                          "Provider":  "Service Control Manager",
                          "Message":  "Não foi possível iniciar o serviço R0powershell devido ao seguinte erro: \r\nNão foi possível concluir a operação com êxito porque o arquivo contém um vírus ou software possivelmente indesejado.\r\n",
                          "EventID":  7000
                      },
                      {
                          "TimeCreated":  "\/Date(1767117623854)\/",
                          "LogName":  "System",
                          "Level":  "Erro",
                          "Provider":  "Service Control Manager",
                          "Message":  "Não foi possível iniciar o serviço R0powershell devido ao seguinte erro: \r\nNão foi possível concluir a operação com êxito porque o arquivo contém um vírus ou software possivelmente indesejado.\r\n",
                          "EventID":  7000
                      },
                      {
                          "TimeCreated":  "\/Date(1767117621832)\/",
                          "LogName":  "System",
                          "Level":  "Erro",
                          "Provider":  "Service Control Manager",
                          "Message":  "Não foi possível iniciar o serviço R0powershell devido ao seguinte erro: \r\nNão foi possível concluir a operação com êxito porque o arquivo contém um vírus ou software possivelmente indesejado.\r\n",
                          "EventID":  7000
                      },
                      {
                          "TimeCreated":  "\/Date(1767116149264)\/",
                          "LogName":  "System",
                          "Level":  "Erro",
                          "Provider":  "Service Control Manager",
                          "Message":  "O serviço Intel(R) Content Protection HECI Service terminou com o erro: \r\nErro não especificado\r\n",
                          "EventID":  7023
                      },
                      {
                          "TimeCreated":  "\/Date(1767115816304)\/",
                          "LogName":  "System",
                          "Level":  "Erro",
                          "Provider":  "Service Control Manager",
                          "Message":  "Não foi possível iniciar o serviço R0powershell devido ao seguinte erro: \r\nNão foi possível concluir a operação com êxito porque o arquivo contém um vírus ou software possivelmente indesejado.\r\n",
                          "EventID":  7000
                      },
                      {
                          "TimeCreated":  "\/Date(1767115814277)\/",
                          "LogName":  "System",
                          "Level":  "Erro",
                          "Provider":  "Service Control Manager",
                          "Message":  "Não foi possível iniciar o serviço R0powershell devido ao seguinte erro: \r\nNão foi possível concluir a operação com êxito porque o arquivo contém um vírus ou software possivelmente indesejado.\r\n",
                          "EventID":  7000
                      },
                      {
                          "TimeCreated":  "\/Date(1767114015223)\/",
                          "LogName":  "System",
                          "Level":  "Erro",
                          "Provider":  "Service Control Manager",
                          "Message":  "Não foi possível iniciar o serviço R0powershell devido ao seguinte erro: \r\nNão foi possível concluir a operação com êxito porque o arquivo contém um vírus ou software possivelmente indesejado.\r\n",
                          "EventID":  7000
                      },
                      {
                          "TimeCreated":  "\/Date(1767114013193)\/",
                          "LogName":  "System",
                          "Level":  "Erro",
                          "Provider":  "Service Control Manager",
                          "Message":  "Não foi possível iniciar o serviço R0powershell devido ao seguinte erro: \r\nNão foi possível concluir a operação com êxito porque o arquivo contém um vírus ou software possivelmente indesejado.\r\n",
                          "EventID":  7000
                      },
                      {
                          "TimeCreated":  "\/Date(1767112214287)\/",
                          "LogName":  "System",
                          "Level":  "Erro",
                          "Provider":  "Service Control Manager",
                          "Message":  "Não foi possível iniciar o serviço R0powershell devido ao seguinte erro: \r\nNão foi possível concluir a operação com êxito porque o arquivo contém um vírus ou software possivelmente indesejado.\r\n",
                          "EventID":  7000
                      },
                      {
                          "TimeCreated":  "\/Date(1767112212262)\/",
                          "LogName":  "System",
                          "Level":  "Erro",
                          "Provider":  "Service Control Manager",
                          "Message":  "Não foi possível iniciar o serviço R0powershell devido ao seguinte erro: \r\nNão foi possível concluir a operação com êxito porque o arquivo contém um vírus ou software possivelmente indesejado.\r\n",
                          "EventID":  7000
                      },
                      {
                          "TimeCreated":  "\/Date(1767110418233)\/",
                          "LogName":  "System",
                          "Level":  "Erro",
                          "Provider":  "Service Control Manager",
                          "Message":  "Não foi possível iniciar o serviço R0powershell devido ao seguinte erro: \r\nNão foi possível concluir a operação com êxito porque o arquivo contém um vírus ou software possivelmente indesejado.\r\n",
                          "EventID":  7000
                      },
                      {
                          "TimeCreated":  "\/Date(1767110416212)\/",
                          "LogName":  "System",
                          "Level":  "Erro",
                          "Provider":  "Service Control Manager",
                          "Message":  "Não foi possível iniciar o serviço R0powershell devido ao seguinte erro: \r\nNão foi possível concluir a operação com êxito porque o arquivo contém um vírus ou software possivelmente indesejado.\r\n",
                          "EventID":  7000
                      },
                      {
                          "TimeCreated":  "\/Date(1767109166579)\/",
                          "LogName":  "System",
                          "Level":  "Erro",
                          "Provider":  "Service Control Manager",
                          "Message":  "O serviço Intel(R) Content Protection HECI Service terminou com o erro: \r\nErro não especificado\r\n",
                          "EventID":  7023
                      },
                      {
                          "TimeCreated":  "\/Date(1767108617263)\/",
                          "LogName":  "System",
                          "Level":  "Erro",
                          "Provider":  "Service Control Manager",
                          "Message":  "Não foi possível iniciar o serviço R0powershell devido ao seguinte erro: \r\nNão foi possível concluir a operação com êxito porque o arquivo contém um vírus ou software possivelmente indesejado.\r\n",
                          "EventID":  7000
                      },
                      {
                          "TimeCreated":  "\/Date(1767108615240)\/",
                          "LogName":  "System",
                          "Level":  "Erro",
                          "Provider":  "Service Control Manager",
                          "Message":  "Não foi possível iniciar o serviço R0powershell devido ao seguinte erro: \r\nNão foi possível concluir a operação com êxito porque o arquivo contém um vírus ou software possivelmente indesejado.\r\n",
                          "EventID":  7000
                      },
                      {
                          "TimeCreated":  "\/Date(1767107053014)\/",
                          "LogName":  "System",
                          "Level":  "Erro",
                          "Provider":  "Service Control Manager",
                          "Message":  "O serviço Intel(R) Content Protection HECI Service terminou com o erro: \r\nErro não especificado\r\n",
                          "EventID":  7023
                      },
                      {
                          "TimeCreated":  "\/Date(1767106819255)\/",
                          "LogName":  "System",
                          "Level":  "Erro",
                          "Provider":  "Service Control Manager",
                          "Message":  "Não foi possível iniciar o serviço R0powershell devido ao seguinte erro: \r\nNão foi possível concluir a operação com êxito porque o arquivo contém um vírus ou software possivelmente indesejado.\r\n",
                          "EventID":  7000
                      },
                      {
                          "TimeCreated":  "\/Date(1767106817230)\/",
                          "LogName":  "System",
                          "Level":  "Erro",
                          "Provider":  "Service Control Manager",
                          "Message":  "Não foi possível iniciar o serviço R0powershell devido ao seguinte erro: \r\nNão foi possível concluir a operação com êxito porque o arquivo contém um vírus ou software possivelmente indesejado.\r\n",
                          "EventID":  7000
                      },
                      {
                          "TimeCreated":  "\/Date(1767105023046)\/",
                          "LogName":  "System",
                          "Level":  "Erro",
                          "Provider":  "Service Control Manager",
                          "Message":  "Não foi possível iniciar o serviço R0powershell devido ao seguinte erro: \r\nNão foi possível concluir a operação com êxito porque o arquivo contém um vírus ou software possivelmente indesejado.\r\n",
                          "EventID":  7000
                      },
                      {
                          "TimeCreated":  "\/Date(1767105021026)\/",
                          "LogName":  "System",
                          "Level":  "Erro",
                          "Provider":  "Service Control Manager",
                          "Message":  "Não foi possível iniciar o serviço R0powershell devido ao seguinte erro: \r\nNão foi possível concluir a operação com êxito porque o arquivo contém um vírus ou software possivelmente indesejado.\r\n",
                          "EventID":  7000
                      },
                      {
                          "TimeCreated":  "\/Date(1767103394750)\/",
                          "LogName":  "System",
                          "Level":  "Erro",
                          "Provider":  "Service Control Manager",
                          "Message":  "O serviço Intel(R) Content Protection HECI Service terminou com o erro: \r\nErro não especificado\r\n",
                          "EventID":  7023
                      },
                      {
                          "TimeCreated":  "\/Date(1767103224391)\/",
                          "LogName":  "System",
                          "Level":  "Erro",
                          "Provider":  "Service Control Manager",
                          "Message":  "Não foi possível iniciar o serviço R0powershell devido ao seguinte erro: \r\nNão foi possível concluir a operação com êxito porque o arquivo contém um vírus ou software possivelmente indesejado.\r\n",
                          "EventID":  7000
                      },
                      {
                          "TimeCreated":  "\/Date(1767103222369)\/",
                          "LogName":  "System",
                          "Level":  "Erro",
                          "Provider":  "Service Control Manager",
                          "Message":  "Não foi possível iniciar o serviço R0powershell devido ao seguinte erro: \r\nNão foi possível concluir a operação com êxito porque o arquivo contém um vírus ou software possivelmente indesejado.\r\n",
                          "EventID":  7000
                      },
                      {
                          "TimeCreated":  "\/Date(1767101419335)\/",
                          "LogName":  "System",
                          "Level":  "Erro",
                          "Provider":  "Service Control Manager",
                          "Message":  "Não foi possível iniciar o serviço R0powershell devido ao seguinte erro: \r\nNão foi possível concluir a operação com êxito porque o arquivo contém um vírus ou software possivelmente indesejado.\r\n",
                          "EventID":  7000
                      },
