{
    "Hostname":  "SPA-AVARIA",
    "TimestampUtc":  "2025-12-31T12:30:14.3484942Z",
    "Status":  "OK",
    "IssuesWarn":  [

                   ],
    "IssuesCrit":  [

                   ],
    "CollectionMode":  "Completo",
    "ScriptVersion":  "2.4",
    "OS":  {
               "Caption":  "Microsoft Windows 10 Pro",
               "Version":  "10.0.19045",
               "Build":  "19045",
               "Architecture":  "64 bits",
               "InstallDate":  "\/Date(1653307413000)\/",
               "LastBoot":  "\/Date(1767182369317)\/",
               "Uptime":  "0d 0h 30m"
           },
    "Computer":  {
                     "Manufacturer":  "LENOVO",
                     "Model":  "10TXA00LBR",
                     "Family":  "V530S-07ICB",
                     "Domain":  "brasildis.lan",
                     "Serial":  "PE056Q7D",
                     "User":  "BRASILDIST\\fabricio.santos"
                 },
    "BIOS":  {
                 "Vendor":  "LENOVO",
                 "Version":  "M22KT42A",
                 "ReleaseDate":  "\/Date(1577059200000)\/"
             },
    "BaseBoard":  {
                      "Manufacturer":  "LENOVO",
                      "Product":  "3140",
                      "Serial":  "                    "
                  },
    "CPU":  {
                "Name":  "Intel(R) Core(TM) i3-8100 CPU @ 3.60GHz",
                "Cores":  4,
                "Logical":  4,
                "MaxClockMHz":  3600,
                "ProcessorId":  "BFEBFBFF000906EB"
            },
    "GPU":  {
                "Name":  "Intel(R) UHD Graphics 630",
                "DriverVersion":  "31.0.101.2135",
                "DriverDate":  "\/Date(1741219200000)\/",
                "VRAM_GB":  1,
                "Resolution":  "1600x900",
                "RefreshRate":  "60Hz",
                "MaxRefreshRate":  "75Hz"
            },
    "Monitor":  {
                    "Count":  1,
                    "Monitors":  [
                                     {
                                         "Manufacturer":  "LEN",
                                         "Name":  "LEN E2002bA",
                                         "Model":  "60BB",
                                         "Serial":  "VA493580",
                                         "Week":  35,
                                         "Year":  2021,
                                         "SizeInches":  19.4,
                                         "WidthCm":  43,
                                         "HeightCm":  24,
                                         "Input":  "Analógica",
                                         "InstanceName":  "DISPLAY\\LEN60BB\\4\u00262dc62ace\u00260\u0026UID224795_0",
                                         "DisplayName":  null,
                                         "WidthPx":  1600,
                                         "HeightPx":  900,
                                         "Resolution":  "1600x900",
                                         "CurrentHz":  null,
                                         "MaxHz":  null,
                                         "Primary":  true
                                     }
                                 ],
                    "WinFormsScreens":  [
                                            {
                                                "Index":  0,
                                                "Primary":  false,
                                                "WidthPx":  1600,
                                                "HeightPx":  900,
                                                "DeviceName":  null,
                                                "Resolution":  "1600x900"
                                            },
                                            {
                                                "Index":  1,
                                                "Primary":  false,
                                                "WidthPx":  1600,
                                                "HeightPx":  900,
                                                "DeviceName":  null,
                                                "Resolution":  "1600x900"
                                            },
                                            {
                                                "Index":  2,
                                                "Primary":  false,
                                                "WidthPx":  1600,
                                                "HeightPx":  900,
                                                "DeviceName":  null,
                                                "Resolution":  "1600x900"
                                            },
                                            {
                                                "Index":  3,
                                                "Primary":  false,
                                                "WidthPx":  1600,
                                                "HeightPx":  900,
                                                "DeviceName":  null,
                                                "Resolution":  "1600x900"
                                            },
                                            {
                                                "Index":  4,
                                                "Primary":  false,
                                                "WidthPx":  1440,
                                                "HeightPx":  900,
                                                "DeviceName":  null,
                                                "Resolution":  "1440x900"
                                            },
                                            {
                                                "Index":  5,
                                                "Primary":  false,
                                                "WidthPx":  1440,
                                                "HeightPx":  900,
                                                "DeviceName":  null,
                                                "Resolution":  "1440x900"
                                            }
                                        ]
                },
    "RAM":  {
                "TotalGB":  15.89,
                "FreeGB":  10.4,
                "FreePercent":  65.4,
                "Modules":  [
                                {
                                    "Bank":  "BANK 0",
                                    "Slot":  "ChannelA-DIMM1",
                                    "Manuf":  "8F1C",
                                    "Part":  "RM-D4-8G-3200Z      ",
                                    "Serial":  "000000E0",
                                    "CapacityGB":  8,
                                    "SpeedMHz":  2400,
                                    "ConfClk":  2400,
                                    "Form":  8,
                                    "SMBIOSType":  26,
                                    "Voltage":  1.2,
                                    "Min_Voltage":  1.2,
                                    "Max_Voltage":  1.2
                                },
                                {
                                    "Bank":  "BANK 2",
                                    "Slot":  "ChannelB-DIMM2",
                                    "Manuf":  "8F1C",
                                    "Part":  "RM-D4-8G-3200Z      ",
                                    "Serial":  "0000003E",
                                    "CapacityGB":  8,
                                    "SpeedMHz":  2400,
                                    "ConfClk":  2400,
                                    "Form":  8,
                                    "SMBIOSType":  26,
                                    "Voltage":  1.2,
                                    "Min_Voltage":  1.2,
                                    "Max_Voltage":  1.2
                                }
                            ]
            },
    "Storage":  {
                    "Volumes":  [
                                    {
                                        "DriveLetter":  "C",
                                        "Label":  "",
                                        "FileSystem":  "NTFS",
                                        "SizeGB":  222.94,
                                        "FreeGB":  155.06,
                                        "FreePercent":  69.6,
                                        "Health":  "Healthy"
                                    }
                                ],
                    "Disks":  [
                                  {
                                      "Model":  "KINGSTON SA400S37240G",
                                      "Serial":  "50026B7783E4E9E0",
                                      "Media":  "SSD",
                                      "Bus":  "SATA",
                                      "Type":  "SSD",
                                      "SizeGB":  223.57,
                                      "Health":  "Healthy",
                                      "OpStatus":  "OK",
                                      "Spindle":  0
                                  }
                              ]
                },
    "Network":  {
                    "IPv4":  [
                                 "192.168.17.70"
                             ],
                    "MACs":  [
                                 "64:1C:67:AF:B8:AA"
                             ],
                    "Adapters":  [
                                     {
                                         "Name":  "Ethernet",
                                         "Status":  "Up",
                                         "MAC":  "64-1C-67-AF-B8-AA",
                                         "IPv4":  [
                                                      "192.168.17.70"
                                                  ],
                                         "Speed":  "100 Mbps"
                                     }
                                 ]
                },
    "Temps":  {
                  "ACPI_MaxC":  27.9,
                  "Disk_MaxC":  null,
                  "MaxC":  46,
                  "LibreHW":  {
                                  "CPU":  {
                                              "ValueC":  46,
                                              "Display":  "46,0 °C"
                                          },
                                  "GPU":  {
                                              "ValueC":  null,
                                              "Display":  "N/A"
                                          },
                                  "RAM":  {
                                              "ValueC":  null,
                                              "Display":  "N/A"
                                          },
                                  "Storage":  {
                                                  "ValueC":  31,
                                                  "Display":  "31,0 °C"
                                              },
                                  "Mainboard":  {
                                                    "ValueC":  null,
                                                    "Display":  "N/A"
                                                },
                                  "Chipset":  {
                                                  "ValueC":  null,
                                                  "Display":  "N/A"
                                              },
                                  "Sensors":  [
                                                  {
                                                      "HardwareName":  "Intel Core i3-8100",
                                                      "HardwareType":  "Cpu",
                                                      "SensorName":  "CPU Package",
                                                      "SensorId":  "/intelcpu/0/temperature/6",
                                                      "ValueC":  46,
                                                      "MinC":  46,
                                                      "MaxC":  49
                                                  },
                                                  {
                                                      "HardwareName":  "KINGSTON SA400S37240G",
                                                      "HardwareType":  "Storage",
                                                      "SensorName":  "Temperature",
                                                      "SensorId":  "/hdd/0/temperature/0",
                                                      "ValueC":  31,
                                                      "MinC":  31,
                                                      "MaxC":  31
                                                  }
                                              ]
                              }
              },
    "Processes":  [
                      {
                          "Name":  "msedgewebview2",
                          "ID":  8908,
                          "CPU":  58.38,
                          "MemoryMB":  406.24,
                          "Path":  "C:\\Program Files (x86)\\Microsoft\\EdgeWebView\\Application\\143.0.3650.96\\msedgewebview2.exe",
                          "StartTime":  "\/Date(1767182524259)\/"
                      },
                      {
                          "Name":  "EPSecurityService",
                          "ID":  3624,
                          "CPU":  34.59,
                          "MemoryMB":  640.05,
                          "Path":  "C:\\Program Files\\Bitdefender\\Endpoint Security\\EPSecurityService.exe",
                          "StartTime":  "\/Date(1767131130870)\/"
                      },
                      {
                          "Name":  "msedgewebview2",
                          "ID":  6628,
                          "CPU":  31.08,
                          "MemoryMB":  32.8,
                          "Path":  "C:\\Program Files (x86)\\Microsoft\\EdgeWebView\\Application\\143.0.3650.96\\msedgewebview2.exe",
                          "StartTime":  "\/Date(1767182513250)\/"
                      },
                      {
                          "Name":  "dwm",
                          "ID":  1792,
                          "CPU":  29.89,
                          "MemoryMB":  86.84,
                          "Path":  "C:\\WINDOWS\\system32\\dwm.exe",
                          "StartTime":  "\/Date(1767131130141)\/"
                      },
                      {
                          "Name":  "System",
                          "ID":  4,
                          "CPU":  26.86,
                          "MemoryMB":  3.26,
                          "Path":  null,
                          "StartTime":  "\/Date(1767131126832)\/"
                      },
                      {
                          "Name":  "chrome",
                          "ID":  11956,
                          "CPU":  25.41,
                          "MemoryMB":  97.44,
                          "Path":  "C:\\Program Files\\Google\\Chrome\\Application\\chrome.exe",
                          "StartTime":  "\/Date(1767182519199)\/"
                      },
                      {
                          "Name":  "PCSIS1756",
                          "ID":  5684,
                          "CPU":  21.3,
                          "MemoryMB":  81.73,
                          "Path":  "C:\\Winthor\\Spool\\Executaveis\\PCSIS1756.EXE",
                          "StartTime":  "\/Date(1767182734116)\/"
                      },
                      {
                          "Name":  "chrome",
                          "ID":  12096,
                          "CPU":  18.89,
                          "MemoryMB":  189.27,
                          "Path":  "C:\\Program Files\\Google\\Chrome\\Application\\chrome.exe",
                          "StartTime":  "\/Date(1767182519486)\/"
                      },
                      {
                          "Name":  "chrome",
                          "ID":  11536,
                          "CPU":  17.52,
                          "MemoryMB":  181.84,
                          "Path":  "C:\\Program Files\\Google\\Chrome\\Application\\chrome.exe",
                          "StartTime":  "\/Date(1767182517421)\/"
                      },
                      {
                          "Name":  "msedgewebview2",
                          "ID":  11860,
                          "CPU":  13.2,
                          "MemoryMB":  50.44,
                          "Path":  "C:\\Program Files (x86)\\Microsoft\\EdgeWebView\\Application\\143.0.3650.96\\msedgewebview2.exe",
                          "StartTime":  "\/Date(1767182520486)\/"
                      },
                      {
                          "Name":  "explorer",
                          "ID":  7008,
                          "CPU":  11.86,
                          "MemoryMB":  141.38,
                          "Path":  "C:\\WINDOWS\\Explorer.EXE",
                          "StartTime":  "\/Date(1767182495951)\/"
                      },
                      {
                          "Name":  "msedgewebview2",
                          "ID":  12056,
                          "CPU":  10.69,
                          "MemoryMB":  147.59,
                          "Path":  "C:\\Program Files (x86)\\Microsoft\\EdgeWebView\\Application\\143.0.3650.96\\msedgewebview2.exe",
                          "StartTime":  "\/Date(1767182519406)\/"
                      },
                      {
                          "Name":  "spoolsv",
                          "ID":  3376,
                          "CPU":  9.23,
                          "MemoryMB":  29.4,
                          "Path":  "C:\\WINDOWS\\System32\\spoolsv.exe",
                          "StartTime":  "\/Date(1767131130723)\/"
                      },
                      {
                          "Name":  "WhatsApp.Root",
                          "ID":  10428,
                          "CPU":  8.17,
                          "MemoryMB":  203.33,
                          "Path":  "C:\\Program Files\\WindowsApps\\5319275A.WhatsAppDesktop_2.2587.9.0_x64__cv1g1gvanyjgm\\WhatsApp.Root.exe",
                          "StartTime":  "\/Date(1767182512969)\/"
                      },
                      {
                          "Name":  "msedgewebview2",
                          "ID":  10328,
                          "CPU":  7.58,
                          "MemoryMB":  29.59,
                          "Path":  "C:\\Program Files (x86)\\Microsoft\\EdgeWebView\\Application\\143.0.3650.96\\msedgewebview2.exe",
                          "StartTime":  "\/Date(1767182512048)\/"
                      }
                  ],
    "Services":  [
                     {
                         "Name":  "DHCP",
                         "DisplayName":  "Cliente DHCP",
                         "Status":  4,
                         "StartType":  "Auto"
                     },
                     {
                         "Name":  "EventLog",
                         "DisplayName":  "Registo de Eventos do Windows",
                         "Status":  4,
                         "StartType":  "Auto"
                     },
                     {
                         "Name":  "LanmanServer",
                         "DisplayName":  "Servidor",
                         "Status":  4,
                         "StartType":  "Auto"
                     },
                     {
                         "Name":  "LanmanWorkstation",
                         "DisplayName":  "Estação de trabalho",
                         "Status":  4,
                         "StartType":  "Auto"
                     },
                     {
                         "Name":  "Spooler",
                         "DisplayName":  "Spooler de Impressão",
                         "Status":  4,
                         "StartType":  "Auto"
                     },
                     {
                         "Name":  "WinRM",
                         "DisplayName":  "Gestão Remota do Windows (WS-Management)",
                         "Status":  1,
                         "StartType":  "Manual"
                     }
                 ],
    "Software":  [
                     {
                         "Name":  "Bitdefender Endpoint Security Tools",
                         "Version":  "7.9.29.589",
                         "Publisher":  "Bitdefender",
                         "InstallDate":  "20240821",
                         "SizeMB":  1225.09
                     },
                     {
                         "Name":  "LibreOffice 25.8.2.2",
                         "Version":  "25.8.2.2",
                         "Publisher":  "The Document Foundation",
                         "InstallDate":  "20251016",
                         "SizeMB":  780.46
                     },
                     {
                         "Name":  "Microsoft Windows Desktop Runtime - 8.0.22 (x64)",
                         "Version":  "8.0.22.35428",
                         "Publisher":  "Microsoft Corporation",
                         "InstallDate":  null,
                         "SizeMB":  217.03
                     },
                     {
                         "Name":  "Microsoft Windows Desktop Runtime - 8.0.22 (x86)",
                         "Version":  "8.0.22.35428",
                         "Publisher":  "Microsoft Corporation",
                         "InstallDate":  null,
                         "SizeMB":  201.65
                     },
                     {
                         "Name":  "Microsoft Edge",
                         "Version":  "143.0.3650.96",
                         "Publisher":  "Microsoft Corporation",
                         "InstallDate":  "20251016",
                         "SizeMB":  183.93
                     },
                     {
                         "Name":  "Microsoft Teams Meeting Add-in for Microsoft Office",
                         "Version":  "1.25.28902",
                         "Publisher":  "Microsoft",
                         "InstallDate":  "20251222",
                         "SizeMB":  168.91
                     },
                     {
                         "Name":  "Java 8 Update 461 (64-bit)",
                         "Version":  "8.0.4610.11",
                         "Publisher":  "Oracle Corporation",
                         "InstallDate":  "20251016",
                         "SizeMB":  113.17
                     },
                     {
                         "Name":  "Microsoft .NET Runtime - 8.0.22 (x64)",
                         "Version":  "8.0.22.35427",
                         "Publisher":  "Microsoft Corporation",
                         "InstallDate":  null,
                         "SizeMB":  98.38
                     },
                     {
                         "Name":  "Microsoft Windows Desktop Runtime - 8.0.22 (x64)",
                         "Version":  "64.88.42561",
                         "Publisher":  "Microsoft Corporation",
                         "InstallDate":  "20251112",
                         "SizeMB":  89.94
                     },
                     {
                         "Name":  "Microsoft Windows Desktop Runtime - 8.0.22 (x86)",
                         "Version":  "64.88.42561",
                         "Publisher":  "Microsoft Corporation",
                         "InstallDate":  "20251112",
                         "SizeMB":  84.68
                     },
                     {
                         "Name":  "I.R.I.S. OCR",
                         "Version":  "12.3.6.10",
                         "Publisher":  "HP",
                         "InstallDate":  "20220526",
                         "SizeMB":  71.37
                     },
                     {
                         "Name":  "Microsoft .NET Runtime - 8.0.22 (x64)",
                         "Version":  "64.88.42551",
                         "Publisher":  "Microsoft Corporation",
                         "InstallDate":  "20251112",
                         "SizeMB":  70.25
                     },
                     {
                         "Name":  "Microsoft .NET Runtime - 8.0.22 (x86)",
                         "Version":  "64.88.42551",
                         "Publisher":  "Microsoft Corporation",
                         "InstallDate":  "20251112",
                         "SizeMB":  64.79
                     },
                     {
                         "Name":  "HP LJ Network PC Fax",
                         "Version":  "2.00.15 (08/04/2021)",
                         "Publisher":  "HP Inc.",
                         "InstallDate":  null,
                         "SizeMB":  43.36
                     },
                     {
                         "Name":  "HP LJ M426M427 Scan HP Scan",
                         "Version":  "1.0.302.0",
                         "Publisher":  "Hewlett-Packard Co.",
                         "InstallDate":  "20230302",
                         "SizeMB":  42.83
                     },
                     {
                         "Name":  "Microsoft ASP.NET Core 8.0.22 - Shared Framework (x64)",
                         "Version":  "8.0.22.25528",
                         "Publisher":  "Microsoft Corporation",
                         "InstallDate":  null,
                         "SizeMB":  37.06
                     },
                     {
                         "Name":  "Microsoft ASP.NET Core 8.0.22 - Shared Framework (x86)",
                         "Version":  "8.0.22.25528",
                         "Publisher":  "Microsoft Corporation",
                         "InstallDate":  null,
                         "SizeMB":  34.06
                     },
                     {
                         "Name":  "Office 16 Click-to-Run Extensibility Component",
                         "Version":  "16.0.19426.20170",
                         "Publisher":  "Microsoft Corporation",
                         "InstallDate":  "20251208",
                         "SizeMB":  31.43
                     },
                     {
                         "Name":  "HPDXP",
                         "Version":  "3.0.26.16",
                         "Publisher":  "HP",
                         "InstallDate":  "20230302",
                         "SizeMB":  28.37
                     },
                     {
                         "Name":  "Microsoft ASP.NET Core 8.0.22 Shared Framework (x64)",
                         "Version":  "8.0.22.25528",
                         "Publisher":  "Microsoft Corporation",
                         "InstallDate":  "20251112",
                         "SizeMB":  27.38
                     }
                 ],
    "EventLogs":  [
                      {
                          "TimeCreated":  "\/Date(1767182498737)\/",
                          "LogName":  "System",
                          "Level":  "Erro",
                          "Provider":  "Service Control Manager",
                          "Message":  "O serviço Serviço do Google Update (gupdate) falhou o arranque devido ao seguinte erro: \r\nO serviço não respondeu ao pedido de início ou controlo atempadamente.\r\n",
                          "EventID":  7000
                      },
                      {
                          "TimeCreated":  "\/Date(1767182498737)\/",
                          "LogName":  "System",
                          "Level":  "Erro",
                          "Provider":  "Service Control Manager",
                          "Message":  "Foi atingido o tempo limite (30000 milissegundos) ao aguardar pela ligação do serviço Serviço do Google Update (gupdate).\r\n",
                          "EventID":  7009
                      },
                      {
                          "TimeCreated":  "\/Date(1767182403094)\/",
                          "LogName":  "System",
                          "Level":  "Erro",
                          "Provider":  "Microsoft-Windows-TPM-WMI",
                          "Message":  "Secure Boot CA/keys need to be updated. This device signature information is included here.\r\nDeviceAttributes: FirmwareVersion:M22KT42A;OEMManufacturerName:LENOVO;OEMModelSKU:LENOVO_MT_10TX_BU_Lenovo_",
                          "EventID":  1801
                      },
                      {
                          "TimeCreated":  "\/Date(1767131114959)\/",
                          "LogName":  "System",
                          "Level":  "Erro",
                          "Provider":  "Microsoft-Windows-DistributedCOM",
                          "Message":  "O servidor {338B40F9-9D68-4B53-A793-6B9AA0C5F63B} não foi registado no DCOM dentro do tempo limite necessário.\r\n",
                          "EventID":  10010
                      },
                      {
                          "TimeCreated":  "\/Date(1767107977306)\/",
                          "LogName":  "Application",
                          "Level":  "Erro",
                          "Provider":  "Application Hang",
                          "Message":  "A versão 37.0.0.42 do programa PCSIS2012.EXE deixou de interagir com o Windows e foi fechada. Para verificar se existem mais informações sobre o problema, consulte o histórico de problemas no painel d",
                          "EventID":  1002
                      },
                      {
                          "TimeCreated":  "\/Date(1767100916928)\/",
                          "LogName":  "Application",
                          "Level":  "Erro",
                          "Provider":  "Application Hang",
                          "Message":  "A versão 37.0.0.42 do programa PCSIS2012.EXE deixou de interagir com o Windows e foi fechada. Para verificar se existem mais informações sobre o problema, consulte o histórico de problemas no painel d",
                          "EventID":  1002
                      }
                  ],
    "Security":  {
                     "Firewall":  [
                                      {
                                          "Profile":  "Domain",
                                          "Enabled":  1,
                                          "DefaultIn":  4,
                                          "DefaultOut":  2
                                      },
                                      {
                                          "Profile":  "Private",
                                          "Enabled":  1,
                                          "DefaultIn":  4,
                                          "DefaultOut":  2
                                      },
                                      {
                                          "Profile":  "Public",
                                          "Enabled":  1,
                                          "DefaultIn":  4,
                                          "DefaultOut":  2
                                      }
                                  ],
                     "Antivirus":  [
                                       {
                                           "Name":  "Bitdefender Endpoint Security Tools Anti-malware",
                                           "State":  "Ativo",
                                           "Updated":  "Atualizado"
                                       },
                                       {
                                           "Name":  "Windows Defender",
                                           "State":  "Inativo",
                                           "Updated":  "Desatualizado"
                                       },
                                       {
                                           "Name":  "Kaspersky Endpoint Security for Windows",
                                           "State":  "Inativo",
                                           "Updated":  "Desatualizado"
                                       }
                                   ]
                 }
}
