{
    "Hostname":  "SPA-PDV03",
    "TimestampUtc":  "2025-12-31T12:30:16.8572382Z",
    "Status":  "Atenção",
    "IssuesWarn":  [
                       "Processos com alto uso de CPU"
                   ],
    "IssuesCrit":  [

                   ],
    "CollectionMode":  "Completo",
    "ScriptVersion":  "2.4",
    "OS":  {
               "Caption":  "Microsoft Windows 10 Pro",
               "Version":  "10.0.19045",
               "Build":  "19045",
               "Architecture":  "64 bits",
               "InstallDate":  "\/Date(1699984760000)\/",
               "LastBoot":  "\/Date(1767177903500)\/",
               "Uptime":  "0d 1h 45m"
           },
    "Computer":  {
                     "Manufacturer":  "LENOVO",
                     "Model":  "90AT000CBR",
                     "Family":  " ",
                     "Domain":  "brasildis.lan",
                     "Serial":  "PE014ZT2",
                     "User":  "BRASILDIST\\caixa"
                 },
    "BIOS":  {
                 "Vendor":  "LENOVO",
                 "Version":  "FCKT58AUS",
                 "ReleaseDate":  "\/Date(1410912000000)\/"
             },
    "BaseBoard":  {
                      "Manufacturer":  "LENOVO",
                      "Product":  " ",
                      "Serial":  "INVALID             "
                  },
    "CPU":  {
                "Name":  "Intel(R) Core(TM) i3-4130 CPU @ 3.40GHz",
                "Cores":  2,
                "Logical":  4,
                "MaxClockMHz":  3400,
                "ProcessorId":  "BFEBFBFF000306C3"
            },
    "GPU":  {
                "Name":  "Intel(R) HD Graphics 4400",
                "DriverVersion":  "20.19.15.4963",
                "DriverDate":  "\/Date(1519171200000)\/",
                "VRAM_GB":  1,
                "Resolution":  "1600x900",
                "RefreshRate":  "60Hz",
                "MaxRefreshRate":  "75Hz"
            },
    "Monitor":  {
                    "Count":  2,
                    "Monitors":  [
                                     {
                                         "Manufacturer":  "LEN",
                                         "Name":  "LEN E2002bA",
                                         "Model":  "60BB",
                                         "Serial":  "VA459139",
                                         "Week":  18,
                                         "Year":  2021,
                                         "SizeInches":  19.4,
                                         "WidthCm":  43,
                                         "HeightCm":  24,
                                         "Input":  "Analógica",
                                         "InstanceName":  "DISPLAY\\LEN60BB\\4\u0026c1e7a00\u00260\u0026UID65793_0",
                                         "DisplayName":  null,
                                         "WidthPx":  1600,
                                         "HeightPx":  900,
                                         "Resolution":  "1600x900",
                                         "CurrentHz":  null,
                                         "MaxHz":  null,
                                         "Primary":  true
                                     },
                                     {
                                         "Manufacturer":  "RTK",
                                         "Name":  "32V3H-H6A",
                                         "Model":  "4C54",
                                         "Serial":  "1",
                                         "Week":  12,
                                         "Year":  2007,
                                         "SizeInches":  31.5,
                                         "WidthCm":  70,
                                         "HeightCm":  39,
                                         "Input":  "Digital",
                                         "InstanceName":  "DISPLAY\\RTK4C54\\4\u0026c1e7a00\u00260\u0026UID198171_0",
                                         "DisplayName":  null,
                                         "WidthPx":  1600,
                                         "HeightPx":  900,
                                         "Resolution":  "1600x900",
                                         "CurrentHz":  null,
                                         "MaxHz":  null,
                                         "Primary":  false
                                     }
                                 ],
                    "WinFormsScreens":  [
                                            {
                                                "Index":  0,
                                                "Primary":  false,
                                                "WidthPx":  1600,
                                                "HeightPx":  900,
                                                "DeviceName":  null,
                                                "Resolution":  "1600x900"
                                            },
                                            {
                                                "Index":  1,
                                                "Primary":  false,
                                                "WidthPx":  1600,
                                                "HeightPx":  900,
                                                "DeviceName":  null,
                                                "Resolution":  "1600x900"
                                            },
                                            {
                                                "Index":  2,
                                                "Primary":  false,
                                                "WidthPx":  1600,
                                                "HeightPx":  900,
                                                "DeviceName":  null,
                                                "Resolution":  "1600x900"
                                            },
                                            {
                                                "Index":  3,
                                                "Primary":  false,
                                                "WidthPx":  1600,
                                                "HeightPx":  900,
                                                "DeviceName":  null,
                                                "Resolution":  "1600x900"
                                            },
                                            {
                                                "Index":  4,
                                                "Primary":  false,
                                                "WidthPx":  1600,
                                                "HeightPx":  900,
                                                "DeviceName":  null,
                                                "Resolution":  "1600x900"
                                            },
                                            {
                                                "Index":  5,
                                                "Primary":  false,
                                                "WidthPx":  1600,
                                                "HeightPx":  900,
                                                "DeviceName":  null,
                                                "Resolution":  "1600x900"
                                            }
                                        ]
                },
    "RAM":  {
                "TotalGB":  11.92,
                "FreeGB":  7.85,
                "FreePercent":  65.9,
                "Modules":  [
                                {
                                    "Bank":  "BANK 0",
                                    "Slot":  "ChannelA-DIMM0",
                                    "Manuf":  "0000",
                                    "Part":  "                  ",
                                    "Serial":  "00000000",
                                    "CapacityGB":  8,
                                    "SpeedMHz":  1600,
                                    "ConfClk":  1600,
                                    "Form":  8,
                                    "SMBIOSType":  24,
                                    "Voltage":  1.5,
                                    "Min_Voltage":  1.35,
                                    "Max_Voltage":  1.5
                                },
                                {
                                    "Bank":  "BANK 2",
                                    "Slot":  "ChannelB-DIMM0",
                                    "Manuf":  "0715",
                                    "Part":  "TMT451U6BFR8C-PBHC",
                                    "Serial":  "00237298",
                                    "CapacityGB":  4,
                                    "SpeedMHz":  1600,
                                    "ConfClk":  1600,
                                    "Form":  8,
                                    "SMBIOSType":  24,
                                    "Voltage":  1.5,
                                    "Min_Voltage":  1.5,
                                    "Max_Voltage":  1.5
                                }
                            ]
            },
    "Storage":  {
                    "Volumes":  [
                                    {
                                        "DriveLetter":  "C",
                                        "Label":  "",
                                        "FileSystem":  "NTFS",
                                        "SizeGB":  446.56,
                                        "FreeGB":  340.62,
                                        "FreePercent":  76.3,
                                        "Health":  "Healthy"
                                    }
                                ],
                    "Disks":  [
                                  {
                                      "Model":  "KINGSTON SA400S37480G",
                                      "Serial":  "50026B76833EE455",
                                      "Media":  "SSD",
                                      "Bus":  "SATA",
                                      "Type":  "SSD",
                                      "SizeGB":  447.13,
                                      "Health":  "Healthy",
                                      "OpStatus":  "OK",
                                      "Spindle":  0
                                  }
                              ]
                },
    "Network":  {
                    "IPv4":  [
                                 "192.168.16.203"
                             ],
                    "MACs":  [
                                 "64:1C:67:6E:CA:07"
                             ],
                    "Adapters":  [
                                     {
                                         "Name":  "Ethernet",
                                         "Status":  "Up",
                                         "MAC":  "64-1C-67-6E-CA-07",
                                         "IPv4":  [
                                                      "192.168.16.203"
                                                  ],
                                         "Speed":  "1 Gbps"
                                     }
                                 ]
                },
    "Temps":  {
                  "ACPI_MaxC":  29.9,
                  "Disk_MaxC":  null,
                  "MaxC":  41,
                  "LibreHW":  {
                                  "CPU":  {
                                              "ValueC":  41,
                                              "Display":  "41,0 °C"
                                          },
                                  "GPU":  {
                                              "ValueC":  null,
                                              "Display":  "N/A"
                                          },
                                  "RAM":  {
                                              "ValueC":  null,
                                              "Display":  "N/A"
                                          },
                                  "Storage":  {
                                                  "ValueC":  31,
                                                  "Display":  "31,0 °C"
                                              },
                                  "Mainboard":  {
                                                    "ValueC":  null,
                                                    "Display":  "N/A"
                                                },
                                  "Chipset":  {
                                                  "ValueC":  null,
                                                  "Display":  "N/A"
                                              },
                                  "Sensors":  [
                                                  {
                                                      "HardwareName":  "Intel Core i3-4130",
                                                      "HardwareType":  "Cpu",
                                                      "SensorName":  "CPU Package",
                                                      "SensorId":  "/intelcpu/0/temperature/4",
                                                      "ValueC":  41,
                                                      "MinC":  41,
                                                      "MaxC":  47
                                                  },
                                                  {
                                                      "HardwareName":  "KINGSTON SA400S37480G",
                                                      "HardwareType":  "Storage",
                                                      "SensorName":  "Temperature",
                                                      "SensorId":  "/hdd/0/temperature/0",
                                                      "ValueC":  31,
                                                      "MinC":  31,
                                                      "MaxC":  31
                                                  }
                                              ]
                              }
              },
    "Processes":  [
                      {
                          "Name":  "SerialDevMan",
                          "ID":  1880,
                          "CPU":  406.92,
                          "MemoryMB":  8.34,
                          "Path":  "C:\\Program Files (x86)\\Gertec\\Serial Device Manager\\SerialDevMan.exe",
                          "StartTime":  "\/Date(1767178187981)\/"
                      },
                      {
                          "Name":  "AcruxPDV",
                          "ID":  1700,
                          "CPU":  174.47,
                          "MemoryMB":  88.14,
                          "Path":  "C:\\C5Client\\AcruxPDV\\AcruxPDV.exe",
                          "StartTime":  "\/Date(1767178185529)\/"
                      },
                      {
                          "Name":  "mysqld",
                          "ID":  3812,
                          "CPU":  117.11,
                          "MemoryMB":  391.16,
                          "Path":  "C:\\Program Files\\MySQL\\MySQL Server 5.5\\bin\\mysqld.exe",
                          "StartTime":  "\/Date(1767177912547)\/"
                      },
                      {
                          "Name":  "System",
                          "ID":  4,
                          "CPU":  114.56,
                          "MemoryMB":  16.84,
                          "Path":  null,
                          "StartTime":  "\/Date(1767177907332)\/"
                      },
                      {
                          "Name":  "EPSecurityService",
                          "ID":  3512,
                          "CPU":  102.92,
                          "MemoryMB":  640.8,
                          "Path":  "C:\\Program Files\\Bitdefender\\Endpoint Security\\EPSecurityService.exe",
                          "StartTime":  "\/Date(1767177912443)\/"
                      },
                      {
                          "Name":  "SearchIndexer",
                          "ID":  3684,
                          "CPU":  41.73,
                          "MemoryMB":  166.25,
                          "Path":  "C:\\Windows\\system32\\SearchIndexer.exe",
                          "StartTime":  "\/Date(1767177915714)\/"
                      },
                      {
                          "Name":  "explorer",
                          "ID":  2064,
                          "CPU":  14.5,
                          "MemoryMB":  120.73,
                          "Path":  "C:\\Windows\\Explorer.EXE",
                          "StartTime":  "\/Date(1767178185551)\/"
                      },
                      {
                          "Name":  "dwm",
                          "ID":  1924,
                          "CPU":  13.59,
                          "MemoryMB":  48.84,
                          "Path":  "C:\\Windows\\system32\\dwm.exe",
                          "StartTime":  "\/Date(1767177911034)\/"
                      },
                      {
                          "Name":  "svchost",
                          "ID":  5840,
                          "CPU":  13.08,
                          "MemoryMB":  19.23,
                          "Path":  null,
                          "StartTime":  "\/Date(1767177914784)\/"
                      },
                      {
                          "Name":  "svchost",
                          "ID":  2632,
                          "CPU":  9.78,
                          "MemoryMB":  20.36,
                          "Path":  "C:\\Windows\\system32\\svchost.exe",
                          "StartTime":  "\/Date(1767177911394)\/"
                      },
                      {
                          "Name":  "AcruxPDVNFeServices",
                          "ID":  8228,
                          "CPU":  6.92,
                          "MemoryMB":  11.32,
                          "Path":  "C:\\C5Client\\AcruxPDV\\AcruxPDVNFeServices.exe",
                          "StartTime":  "\/Date(1767178199586)\/"
                      },
                      {
                          "Name":  "EPIntegrationService",
                          "ID":  3464,
                          "CPU":  6.69,
                          "MemoryMB":  56.16,
                          "Path":  "C:\\Program Files\\Bitdefender\\Endpoint Security\\EPIntegrationService.exe",
                          "StartTime":  "\/Date(1767177912419)\/"
                      },
                      {
                          "Name":  "svchost",
                          "ID":  2124,
                          "CPU":  6.48,
                          "MemoryMB":  14.02,
                          "Path":  "C:\\Windows\\system32\\svchost.exe",
                          "StartTime":  "\/Date(1767177911178)\/"
                      },
                      {
                          "Name":  "svchost",
                          "ID":  3132,
                          "CPU":  6.47,
                          "MemoryMB":  15.11,
                          "Path":  "C:\\Windows\\system32\\svchost.exe",
                          "StartTime":  "\/Date(1767177912165)\/"
                      },
                      {
                          "Name":  "svchost",
                          "ID":  1272,
                          "CPU":  6.25,
                          "MemoryMB":  13.24,
                          "Path":  "C:\\Windows\\system32\\svchost.exe",
                          "StartTime":  "\/Date(1767177910656)\/"
                      }
                  ],
    "Services":  [
                     {
                         "Name":  "DHCP",
                         "DisplayName":  "Cliente DHCP",
                         "Status":  4,
                         "StartType":  "Auto"
                     },
                     {
                         "Name":  "EventLog",
                         "DisplayName":  "Log de Eventos do Windows",
                         "Status":  4,
                         "StartType":  "Auto"
                     },
                     {
                         "Name":  "LanmanServer",
                         "DisplayName":  "Server",
                         "Status":  4,
                         "StartType":  "Auto"
                     },
                     {
                         "Name":  "LanmanWorkstation",
                         "DisplayName":  "Estação de trabalho",
                         "Status":  4,
                         "StartType":  "Auto"
                     },
                     {
                         "Name":  "Spooler",
                         "DisplayName":  "Spooler de Impressão",
                         "Status":  4,
                         "StartType":  "Auto"
                     },
                     {
                         "Name":  "WinRM",
                         "DisplayName":  "Windows Remote Management (WS-Management)",
                         "Status":  1,
                         "StartType":  "Manual"
                     }
                 ],
    "Software":  [
                     {
                         "Name":  "Bitdefender Endpoint Security Tools",
                         "Version":  "7.9.29.589",
                         "Publisher":  "Bitdefender",
                         "InstallDate":  "20240819",
                         "SizeMB":  1225.09
                     },
                     {
                         "Name":  "TOTVS Varejo Supermercados PDV",
                         "Version":  "25.06.001",
                         "Publisher":  "Totvs",
                         "InstallDate":  "20250729",
                         "SizeMB":  290.32
                     },
                     {
                         "Name":  "MySQL Server 5.5",
                         "Version":  "5.5.32",
                         "Publisher":  "Oracle Corporation",
                         "InstallDate":  "20250729",
                         "SizeMB":  123.33
                     },
                     {
                         "Name":  "Intel(R) Processor Graphics",
                         "Version":  "20.19.15.4963",
                         "Publisher":  "Intel Corporation",
                         "InstallDate":  null,
                         "SizeMB":  74.22
                     },
                     {
                         "Name":  "Tactical RMM Agent",
                         "Version":  "2.9.1",
                         "Publisher":  "AmidaWare Inc",
                         "InstallDate":  "20250508",
                         "SizeMB":  12.56
                     },
                     {
                         "Name":  "Microsoft Visual C++ 2005 Redistributable",
                         "Version":  "8.0.56336",
                         "Publisher":  "Microsoft Corporation",
                         "InstallDate":  "20231114",
                         "SizeMB":  5
                     },
                     {
                         "Name":  "ELGIN Printer Driver v1.7.3",
                         "Version":  "1.7.3",
                         "Publisher":  null,
                         "InstallDate":  "20240401",
                         "SizeMB":  3.41
                     },
                     {
                         "Name":  "Mesh Agent",
                         "Version":  "2025-03-06 17:44:07.000-04:00",
                         "Publisher":  null,
                         "InstallDate":  null,
                         "SizeMB":  3.29
                     },
                     {
                         "Name":  "Gertec WebAPI Service",
                         "Version":  "2.2.0.1",
                         "Publisher":  "Gertec",
                         "InstallDate":  null,
                         "SizeMB":  2.34
                     },
                     {
                         "Name":  "Microsoft Update Health Tools",
                         "Version":  "3.74.0.0",
                         "Publisher":  "Microsoft Corporation",
                         "InstallDate":  "20231114",
                         "SizeMB":  1.03
                     },
                     {
                         "Name":  "Update for x64-based Windows Systems (KB5001716)",
                         "Version":  "8.94.0.0",
                         "Publisher":  "Microsoft Corporation",
                         "InstallDate":  "20250627",
                         "SizeMB":  0.84
                     },
                     {
                         "Name":  "Serial Device Manager",
                         "Version":  "1.2.0.5",
                         "Publisher":  "Gertec Brasil Ltda",
                         "InstallDate":  null,
                         "SizeMB":  0.53
                     },
                     {
                         "Name":  "Google Update Helper",
                         "Version":  "1.3.35.451",
                         "Publisher":  "Google LLC",
                         "InstallDate":  "20231114",
                         "SizeMB":  0.04
                     },
                     {
                         "Name":  "Gertec-Full-Installer",
                         "Version":  "2.2.2.0",
                         "Publisher":  "Gertec",
                         "InstallDate":  null,
                         "SizeMB":  null
                     },
                     {
                         "Name":  "Microsoft Edge",
                         "Version":  "143.0.3650.96",
                         "Publisher":  "Microsoft Corporation",
                         "InstallDate":  "20251220",
                         "SizeMB":  null
                     },
                     {
                         "Name":  "Microsoft Edge WebView2 Runtime",
                         "Version":  "143.0.3650.96",
                         "Publisher":  "Microsoft Corporation",
                         "InstallDate":  "20251218",
                         "SizeMB":  null
                     },
                     {
                         "Name":  "Google Chrome",
                         "Version":  "143.0.7499.170",
                         "Publisher":  "Google LLC",
                         "InstallDate":  "20251224",
                         "SizeMB":  null
                     }
                 ],
    "EventLogs":  [
                      {
                          "TimeCreated":  "\/Date(1767180018833)\/",
                          "LogName":  "Application",
                          "Level":  "Erro",
                          "Provider":  "ESENT",
                          "Message":  "SearchIndexer (3684,D,23) Windows: O armazenamento de versão desta instância (0) alcançou o tamanho máximo de 128 Mb. É provável que uma transação de longa duração esteja impedindo a limpeza do armaze",
                          "EventID":  623
                      },
                      {
                          "TimeCreated":  "\/Date(1767179991517)\/",
                          "LogName":  "Application",
                          "Level":  "Erro",
                          "Provider":  "ESENT",
                          "Message":  "SearchIndexer (3684,D,23) Windows: O armazenamento de versão desta instância (0) alcançou o tamanho máximo de 128 Mb. É provável que uma transação de longa duração esteja impedindo a limpeza do armaze",
                          "EventID":  623
                      },
                      {
                          "TimeCreated":  "\/Date(1767179277813)\/",
                          "LogName":  "Application",
                          "Level":  "Erro",
                          "Provider":  "ESENT",
                          "Message":  "SearchIndexer (3684,D,23) Windows: O armazenamento de versão desta instância (0) alcançou o tamanho máximo de 128 Mb. É provável que uma transação de longa duração esteja impedindo a limpeza do armaze",
                          "EventID":  623
                      },
                      {
                          "TimeCreated":  "\/Date(1767178211964)\/",
                          "LogName":  "System",
                          "Level":  "Erro",
                          "Provider":  "Microsoft-Windows-TPM-WMI",
                          "Message":  "As ca/chaves de inicialização segura precisam ser atualizadas. Estas informações de assinatura do dispositivo estão incluídas aqui.\r\nDeviceAttributes: FirmwareVersion:FCKT58AUS;OEMManufacturerName:LEN",
                          "EventID":  1801
                      },
                      {
                          "TimeCreated":  "\/Date(1767178193845)\/",
                          "LogName":  "Application",
                          "Level":  "Erro",
                          "Provider":  "ESENT",
                          "Message":  "SearchIndexer (3684,D,23) Windows: O armazenamento de versão desta instância (0) alcançou o tamanho máximo de 128 Mb. É provável que uma transação de longa duração esteja impedindo a limpeza do armaze",
                          "EventID":  623
                      },
                      {
                          "TimeCreated":  "\/Date(1767178034196)\/",
                          "LogName":  "System",
                          "Level":  "Erro",
                          "Provider":  "Service Control Manager",
                          "Message":  "Não foi possível iniciar o serviço Serviço do Google Update (gupdate) devido ao seguinte erro: \r\nO serviço não respondeu à requisição de início ou controle em tempo hábil.\r\n",
                          "EventID":  7000
                      },
                      {
                          "TimeCreated":  "\/Date(1767178034196)\/",
                          "LogName":  "System",
                          "Level":  "Erro",
                          "Provider":  "Service Control Manager",
                          "Message":  "Tempo limite esgotado (30000 milissegundos) ao aguardar a conexão do serviço Serviço do Google Update (gupdate).\r\n",
                          "EventID":  7009
                      },
                      {
                          "TimeCreated":  "\/Date(1767174102146)\/",
                          "LogName":  "Application",
                          "Level":  "Erro",
                          "Provider":  "ESENT",
                          "Message":  "SearchIndexer (5644,D,23) Windows: O armazenamento de versão desta instância (0) alcançou o tamanho máximo de 128 Mb. É provável que uma transação de longa duração esteja impedindo a limpeza do armaze",
                          "EventID":  623
                      },
                      {
                          "TimeCreated":  "\/Date(1767174098006)\/",
                          "LogName":  "Application",
                          "Level":  "Erro",
                          "Provider":  "ESENT",
                          "Message":  "SearchIndexer (5644,D,23) Windows: O armazenamento de versão desta instância (0) alcançou o tamanho máximo de 128 Mb. É provável que uma transação de longa duração esteja impedindo a limpeza do armaze",
                          "EventID":  623
                      },
                      {
                          "TimeCreated":  "\/Date(1767139959629)\/",
                          "LogName":  "Application",
                          "Level":  "Erro",
                          "Provider":  "ESENT",
                          "Message":  "SearchIndexer (5644,D,23) Windows: O armazenamento de versão desta instância (0) alcançou o tamanho máximo de 128 Mb. É provável que uma transação de longa duração esteja impedindo a limpeza do armaze",
                          "EventID":  623
                      },
                      {
                          "TimeCreated":  "\/Date(1767139931196)\/",
                          "LogName":  "Application",
                          "Level":  "Erro",
                          "Provider":  "ESENT",
                          "Message":  "SearchIndexer (5644,D,23) Windows: O armazenamento de versão desta instância (0) alcançou o tamanho máximo de 128 Mb. É provável que uma transação de longa duração esteja impedindo a limpeza do armaze",
                          "EventID":  623
                      },
                      {
                          "TimeCreated":  "\/Date(1767138393119)\/",
                          "LogName":  "System",
                          "Level":  "Erro",
                          "Provider":  "Microsoft-Windows-TPM-WMI",
                          "Message":  "As ca/chaves de inicialização segura precisam ser atualizadas. Estas informações de assinatura do dispositivo estão incluídas aqui.\r\nDeviceAttributes: FirmwareVersion:FCKT58AUS;OEMManufacturerName:LEN",
                          "EventID":  1801
                      },
                      {
                          "TimeCreated":  "\/Date(1767138215066)\/",
                          "LogName":  "System",
                          "Level":  "Erro",
                          "Provider":  "Service Control Manager",
                          "Message":  "Não foi possível iniciar o serviço Serviço do Google Update (gupdate) devido ao seguinte erro: \r\nO serviço não respondeu à requisição de início ou controle em tempo hábil.\r\n",
                          "EventID":  7000
                      },
                      {
                          "TimeCreated":  "\/Date(1767138215066)\/",
                          "LogName":  "System",
                          "Level":  "Erro",
                          "Provider":  "Service Control Manager",
                          "Message":  "Tempo limite esgotado (30000 milissegundos) ao aguardar a conexão do serviço Serviço do Google Update (gupdate).\r\n",
                          "EventID":  7009
                      },
                      {
                          "TimeCreated":  "\/Date(1767138134423)\/",
                          "LogName":  "Application",
                          "Level":  "Erro",
                          "Provider":  "Application Error",
                          "Message":  "Nome do aplicativo com falha: AcruxPDV.exe, versão: 25.12.0.4, carimbo de data/hora: 0x693f40f0\r\nNome do módulo com falha: AcruxPDV.exe, versão: 25.12.0.4, carimbo de data/hora: 0x693f40f0\r\nCódigo de ",
                          "EventID":  1000
                      },
                      {
                          "TimeCreated":  "\/Date(1767113586282)\/",
                          "LogName":  "System",
                          "Level":  "Erro",
                          "Provider":  "Microsoft-Windows-WindowsUpdateClient",
                          "Message":  "Falha na Instalação: o Windows não pôde instalar a seguinte atualização com o erro 0x8024200B: 2025-10 Visualização da Atualização Cumulativa para .NET Framework 3.5, 4.8 e 4.8.1 para Windows 10 Versi",
                          "EventID":  20
                      }
                  ],
    "Security":  {
                     "Firewall":  [
                                      {
                                          "Profile":  "Domain",
                                          "Enabled":  1,
                                          "DefaultIn":  4,
                                          "DefaultOut":  2
                                      },
                                      {
                                          "Profile":  "Private",
                                          "Enabled":  1,
                                          "DefaultIn":  4,
                                          "DefaultOut":  2
                                      },
                                      {
                                          "Profile":  "Public",
                                          "Enabled":  1,
                                          "DefaultIn":  4,
                                          "DefaultOut":  2
                                      }
                                  ],
                     "Antivirus":  [
                                       {
                                           "Name":  "Bitdefender Endpoint Security Tools Anti-malware",
                                           "State":  "Ativo",
                                           "Updated":  "Atualizado"
                                       },
                                       {
                                           "Name":  "Windows Defender",
                                           "State":  "Inativo",
                                           "Updated":  "Desatualizado"
                                       }
                                   ]
                 }
}
