{
    "Hostname":  "SPA-PROD01",
    "TimestampUtc":  "2025-12-31T12:30:15.1194755Z",
    "Status":  "Atenção",
    "IssuesWarn":  [
                       "Processos com alto uso de CPU"
                   ],
    "IssuesCrit":  [

                   ],
    "CollectionMode":  "Completo",
    "ScriptVersion":  "2.4",
    "OS":  {
               "Caption":  "Microsoft Windows 10 Pro",
               "Version":  "10.0.19045",
               "Build":  "19045",
               "Architecture":  "64 bits",
               "InstallDate":  "\/Date(1655740763000)\/",
               "LastBoot":  "\/Date(1767182021500)\/",
               "Uptime":  "0d 0h 36m"
           },
    "Computer":  {
                     "Manufacturer":  "LENOVO",
                     "Model":  "10NN001HBP",
                     "Family":  "V520S-08IKL",
                     "Domain":  "brasildis.lan",
                     "Serial":  "PE03K5KR",
                     "User":  "BRASILDIST\\ericka.dias"
                 },
    "BIOS":  {
                 "Vendor":  "LENOVO",
                 "Version":  "M16KT60A",
                 "ReleaseDate":  "\/Date(1568678400000)\/"
             },
    "BaseBoard":  {
                      "Manufacturer":  "LENOVO",
                      "Product":  "3102",
                      "Serial":  "                    "
                  },
    "CPU":  {
                "Name":  "Intel(R) Core(TM) i3-7100 CPU @ 3.90GHz",
                "Cores":  2,
                "Logical":  4,
                "MaxClockMHz":  3912,
                "ProcessorId":  "BFEBFBFF000906E9"
            },
    "GPU":  {
                "Name":  "Intel(R) HD Graphics 630",
                "DriverVersion":  "31.0.101.2115",
                "DriverDate":  "\/Date(1668556800000)\/",
                "VRAM_GB":  1,
                "Resolution":  "1600x900",
                "RefreshRate":  "60Hz",
                "MaxRefreshRate":  "60Hz"
            },
    "Monitor":  {
                    "Count":  2,
                    "Monitors":  [
                                     {
                                         "Manufacturer":  "ITE",
                                         "Name":  "DP2VGA V226",
                                         "Model":  "6516",
                                         "Serial":  "0",
                                         "Week":  3,
                                         "Year":  2015,
                                         "SizeInches":  27.2,
                                         "WidthCm":  60,
                                         "HeightCm":  34,
                                         "Input":  "Analógica",
                                         "InstanceName":  "DISPLAY\\ITE6516\\4\u00262db56130\u00260\u0026UID200195_0",
                                         "DisplayName":  null,
                                         "WidthPx":  1600,
                                         "HeightPx":  900,
                                         "Resolution":  "1600x900",
                                         "CurrentHz":  null,
                                         "MaxHz":  null,
                                         "Primary":  true
                                     },
                                     {
                                         "Manufacturer":  "LEN",
                                         "Name":  "LEN E2002bA",
                                         "Model":  "60BB",
                                         "Serial":  "VA458875",
                                         "Week":  18,
                                         "Year":  2021,
                                         "SizeInches":  19.4,
                                         "WidthCm":  43,
                                         "HeightCm":  24,
                                         "Input":  "Digital",
                                         "InstanceName":  "DISPLAY\\LEN60BB\\4\u00262db56130\u00260\u0026UID198195_0",
                                         "DisplayName":  null,
                                         "WidthPx":  1600,
                                         "HeightPx":  900,
                                         "Resolution":  "1600x900",
                                         "CurrentHz":  null,
                                         "MaxHz":  null,
                                         "Primary":  false
                                     }
                                 ],
                    "WinFormsScreens":  [
                                            {
                                                "Index":  0,
                                                "Primary":  false,
                                                "WidthPx":  1600,
                                                "HeightPx":  900,
                                                "DeviceName":  null,
                                                "Resolution":  "1600x900"
                                            },
                                            {
                                                "Index":  1,
                                                "Primary":  false,
                                                "WidthPx":  1600,
                                                "HeightPx":  900,
                                                "DeviceName":  null,
                                                "Resolution":  "1600x900"
                                            },
                                            {
                                                "Index":  2,
                                                "Primary":  false,
                                                "WidthPx":  1600,
                                                "HeightPx":  900,
                                                "DeviceName":  null,
                                                "Resolution":  "1600x900"
                                            },
                                            {
                                                "Index":  3,
                                                "Primary":  false,
                                                "WidthPx":  1360,
                                                "HeightPx":  768,
                                                "DeviceName":  null,
                                                "Resolution":  "1360x768"
                                            },
                                            {
                                                "Index":  4,
                                                "Primary":  false,
                                                "WidthPx":  1360,
                                                "HeightPx":  768,
                                                "DeviceName":  null,
                                                "Resolution":  "1360x768"
                                            },
                                            {
                                                "Index":  5,
                                                "Primary":  false,
                                                "WidthPx":  1360,
                                                "HeightPx":  768,
                                                "DeviceName":  null,
                                                "Resolution":  "1360x768"
                                            }
                                        ]
                },
    "RAM":  {
                "TotalGB":  11.91,
                "FreeGB":  5.67,
                "FreePercent":  47.6,
                "Modules":  [
                                {
                                    "Bank":  "BANK 1",
                                    "Slot":  "ChannelA-DIMM1",
                                    "Manuf":  "0194",
                                    "Part":  "SF464128CK8I6GKSEG  ",
                                    "Serial":  "039B44A3",
                                    "CapacityGB":  4,
                                    "SpeedMHz":  2400,
                                    "ConfClk":  2400,
                                    "Form":  8,
                                    "SMBIOSType":  26,
                                    "Voltage":  1.2,
                                    "Min_Voltage":  1.2,
                                    "Max_Voltage":  1.2
                                },
                                {
                                    "Bank":  "BANK 3",
                                    "Slot":  "ChannelB-DIMM1",
                                    "Manuf":  "0000",
                                    "Part":  "                    ",
                                    "Serial":  "18050000",
                                    "CapacityGB":  8,
                                    "SpeedMHz":  2400,
                                    "ConfClk":  2400,
                                    "Form":  8,
                                    "SMBIOSType":  26,
                                    "Voltage":  1.2,
                                    "Min_Voltage":  1.2,
                                    "Max_Voltage":  1.2
                                }
                            ]
            },
    "Storage":  {
                    "Volumes":  [
                                    {
                                        "DriveLetter":  "C",
                                        "Label":  "",
                                        "FileSystem":  "NTFS",
                                        "SizeGB":  222.94,
                                        "FreeGB":  120.15,
                                        "FreePercent":  53.9,
                                        "Health":  "Healthy"
                                    }
                                ],
                    "Disks":  [
                                  {
                                      "Model":  "KINGSTON SA400S37240G",
                                      "Serial":  "50026B7685AAC996",
                                      "Media":  "SSD",
                                      "Bus":  "SATA",
                                      "Type":  "SSD",
                                      "SizeGB":  223.57,
                                      "Health":  "Healthy",
                                      "OpStatus":  "OK",
                                      "Spindle":  0
                                  }
                              ]
                },
    "Network":  {
                    "IPv4":  [
                                 "192.168.17.91"
                             ],
                    "MACs":  [
                                 "64:1C:67:97:4D:1C"
                             ],
                    "Adapters":  [
                                     {
                                         "Name":  "Ethernet",
                                         "Status":  "Up",
                                         "MAC":  "64-1C-67-97-4D-1C",
                                         "IPv4":  [
                                                      "192.168.17.91"
                                                  ],
                                         "Speed":  "1 Gbps"
                                     }
                                 ]
                },
    "Temps":  {
                  "ACPI_MaxC":  29.9,
                  "Disk_MaxC":  null,
                  "MaxC":  48,
                  "LibreHW":  {
                                  "CPU":  {
                                              "ValueC":  48,
                                              "Display":  "48,0 °C"
                                          },
                                  "GPU":  {
                                              "ValueC":  null,
                                              "Display":  "N/A"
                                          },
                                  "RAM":  {
                                              "ValueC":  null,
                                              "Display":  "N/A"
                                          },
                                  "Storage":  {
                                                  "ValueC":  31,
                                                  "Display":  "31,0 °C"
                                              },
                                  "Mainboard":  {
                                                    "ValueC":  null,
                                                    "Display":  "N/A"
                                                },
                                  "Chipset":  {
                                                  "ValueC":  null,
                                                  "Display":  "N/A"
                                              },
                                  "Sensors":  [
                                                  {
                                                      "HardwareName":  "Intel Core i3-7100",
                                                      "HardwareType":  "Cpu",
                                                      "SensorName":  "CPU Package",
                                                      "SensorId":  "/intelcpu/0/temperature/4",
                                                      "ValueC":  48,
                                                      "MinC":  46,
                                                      "MaxC":  48
                                                  },
                                                  {
                                                      "HardwareName":  "KINGSTON SA400S37240G",
                                                      "HardwareType":  "Storage",
                                                      "SensorName":  "Temperature",
                                                      "SensorId":  "/hdd/0/temperature/0",
                                                      "ValueC":  31,
                                                      "MinC":  31,
                                                      "MaxC":  31
                                                  }
                                              ]
                              }
              },
    "Processes":  [
                      {
                          "Name":  "msedgewebview2",
                          "ID":  3904,
                          "CPU":  245.58,
                          "MemoryMB":  632.86,
                          "Path":  "C:\\Program Files (x86)\\Microsoft\\EdgeWebView\\Application\\143.0.3650.96\\msedgewebview2.exe",
                          "StartTime":  "\/Date(1767182121668)\/"
                      },
                      {
                          "Name":  "chrome",
                          "ID":  12748,
                          "CPU":  95.8,
                          "MemoryMB":  429.04,
                          "Path":  "C:\\Program Files\\Google\\Chrome\\Application\\chrome.exe",
                          "StartTime":  "\/Date(1767182178296)\/"
                      },
                      {
                          "Name":  "msedge",
                          "ID":  12120,
                          "CPU":  84.81,
                          "MemoryMB":  219.46,
                          "Path":  "C:\\Program Files (x86)\\Microsoft\\Edge\\Application\\msedge.exe",
                          "StartTime":  "\/Date(1767182141609)\/"
                      },
                      {
                          "Name":  "dwm",
                          "ID":  1444,
                          "CPU":  84.8,
                          "MemoryMB":  56.79,
                          "Path":  "C:\\WINDOWS\\system32\\dwm.exe",
                          "StartTime":  "\/Date(1767182036262)\/"
                      },
                      {
                          "Name":  "chrome",
                          "ID":  7716,
                          "CPU":  60.69,
                          "MemoryMB":  177.45,
                          "Path":  "C:\\Program Files\\Google\\Chrome\\Application\\chrome.exe",
                          "StartTime":  "\/Date(1767182172774)\/"
                      },
                      {
                          "Name":  "msedge",
                          "ID":  13244,
                          "CPU":  46.5,
                          "MemoryMB":  295.39,
                          "Path":  "C:\\Program Files (x86)\\Microsoft\\Edge\\Application\\msedge.exe",
                          "StartTime":  "\/Date(1767182149121)\/"
                      },
                      {
                          "Name":  "EPSecurityService",
                          "ID":  4056,
                          "CPU":  39.22,
                          "MemoryMB":  442.93,
                          "Path":  "C:\\Program Files\\Bitdefender\\Endpoint Security\\EPSecurityService.exe",
                          "StartTime":  "\/Date(1767182041257)\/"
                      },
                      {
                          "Name":  "System",
                          "ID":  4,
                          "CPU":  38.8,
                          "MemoryMB":  6.61,
                          "Path":  null,
                          "StartTime":  "\/Date(1767182024464)\/"
                      },
                      {
                          "Name":  "svchost",
                          "ID":  2808,
                          "CPU":  37.81,
                          "MemoryMB":  19.43,
                          "Path":  "C:\\WINDOWS\\system32\\svchost.exe",
                          "StartTime":  "\/Date(1767182038952)\/"
                      },
                      {
                          "Name":  "chrome",
                          "ID":  12752,
                          "CPU":  36.39,
                          "MemoryMB":  129.25,
                          "Path":  "C:\\Program Files\\Google\\Chrome\\Application\\chrome.exe",
                          "StartTime":  "\/Date(1767182174227)\/"
                      },
                      {
                          "Name":  "PCMIX6107",
                          "ID":  5988,
                          "CPU":  36.08,
                          "MemoryMB":  80.96,
                          "Path":  "C:\\Winthor\\Spool\\Executaveis\\PCMIX6107.EXE",
                          "StartTime":  "\/Date(1767182288274)\/"
                      },
                      {
                          "Name":  "msedgewebview2",
                          "ID":  11232,
                          "CPU":  35.59,
                          "MemoryMB":  105.65,
                          "Path":  "C:\\Program Files (x86)\\Microsoft\\EdgeWebView\\Application\\143.0.3650.96\\msedgewebview2.exe",
                          "StartTime":  "\/Date(1767182121367)\/"
                      },
                      {
                          "Name":  "explorer",
                          "ID":  9048,
                          "CPU":  28.45,
                          "MemoryMB":  130.64,
                          "Path":  "C:\\WINDOWS\\Explorer.EXE",
                          "StartTime":  "\/Date(1767182089414)\/"
                      },
                      {
                          "Name":  "msedgewebview2",
                          "ID":  10760,
                          "CPU":  23.47,
                          "MemoryMB":  81.87,
                          "Path":  "C:\\Program Files (x86)\\Microsoft\\EdgeWebView\\Application\\143.0.3650.96\\msedgewebview2.exe",
                          "StartTime":  "\/Date(1767182114190)\/"
                      },
                      {
                          "Name":  "msedge",
                          "ID":  10064,
                          "CPU":  11.06,
                          "MemoryMB":  134.68,
                          "Path":  "C:\\Program Files (x86)\\Microsoft\\Edge\\Application\\msedge.exe",
                          "StartTime":  "\/Date(1767182142240)\/"
                      }
                  ],
    "Services":  [
                     {
                         "Name":  "DHCP",
                         "DisplayName":  "Cliente DHCP",
                         "Status":  4,
                         "StartType":  "Auto"
                     },
                     {
                         "Name":  "EventLog",
                         "DisplayName":  "Registo de Eventos do Windows",
                         "Status":  4,
                         "StartType":  "Auto"
                     },
                     {
                         "Name":  "LanmanServer",
                         "DisplayName":  "Servidor",
                         "Status":  4,
                         "StartType":  "Auto"
                     },
                     {
                         "Name":  "LanmanWorkstation",
                         "DisplayName":  "Estação de trabalho",
                         "Status":  4,
                         "StartType":  "Auto"
                     },
                     {
                         "Name":  "Spooler",
                         "DisplayName":  "Spooler de Impressão",
                         "Status":  4,
                         "StartType":  "Auto"
                     },
                     {
                         "Name":  "WinRM",
                         "DisplayName":  "Gestão Remota do Windows (WS-Management)",
                         "Status":  1,
                         "StartType":  "Manual"
                     }
                 ],
    "Software":  [
                     {
                         "Name":  "Bitdefender Endpoint Security Tools",
                         "Version":  "7.9.29.589",
                         "Publisher":  "Bitdefender",
                         "InstallDate":  "20240820",
                         "SizeMB":  1225.09
                     },
                     {
                         "Name":  "Adobe Acrobat (64-bit)",
                         "Version":  "25.001.20997",
                         "Publisher":  "Adobe",
                         "InstallDate":  "20251211",
                         "SizeMB":  1169.56
                     },
                     {
                         "Name":  "LibreOffice 7.0.4.2",
                         "Version":  "7.0.4.2",
                         "Publisher":  "The Document Foundation",
                         "InstallDate":  "20220620",
                         "SizeMB":  671.28
                     },
                     {
                         "Name":  "HP LaserJet Pro M404-M405 Software básico do dispositivo",
                         "Version":  "48.6.4638.2245",
                         "Publisher":  "HP Inc.",
                         "InstallDate":  "20241205",
                         "SizeMB":  160.16
                     },
                     {
                         "Name":  "Epson Event Manager",
                         "Version":  "3.10.0085",
                         "Publisher":  "Seiko Epson Corporation",
                         "InstallDate":  "20220620",
                         "SizeMB":  46.24
                     },
                     {
                         "Name":  "NetSupport Manager",
                         "Version":  "11.30.0000",
                         "Publisher":  "NetSupport Ltd",
                         "InstallDate":  "20220620",
                         "SizeMB":  41.77
                     },
                     {
                         "Name":  "Microsoft Teams Meeting Add-in for Microsoft Office",
                         "Version":  "1.25.14205",
                         "Publisher":  "Microsoft",
                         "InstallDate":  "20250612",
                         "SizeMB":  32.75
                     },
                     {
                         "Name":  "Easy Photo Scan",
                         "Version":  "1.00.0018",
                         "Publisher":  "Seiko Epson Corporation",
                         "InstallDate":  "20220620",
                         "SizeMB":  18.55
                     },
                     {
                         "Name":  "Microsoft Visual C++ 2013 Redistributable (x86) - 12.0.30501",
                         "Version":  "12.0.30501.0",
                         "Publisher":  "Microsoft Corporation",
                         "InstallDate":  null,
                         "SizeMB":  17.19
                     },
                     {
                         "Name":  "Microsoft Visual C++ 2010  x64 Redistributable - 10.0.40219",
                         "Version":  "10.0.40219",
                         "Publisher":  "Microsoft Corporation",
                         "InstallDate":  "20220620",
                         "SizeMB":  13.83
                     },
                     {
                         "Name":  "Tactical RMM Agent",
                         "Version":  "2.9.1",
                         "Publisher":  "AmidaWare Inc",
                         "InstallDate":  "20250611",
                         "SizeMB":  12.56
                     },
                     {
                         "Name":  "EpsonNet Print",
                         "Version":  "3.1.4.0",
                         "Publisher":  "SEIKO EPSON Corporation",
                         "InstallDate":  "20220620",
                         "SizeMB":  12.2
                     },
                     {
                         "Name":  "Estudo de aprimoramento de produto para HP LaserJet Pro M404-M405",
                         "Version":  "48.6.4638.2245",
                         "Publisher":  "HP Inc.",
                         "InstallDate":  "20241205",
                         "SizeMB":  11.85
                     },
                     {
                         "Name":  "Microsoft Visual C++ 2010  x86 Redistributable - 10.0.40219",
                         "Version":  "10.0.40219",
                         "Publisher":  "Microsoft Corporation",
                         "InstallDate":  "20220620",
                         "SizeMB":  11.13
                     },
                     {
                         "Name":  "Microsoft Visual C++ 2008 Redistributable - x86 9.0.30729.17",
                         "Version":  "9.0.30729",
                         "Publisher":  "Microsoft Corporation",
                         "InstallDate":  "20220620",
                         "SizeMB":  10.27
                     },
                     {
                         "Name":  "Microsoft Visual C++ 2013 x86 Additional Runtime - 12.0.21005",
                         "Version":  "12.0.21005",
                         "Publisher":  "Microsoft Corporation",
                         "InstallDate":  "20220620",
                         "SizeMB":  9.23
                     },
                     {
                         "Name":  "Epson Software Updater",
                         "Version":  "4.6.7",
                         "Publisher":  "Seiko Epson Corporation",
                         "InstallDate":  "20240827",
                         "SizeMB":  9.13
                     },
                     {
                         "Name":  "Assistente de Atualização do Windows 10",
                         "Version":  "1.4.19041.2183",
                         "Publisher":  "Microsoft Corporation",
                         "InstallDate":  null,
                         "SizeMB":  5
                     },
                     {
                         "Name":  "Microsoft Visual C++ 2005 Redistributable",
                         "Version":  "8.0.61001",
                         "Publisher":  "Microsoft Corporation",
                         "InstallDate":  "20220620",
                         "SizeMB":  4.85
                     },
                     {
                         "Name":  "Epson Customer Research Participation",
                         "Version":  "1.83.0000",
                         "Publisher":  "Seiko Epson Corporation",
                         "InstallDate":  "20240827",
                         "SizeMB":  3.39
                     }
                 ],
    "EventLogs":  [
                      {
                          "TimeCreated":  "\/Date(1767182339695)\/",
                          "LogName":  "System",
                          "Level":  "Erro",
                          "Provider":  "Microsoft-Windows-TPM-WMI",
                          "Message":  "The Secure Boot update failed to update a Secure Boot variable with error O Arranque Seguro não está ativado neste computador.. For more information, please see https://go.microsoft.com/fwlink/?linkid",
                          "EventID":  1796
                      },
                      {
                          "TimeCreated":  "\/Date(1767182339695)\/",
                          "LogName":  "System",
                          "Level":  "Erro",
                          "Provider":  "Microsoft-Windows-TPM-WMI",
                          "Message":  "The Secure Boot update failed to update a Secure Boot variable with error O Arranque Seguro não está ativado neste computador.. For more information, please see https://go.microsoft.com/fwlink/?linkid",
                          "EventID":  1796
                      },
                      {
                          "TimeCreated":  "\/Date(1767182188073)\/",
                          "LogName":  "System",
                          "Level":  "Erro",
                          "Provider":  "Service Control Manager",
                          "Message":  "O serviço Serviço do Google Update (gupdate) falhou o arranque devido ao seguinte erro: \r\nO serviço não respondeu ao pedido de início ou controlo atempadamente.\r\n",
                          "EventID":  7000
                      },
                      {
                          "TimeCreated":  "\/Date(1767182188073)\/",
                          "LogName":  "System",
                          "Level":  "Erro",
                          "Provider":  "Service Control Manager",
                          "Message":  "Foi atingido o tempo limite (30000 milissegundos) ao aguardar pela ligação do serviço Serviço do Google Update (gupdate).\r\n",
                          "EventID":  7009
                      },
                      {
                          "TimeCreated":  "\/Date(1767128519518)\/",
                          "LogName":  "Application",
                          "Level":  "Erro",
                          "Provider":  "Application Hang",
                          "Message":  "A versão 37.0.4.45 do programa PCSIS1322.EXE deixou de interagir com o Windows e foi fechada. Para verificar se existem mais informações sobre o problema, consulte o histórico de problemas no painel d",
                          "EventID":  1002
                      },
                      {
                          "TimeCreated":  "\/Date(1767120063211)\/",
                          "LogName":  "System",
                          "Level":  "Erro",
                          "Provider":  "Microsoft-Windows-TPM-WMI",
                          "Message":  "The Secure Boot update failed to update a Secure Boot variable with error O Arranque Seguro não está ativado neste computador.. For more information, please see https://go.microsoft.com/fwlink/?linkid",
                          "EventID":  1796
                      },
                      {
                          "TimeCreated":  "\/Date(1767120063211)\/",
                          "LogName":  "System",
                          "Level":  "Erro",
                          "Provider":  "Microsoft-Windows-TPM-WMI",
                          "Message":  "The Secure Boot update failed to update a Secure Boot variable with error O Arranque Seguro não está ativado neste computador.. For more information, please see https://go.microsoft.com/fwlink/?linkid",
                          "EventID":  1796
                      },
                      {
                          "TimeCreated":  "\/Date(1767119914109)\/",
                          "LogName":  "System",
                          "Level":  "Erro",
                          "Provider":  "Service Control Manager",
                          "Message":  "O serviço Serviço do Google Update (gupdate) falhou o arranque devido ao seguinte erro: \r\nO serviço não respondeu ao pedido de início ou controlo atempadamente.\r\n",
                          "EventID":  7000
                      },
                      {
                          "TimeCreated":  "\/Date(1767119914109)\/",
                          "LogName":  "System",
                          "Level":  "Erro",
                          "Provider":  "Service Control Manager",
                          "Message":  "Foi atingido o tempo limite (30000 milissegundos) ao aguardar pela ligação do serviço Serviço do Google Update (gupdate).\r\n",
                          "EventID":  7009
                      },
                      {
                          "TimeCreated":  "\/Date(1767119717811)\/",
                          "LogName":  "System",
                          "Level":  "Erro",
                          "Provider":  "Microsoft-Windows-DistributedCOM",
                          "Message":  "O servidor {2593F8B9-4EAF-457C-B68A-50F6B8EA6B54} não foi registado no DCOM dentro do tempo limite necessário.\r\n",
                          "EventID":  10010
                      }
                  ],
    "Security":  {
                     "Firewall":  [
                                      {
                                          "Profile":  "Domain",
                                          "Enabled":  1,
                                          "DefaultIn":  4,
                                          "DefaultOut":  2
                                      },
                                      {
                                          "Profile":  "Private",
                                          "Enabled":  1,
                                          "DefaultIn":  4,
                                          "DefaultOut":  2
                                      },
                                      {
                                          "Profile":  "Public",
                                          "Enabled":  1,
                                          "DefaultIn":  4,
                                          "DefaultOut":  2
                                      }
                                  ],
                     "Antivirus":  [
                                       {
                                           "Name":  "Bitdefender Endpoint Security Tools Anti-malware",
                                           "State":  "Ativo",
                                           "Updated":  "Atualizado"
                                       },
                                       {
                                           "Name":  "Windows Defender",
                                           "State":  "Inativo",
                                           "Updated":  "Desatualizado"
                                       },
                                       {
                                           "Name":  "Kaspersky Endpoint Security for Windows",
                                           "State":  "Ativo",
                                           "Updated":  "Atualizado"
                                       }
                                   ]
                 }
}
