                      {
                          "TimeCreated":  "\/Date(1767099332607)\/",
                          "LogName":  "System",
                          "Level":  "Erro",
                          "Provider":  "Microsoft-Windows-GroupPolicy",
                          "Message":  "Script de início de sessão falhou. \r\n\tGPO Nome : GPO-AQS-PDV-BKP-XMLS-NFCE\r\n\tGPO Caminho de Sistema de Ficheiros : \\\\brasildis.lan\\SysVol\\brasildis.lan\\Policies\\{636EF9A6-79F4-44C1-8250-90AB19CC0B3E}\\",
                          "EventID":  1130
                      },
                      {
                          "TimeCreated":  "\/Date(1767098978738)\/",
                          "LogName":  "System",
                          "Level":  "Erro",
                          "Provider":  "Microsoft-Windows-TPM-WMI",
                          "Message":  "Secure Boot CA/keys need to be updated. This device signature information is included here.\r\nDeviceAttributes: FirmwareVersion:M16KT60A;OEMManufacturerName:LENOVO;OEMModelSKU:LENOVO_MT_10NN_BU_Lenovo_",
                          "EventID":  1801
                      },
                      {
                          "TimeCreated":  "\/Date(1767098802025)\/",
                          "LogName":  "System",
                          "Level":  "Erro",
                          "Provider":  "Service Control Manager",
                          "Message":  "O serviço Serviço do Google Update (gupdate) falhou o arranque devido ao seguinte erro: \r\nO serviço não respondeu ao pedido de início ou controlo atempadamente.\r\n",
                          "EventID":  7000
                      },
                      {
                          "TimeCreated":  "\/Date(1767098802025)\/",
                          "LogName":  "System",
                          "Level":  "Erro",
                          "Provider":  "Service Control Manager",
                          "Message":  "Foi atingido o tempo limite (30000 milissegundos) ao aguardar pela ligação do serviço Serviço do Google Update (gupdate).\r\n",
                          "EventID":  7009
                      },
                      {
                          "TimeCreated":  "\/Date(1767098675766)\/",
                          "LogName":  "System",
                          "Level":  "Erro",
                          "Provider":  "TPM",
                          "Message":  "O controlador de dispositivo do TPM (Trusted Platform Module) encontrou um erro irrecuperável no hardware de TPM, o que impede a utilização de serviços TPM (como a encriptação de dados). Para mais ass",
                          "EventID":  15
                      },
                      {
                          "TimeCreated":  "\/Date(1767098674194)\/",
                          "LogName":  "System",
                          "Level":  "Crítico",
                          "Provider":  "Microsoft-Windows-Kernel-Power",
                          "Message":  "O sistema foi reiniciado sem primeiro ter sido encerrado de forma correta. Este erro pode ter ocorrido porque o sistema parou de responder, sofreu uma falha ou ficou sem energia inesperadamente.\r\n",
                          "EventID":  41
                      }
                  ],
    "Security":  {
                     "Firewall":  [
                                      {
                                          "Profile":  "Domain",
                                          "Enabled":  1,
                                          "DefaultIn":  4,
                                          "DefaultOut":  2
                                      },
                                      {
                                          "Profile":  "Private",
                                          "Enabled":  1,
                                          "DefaultIn":  4,
                                          "DefaultOut":  2
                                      },
                                      {
                                          "Profile":  "Public",
                                          "Enabled":  1,
                                          "DefaultIn":  4,
                                          "DefaultOut":  2
                                      }
                                  ],
                     "Antivirus":  [
                                       {
                                           "Name":  "Bitdefender Endpoint Security Tools Anti-malware",
                                           "State":  "Ativo",
                                           "Updated":  "Atualizado"
                                       },
                                       {
                                           "Name":  "Windows Defender",
                                           "State":  "Inativo",
                                           "Updated":  "Desatualizado"
                                       }
                                   ]
                 }
}
