{
    "Hostname":  "VM-WINTHOR",
    "TimestampUtc":  "2025-12-31T12:30:44.3690407Z",
    "Status":  "Atenção",
    "IssuesWarn":  [
                       "Processos com alto uso de CPU"
                   ],
    "IssuesCrit":  [

                   ],
    "CollectionMode":  "Completo",
    "ScriptVersion":  "2.4",
    "OS":  {
               "Caption":  "Microsoft Windows 10 Pro",
               "Version":  "10.0.19045",
               "Build":  "19045",
               "Architecture":  "64 bits",
               "InstallDate":  "\/Date(1755545580000)\/",
               "LastBoot":  "\/Date(1767097129500)\/",
               "Uptime":  "1d 0h 11m"
           },
    "Computer":  {
                     "Manufacturer":  "QEMU",
                     "Model":  "Standard PC (i440FX + PIIX, 1996)",
                     "Family":  null,
                     "Domain":  "brasildis.lan",
                     "Serial":  null,
                     "User":  "VM-WINTHOR\\suporte"
                 },
    "BIOS":  {
                 "Vendor":  "SeaBIOS",
                 "Version":  "rel-1.16.3-0-ga6ed6b701f0a-prebuilt.qemu.org",
                 "ReleaseDate":  "\/Date(1396310400000)\/"
             },
    "BaseBoard":  {
                      "Manufacturer":  null,
                      "Product":  null,
                      "Serial":  null
                  },
    "CPU":  {
                "Name":  "QEMU Virtual CPU version 2.5+",
                "Cores":  4,
                "Logical":  4,
                "MaxClockMHz":  2394,
                "ProcessorId":  "078BFBFD00060FB1"
            },
    "GPU":  {
                "Name":  "Microsoft Basic Display Adapter",
                "DriverVersion":  "10.0.19041.3636",
                "DriverDate":  "\/Date(1150848000000)\/",
                "VRAM_GB":  null,
                "Resolution":  "1600x900",
                "RefreshRate":  "1Hz",
                "MaxRefreshRate":  "64Hz"
            },
    "Monitor":  {
                    "Count":  0,
                    "Monitors":  [

                                 ],
                    "WinFormsScreens":  [

                                        ]
                },
    "RAM":  {
                "TotalGB":  8,
                "FreeGB":  5.89,
                "FreePercent":  73.6,
                "Modules":  [
                                {
                                    "Bank":  "",
                                    "Slot":  "DIMM 0",
                                    "Manuf":  "QEMU",
                                    "Part":  null,
                                    "Serial":  null,
                                    "CapacityGB":  8,
                                    "SpeedMHz":  null,
                                    "ConfClk":  0,
                                    "Form":  8,
                                    "SMBIOSType":  7,
                                    "Voltage":  0,
                                    "Min_Voltage":  0,
                                    "Max_Voltage":  0
                                }
                            ]
            },
    "Storage":  {
                    "Volumes":  [
                                    {
                                        "DriveLetter":  "C",
                                        "Label":  "",
                                        "FileSystem":  "NTFS",
                                        "SizeGB":  119.23,
                                        "FreeGB":  87.89,
                                        "FreePercent":  73.7,
                                        "Health":  "Healthy"
                                    }
                                ],
                    "Disks":  [
                                  {
                                      "Model":  "QEMU HARDDISK",
                                      "Serial":  "QM00007",
                                      "Media":  "Unspecified",
                                      "Bus":  "SATA",
                                      "Type":  "SSD",
                                      "SizeGB":  120,
                                      "Health":  "Healthy",
                                      "OpStatus":  "OK",
                                      "Spindle":  0
                                  }
                              ]
                },
    "Network":  {
                    "IPv4":  [
                                 "192.168.17.61"
                             ],
                    "MACs":  [
                                 "BC:24:11:09:E4:4D"
                             ],
                    "Adapters":  [
                                     {
                                         "Name":  "Ethernet",
                                         "Status":  "Up",
                                         "MAC":  "BC-24-11-09-E4-4D",
                                         "IPv4":  [
                                                      "192.168.17.61"
                                                  ],
                                         "Speed":  "1.1 Gbps"
                                     }
                                 ]
                },
    "Temps":  {
                  "ACPI_MaxC":  null,
                  "Disk_MaxC":  null,
                  "MaxC":  31,
                  "LibreHW":  {
                                  "CPU":  {
                                              "ValueC":  null,
                                              "Display":  "N/A"
                                          },
                                  "GPU":  {
                                              "ValueC":  null,
                                              "Display":  "N/A"
                                          },
                                  "RAM":  {
                                              "ValueC":  null,
                                              "Display":  "N/A"
                                          },
                                  "Storage":  {
                                                  "ValueC":  31,
                                                  "Display":  "31,0 °C"
                                              },
                                  "Mainboard":  {
                                                    "ValueC":  null,
                                                    "Display":  "N/A"
                                                },
                                  "Chipset":  {
                                                  "ValueC":  null,
                                                  "Display":  "N/A"
                                              },
                                  "Sensors":  [
                                                  {
                                                      "HardwareName":  "QEMU HARDDISK",
                                                      "HardwareType":  "Storage",
                                                      "SensorName":  "Temperature",
                                                      "SensorId":  "/hdd/0/temperature/0",
                                                      "ValueC":  31,
                                                      "MinC":  31,
                                                      "MaxC":  31
                                                  }
                                              ]
                              }
              },
    "Processes":  [
                      {
                          "Name":  "MsMpEng",
                          "ID":  3732,
                          "CPU":  674.53,
                          "MemoryMB":  277.37,
                          "Path":  null,
                          "StartTime":  "\/Date(1767097159090)\/"
                      },
                      {
                          "Name":  "svchost",
                          "ID":  1844,
                          "CPU":  316.36,
                          "MemoryMB":  88.9,
                          "Path":  "C:\\Windows\\system32\\svchost.exe",
                          "StartTime":  "\/Date(1767097158215)\/"
                      },
                      {
                          "Name":  "tacticalrmm",
                          "ID":  3316,
                          "CPU":  148.53,
                          "MemoryMB":  35.2,
                          "Path":  "C:\\Program Files\\TacticalAgent\\tacticalrmm.exe",
                          "StartTime":  "\/Date(1767097158899)\/"
                      },
                      {
                          "Name":  "System",
                          "ID":  4,
                          "CPU":  144.58,
                          "MemoryMB":  0.14,
                          "Path":  null,
                          "StartTime":  "\/Date(1767097137156)\/"
                      },
                      {
                          "Name":  "services",
                          "ID":  768,
                          "CPU":  64.8,
                          "MemoryMB":  13.93,
                          "Path":  null,
                          "StartTime":  "\/Date(1767097156796)\/"
                      },
                      {
                          "Name":  "svchost",
                          "ID":  2832,
                          "CPU":  41.44,
                          "MemoryMB":  22.03,
                          "Path":  "C:\\Windows\\system32\\svchost.exe",
                          "StartTime":  "\/Date(1767097158634)\/"
                      },
                      {
                          "Name":  "svchost",
                          "ID":  1668,
                          "CPU":  24.66,
                          "MemoryMB":  16.09,
                          "Path":  "C:\\Windows\\system32\\svchost.exe",
                          "StartTime":  "\/Date(1767097158116)\/"
                      },
                      {
                          "Name":  "SecurityHealthService",
                          "ID":  3824,
                          "CPU":  22.23,
                          "MemoryMB":  17.85,
                          "Path":  null,
                          "StartTime":  "\/Date(1767097238369)\/"
                      },
                      {
                          "Name":  "lsass",
                          "ID":  792,
                          "CPU":  21.61,
                          "MemoryMB":  23.5,
                          "Path":  "C:\\Windows\\system32\\lsass.exe",
                          "StartTime":  "\/Date(1767097156856)\/"
                      },
                      {
                          "Name":  "svchost",
                          "ID":  1276,
                          "CPU":  16.72,
                          "MemoryMB":  9.15,
                          "Path":  "C:\\Windows\\system32\\svchost.exe",
                          "StartTime":  "\/Date(1767097157971)\/"
                      },
                      {
                          "Name":  "svchost",
                          "ID":  3308,
                          "CPU":  16.64,
                          "MemoryMB":  55.11,
                          "Path":  "C:\\Windows\\System32\\svchost.exe",
                          "StartTime":  "\/Date(1767097158898)\/"
                      },
                      {
                          "Name":  "explorer",
                          "ID":  6164,
                          "CPU":  15.84,
                          "MemoryMB":  115.73,
                          "Path":  "C:\\Windows\\Explorer.EXE",
                          "StartTime":  "\/Date(1767097191759)\/"
                      },
                      {
                          "Name":  "svchost",
                          "ID":  8,
                          "CPU":  15.73,
                          "MemoryMB":  13.72,
                          "Path":  "C:\\Windows\\system32\\svchost.exe",
                          "StartTime":  "\/Date(1767097157551)\/"
                      },
                      {
                          "Name":  "svchost",
                          "ID":  3288,
                          "CPU":  13.5,
                          "MemoryMB":  29.49,
                          "Path":  "C:\\Windows\\System32\\svchost.exe",
                          "StartTime":  "\/Date(1767097158897)\/"
                      },
                      {
                          "Name":  "svchost",
                          "ID":  6864,
                          "CPU":  11.39,
                          "MemoryMB":  7.96,
                          "Path":  "C:\\Windows\\system32\\svchost.exe",
                          "StartTime":  "\/Date(1767097880028)\/"
                      }
                  ],
    "Services":  [
                     {
                         "Name":  "DHCP",
                         "DisplayName":  "Cliente DHCP",
                         "Status":  4,
                         "StartType":  "Auto"
                     },
                     {
                         "Name":  "EventLog",
                         "DisplayName":  "Log de Eventos do Windows",
                         "Status":  4,
                         "StartType":  "Auto"
                     },
                     {
                         "Name":  "LanmanServer",
                         "DisplayName":  "Server",
                         "Status":  4,
                         "StartType":  "Auto"
                     },
                     {
                         "Name":  "LanmanWorkstation",
                         "DisplayName":  "Estação de trabalho",
                         "Status":  4,
                         "StartType":  "Auto"
                     },
                     {
                         "Name":  "Spooler",
                         "DisplayName":  "Spooler de Impressão",
                         "Status":  4,
                         "StartType":  "Auto"
                     },
                     {
                         "Name":  "WinRM",
                         "DisplayName":  "Windows Remote Management (WS-Management)",
                         "Status":  1,
                         "StartType":  "Manual"
                     }
                 ],
    "Software":  [
                     {
                         "Name":  "PowerShell 7.5.4.0-x64",
                         "Version":  "7.5.4.0",
                         "Publisher":  "Microsoft Corporation",
                         "InstallDate":  null,
                         "SizeMB":  386.79
                     },
                     {
                         "Name":  "PowerShell 7-x64",
                         "Version":  "7.5.4.0",
                         "Publisher":  "Microsoft Corporation",
                         "InstallDate":  "20251107",
                         "SizeMB":  280.08
                     },
                     {
                         "Name":  "Java 8 Update 471 (64-bit)",
                         "Version":  "8.0.4710.9",
                         "Publisher":  "Oracle Corporation",
                         "InstallDate":  "20251216",
                         "SizeMB":  113.24
                     },
                     {
                         "Name":  "Python 3.13.7 Documentation (64-bit)",
                         "Version":  "3.13.7150.0",
                         "Publisher":  "Python Software Foundation",
                         "InstallDate":  "20250911",
                         "SizeMB":  59.2
                     },
                     {
                         "Name":  "Python 3.13.7 Test Suite (64-bit)",
                         "Version":  "3.13.7150.0",
                         "Publisher":  "Python Software Foundation",
                         "InstallDate":  "20250911",
                         "SizeMB":  32.47
                     },
                     {
                         "Name":  "Python 3.13.7 Standard Library (64-bit)",
                         "Version":  "3.13.7150.0",
                         "Publisher":  "Python Software Foundation",
                         "InstallDate":  "20250911",
                         "SizeMB":  22.87
                     },
                     {
                         "Name":  "Microsoft Visual C++ v14 Redistributable (x64) - 14.50.35719",
                         "Version":  "14.50.35719.0",
                         "Publisher":  "Microsoft Corporation",
                         "InstallDate":  null,
                         "SizeMB":  20.7
                     },
                     {
                         "Name":  "Microsoft Visual C++ v14 Redistributable (x86) - 14.50.35719",
                         "Version":  "14.50.35719.0",
                         "Publisher":  "Microsoft Corporation",
                         "InstallDate":  null,
                         "SizeMB":  18.23
                     },
                     {
                         "Name":  "Notepad++ (64-bit x64)",
                         "Version":  "8.8.9",
                         "Publisher":  "Notepad++ Team",
                         "InstallDate":  null,
                         "SizeMB":  17.46
                     },
                     {
                         "Name":  "Microsoft Visual C++ 2013 Redistributable (x86) - 12.0.40664",
                         "Version":  "12.0.40664.0",
                         "Publisher":  "Microsoft Corporation",
                         "InstallDate":  null,
                         "SizeMB":  17.19
                     },
                     {
                         "Name":  "Python 3.13.7 Tcl/Tk Support (64-bit)",
                         "Version":  "3.13.7150.0",
                         "Publisher":  "Python Software Foundation",
                         "InstallDate":  "20250911",
                         "SizeMB":  13.55
                     },
                     {
                         "Name":  "Tactical RMM Agent",
                         "Version":  "2.9.1",
                         "Publisher":  "AmidaWare Inc",
                         "InstallDate":  "20250818",
                         "SizeMB":  12.56
                     },
                     {
                         "Name":  "Microsoft Visual C++ 2022 X64 Additional Runtime - 14.50.35719",
                         "Version":  "14.50.35719",
                         "Publisher":  "Microsoft Corporation",
                         "InstallDate":  "20251216",
                         "SizeMB":  11.59
                     },
                     {
                         "Name":  "Microsoft Visual C++ 2022 X86 Additional Runtime - 14.50.35719",
                         "Version":  "14.50.35719",
                         "Publisher":  "Microsoft Corporation",
                         "InstallDate":  "20251216",
                         "SizeMB":  10.11
                     },
                     {
                         "Name":  "Microsoft Visual C++ 2013 x86 Additional Runtime - 12.0.40664",
                         "Version":  "12.0.40664",
                         "Publisher":  "Microsoft Corporation",
                         "InstallDate":  "20251003",
                         "SizeMB":  9.23
                     },
                     {
                         "Name":  "Python 3.13.7 Core Interpreter (64-bit)",
                         "Version":  "3.13.7150.0",
                         "Publisher":  "Python Software Foundation",
                         "InstallDate":  "20250911",
                         "SizeMB":  5.9
                     },
                     {
                         "Name":  "Mesh Agent",
                         "Version":  "2022-12-02 16:42:16.000-03:00",
                         "Publisher":  null,
                         "InstallDate":  null,
                         "SizeMB":  3.31
                     },
                     {
                         "Name":  "Python 3.13.7 Development Libraries (64-bit)",
                         "Version":  "3.13.7150.0",
                         "Publisher":  "Python Software Foundation",
                         "InstallDate":  "20250911",
                         "SizeMB":  2.77
                     },
                     {
                         "Name":  "Python 3.13.7 Executables (64-bit)",
                         "Version":  "3.13.7150.0",
                         "Publisher":  "Python Software Foundation",
                         "InstallDate":  "20250911",
                         "SizeMB":  2.55
                     },
                     {
                         "Name":  "Java Auto Updater",
                         "Version":  "2.8.471.9",
                         "Publisher":  "Oracle Corporation",
                         "InstallDate":  "20251216",
                         "SizeMB":  2.38
                     }
                 ],
    "EventLogs":  [
                      {
                          "TimeCreated":  "\/Date(1767130239722)\/",
                          "LogName":  "System",
                          "Level":  "Erro",
                          "Provider":  "Service Control Manager",
                          "Message":  "Não foi possível iniciar o serviço R0powershell devido ao seguinte erro: \r\nNão foi possível concluir a operação com êxito porque o arquivo contém um vírus ou software possivelmente indesejado.\r\n",
                          "EventID":  7000
                      },
                      {
                          "TimeCreated":  "\/Date(1767130237680)\/",
                          "LogName":  "System",
                          "Level":  "Erro",
                          "Provider":  "Service Control Manager",
                          "Message":  "Não foi possível iniciar o serviço R0powershell devido ao seguinte erro: \r\nNão foi possível concluir a operação com êxito porque o arquivo contém um vírus ou software possivelmente indesejado.\r\n",
                          "EventID":  7000
                      },
                      {
                          "TimeCreated":  "\/Date(1767128434961)\/",
                          "LogName":  "System",
                          "Level":  "Erro",
                          "Provider":  "Service Control Manager",
                          "Message":  "Não foi possível iniciar o serviço R0powershell devido ao seguinte erro: \r\nNão foi possível concluir a operação com êxito porque o arquivo contém um vírus ou software possivelmente indesejado.\r\n",
                          "EventID":  7000
                      },
                      {
                          "TimeCreated":  "\/Date(1767128432906)\/",
                          "LogName":  "System",
                          "Level":  "Erro",
                          "Provider":  "Service Control Manager",
                          "Message":  "Não foi possível iniciar o serviço R0powershell devido ao seguinte erro: \r\nNão foi possível concluir a operação com êxito porque o arquivo contém um vírus ou software possivelmente indesejado.\r\n",
                          "EventID":  7000
                      },
                      {
                          "TimeCreated":  "\/Date(1767126637435)\/",
                          "LogName":  "System",
                          "Level":  "Erro",
                          "Provider":  "Service Control Manager",
                          "Message":  "Não foi possível iniciar o serviço R0powershell devido ao seguinte erro: \r\nNão foi possível concluir a operação com êxito porque o arquivo contém um vírus ou software possivelmente indesejado.\r\n",
                          "EventID":  7000
                      },
                      {
                          "TimeCreated":  "\/Date(1767126635372)\/",
                          "LogName":  "System",
                          "Level":  "Erro",
                          "Provider":  "Service Control Manager",
                          "Message":  "Não foi possível iniciar o serviço R0powershell devido ao seguinte erro: \r\nNão foi possível concluir a operação com êxito porque o arquivo contém um vírus ou software possivelmente indesejado.\r\n",
                          "EventID":  7000
                      },
                      {
                          "TimeCreated":  "\/Date(1767124845403)\/",
                          "LogName":  "System",
                          "Level":  "Erro",
                          "Provider":  "Service Control Manager",
                          "Message":  "Não foi possível iniciar o serviço R0powershell devido ao seguinte erro: \r\nNão foi possível concluir a operação com êxito porque o arquivo contém um vírus ou software possivelmente indesejado.\r\n",
                          "EventID":  7000
                      },
                      {
                          "TimeCreated":  "\/Date(1767124843348)\/",
                          "LogName":  "System",
                          "Level":  "Erro",
                          "Provider":  "Service Control Manager",
                          "Message":  "Não foi possível iniciar o serviço R0powershell devido ao seguinte erro: \r\nNão foi possível concluir a operação com êxito porque o arquivo contém um vírus ou software possivelmente indesejado.\r\n",
                          "EventID":  7000
                      },
                      {
                          "TimeCreated":  "\/Date(1767123033115)\/",
                          "LogName":  "System",
                          "Level":  "Erro",
                          "Provider":  "Service Control Manager",
                          "Message":  "Não foi possível iniciar o serviço R0powershell devido ao seguinte erro: \r\nNão foi possível concluir a operação com êxito porque o arquivo contém um vírus ou software possivelmente indesejado.\r\n",
                          "EventID":  7000
                      },
                      {
                          "TimeCreated":  "\/Date(1767123031057)\/",
                          "LogName":  "System",
                          "Level":  "Erro",
                          "Provider":  "Service Control Manager",
                          "Message":  "Não foi possível iniciar o serviço R0powershell devido ao seguinte erro: \r\nNão foi possível concluir a operação com êxito porque o arquivo contém um vírus ou software possivelmente indesejado.\r\n",
                          "EventID":  7000
                      },
                      {
                          "TimeCreated":  "\/Date(1767121231188)\/",
                          "LogName":  "System",
                          "Level":  "Erro",
                          "Provider":  "Service Control Manager",
                          "Message":  "Não foi possível iniciar o serviço R0powershell devido ao seguinte erro: \r\nNão foi possível concluir a operação com êxito porque o arquivo contém um vírus ou software possivelmente indesejado.\r\n",
                          "EventID":  7000
                      },
                      {
                          "TimeCreated":  "\/Date(1767121229137)\/",
                          "LogName":  "System",
                          "Level":  "Erro",
                          "Provider":  "Service Control Manager",
                          "Message":  "Não foi possível iniciar o serviço R0powershell devido ao seguinte erro: \r\nNão foi possível concluir a operação com êxito porque o arquivo contém um vírus ou software possivelmente indesejado.\r\n",
                          "EventID":  7000
                      },
                      {
                          "TimeCreated":  "\/Date(1767119439757)\/",
                          "LogName":  "System",
                          "Level":  "Erro",
                          "Provider":  "Service Control Manager",
                          "Message":  "Não foi possível iniciar o serviço R0powershell devido ao seguinte erro: \r\nNão foi possível concluir a operação com êxito porque o arquivo contém um vírus ou software possivelmente indesejado.\r\n",
                          "EventID":  7000
                      },
                      {
                          "TimeCreated":  "\/Date(1767119437709)\/",
                          "LogName":  "System",
                          "Level":  "Erro",
                          "Provider":  "Service Control Manager",
                          "Message":  "Não foi possível iniciar o serviço R0powershell devido ao seguinte erro: \r\nNão foi possível concluir a operação com êxito porque o arquivo contém um vírus ou software possivelmente indesejado.\r\n",
                          "EventID":  7000
                      },
                      {
                          "TimeCreated":  "\/Date(1767117632689)\/",
                          "LogName":  "System",
                          "Level":  "Erro",
                          "Provider":  "Service Control Manager",
                          "Message":  "Não foi possível iniciar o serviço R0powershell devido ao seguinte erro: \r\nNão foi possível concluir a operação com êxito porque o arquivo contém um vírus ou software possivelmente indesejado.\r\n",
                          "EventID":  7000
                      },
                      {
                          "TimeCreated":  "\/Date(1767117630639)\/",
                          "LogName":  "System",
                          "Level":  "Erro",
                          "Provider":  "Service Control Manager",
                          "Message":  "Não foi possível iniciar o serviço R0powershell devido ao seguinte erro: \r\nNão foi possível concluir a operação com êxito porque o arquivo contém um vírus ou software possivelmente indesejado.\r\n",
                          "EventID":  7000
                      },
                      {
                          "TimeCreated":  "\/Date(1767115832185)\/",
                          "LogName":  "System",
                          "Level":  "Erro",
                          "Provider":  "Service Control Manager",
                          "Message":  "Não foi possível iniciar o serviço R0powershell devido ao seguinte erro: \r\nNão foi possível concluir a operação com êxito porque o arquivo contém um vírus ou software possivelmente indesejado.\r\n",
                          "EventID":  7000
                      },
                      {
                          "TimeCreated":  "\/Date(1767115830126)\/",
                          "LogName":  "System",
                          "Level":  "Erro",
                          "Provider":  "Service Control Manager",
                          "Message":  "Não foi possível iniciar o serviço R0powershell devido ao seguinte erro: \r\nNão foi possível concluir a operação com êxito porque o arquivo contém um vírus ou software possivelmente indesejado.\r\n",
                          "EventID":  7000
                      },
                      {
                          "TimeCreated":  "\/Date(1767114039274)\/",
                          "LogName":  "System",
                          "Level":  "Erro",
                          "Provider":  "Service Control Manager",
                          "Message":  "Não foi possível iniciar o serviço R0powershell devido ao seguinte erro: \r\nNão foi possível concluir a operação com êxito porque o arquivo contém um vírus ou software possivelmente indesejado.\r\n",
                          "EventID":  7000
                      },
                      {
                          "TimeCreated":  "\/Date(1767114037211)\/",
                          "LogName":  "System",
                          "Level":  "Erro",
                          "Provider":  "Service Control Manager",
                          "Message":  "Não foi possível iniciar o serviço R0powershell devido ao seguinte erro: \r\nNão foi possível concluir a operação com êxito porque o arquivo contém um vírus ou software possivelmente indesejado.\r\n",
                          "EventID":  7000
                      },
                      {
                          "TimeCreated":  "\/Date(1767112231889)\/",
                          "LogName":  "System",
                          "Level":  "Erro",
                          "Provider":  "Service Control Manager",
                          "Message":  "Não foi possível iniciar o serviço R0powershell devido ao seguinte erro: \r\nNão foi possível concluir a operação com êxito porque o arquivo contém um vírus ou software possivelmente indesejado.\r\n",
                          "EventID":  7000
                      },
                      {
                          "TimeCreated":  "\/Date(1767112229838)\/",
                          "LogName":  "System",
                          "Level":  "Erro",
                          "Provider":  "Service Control Manager",
                          "Message":  "Não foi possível iniciar o serviço R0powershell devido ao seguinte erro: \r\nNão foi possível concluir a operação com êxito porque o arquivo contém um vírus ou software possivelmente indesejado.\r\n",
                          "EventID":  7000
                      },
                      {
                          "TimeCreated":  "\/Date(1767110434874)\/",
                          "LogName":  "System",
                          "Level":  "Erro",
                          "Provider":  "Service Control Manager",
                          "Message":  "Não foi possível iniciar o serviço R0powershell devido ao seguinte erro: \r\nNão foi possível concluir a operação com êxito porque o arquivo contém um vírus ou software possivelmente indesejado.\r\n",
                          "EventID":  7000
                      },
                      {
                          "TimeCreated":  "\/Date(1767110432809)\/",
                          "LogName":  "System",
                          "Level":  "Erro",
                          "Provider":  "Service Control Manager",
                          "Message":  "Não foi possível iniciar o serviço R0powershell devido ao seguinte erro: \r\nNão foi possível concluir a operação com êxito porque o arquivo contém um vírus ou software possivelmente indesejado.\r\n",
                          "EventID":  7000
                      },
                      {
                          "TimeCreated":  "\/Date(1767108642395)\/",
                          "LogName":  "System",
                          "Level":  "Erro",
                          "Provider":  "Service Control Manager",
                          "Message":  "Não foi possível iniciar o serviço R0powershell devido ao seguinte erro: \r\nNão foi possível concluir a operação com êxito porque o arquivo contém um vírus ou software possivelmente indesejado.\r\n",
                          "EventID":  7000
                      },
                      {
                          "TimeCreated":  "\/Date(1767108640353)\/",
                          "LogName":  "System",
                          "Level":  "Erro",
                          "Provider":  "Service Control Manager",
                          "Message":  "Não foi possível iniciar o serviço R0powershell devido ao seguinte erro: \r\nNão foi possível concluir a operação com êxito porque o arquivo contém um vírus ou software possivelmente indesejado.\r\n",
                          "EventID":  7000
                      },
                      {
                          "TimeCreated":  "\/Date(1767106835640)\/",
                          "LogName":  "System",
                          "Level":  "Erro",
                          "Provider":  "Service Control Manager",
                          "Message":  "Não foi possível iniciar o serviço R0powershell devido ao seguinte erro: \r\nNão foi possível concluir a operação com êxito porque o arquivo contém um vírus ou software possivelmente indesejado.\r\n",
                          "EventID":  7000
                      },
                      {
                          "TimeCreated":  "\/Date(1767106833567)\/",
                          "LogName":  "System",
                          "Level":  "Erro",
                          "Provider":  "Service Control Manager",
                          "Message":  "Não foi possível iniciar o serviço R0powershell devido ao seguinte erro: \r\nNão foi possível concluir a operação com êxito porque o arquivo contém um vírus ou software possivelmente indesejado.\r\n",
                          "EventID":  7000
                      },
                      {
                          "TimeCreated":  "\/Date(1767105040626)\/",
                          "LogName":  "System",
                          "Level":  "Erro",
                          "Provider":  "Service Control Manager",
                          "Message":  "Não foi possível iniciar o serviço R0powershell devido ao seguinte erro: \r\nNão foi possível concluir a operação com êxito porque o arquivo contém um vírus ou software possivelmente indesejado.\r\n",
                          "EventID":  7000
                      },
                      {
                          "TimeCreated":  "\/Date(1767105038571)\/",
                          "LogName":  "System",
                          "Level":  "Erro",
                          "Provider":  "Service Control Manager",
                          "Message":  "Não foi possível iniciar o serviço R0powershell devido ao seguinte erro: \r\nNão foi possível concluir a operação com êxito porque o arquivo contém um vírus ou software possivelmente indesejado.\r\n",
                          "EventID":  7000
                      },
                      {
                          "TimeCreated":  "\/Date(1767103235438)\/",
                          "LogName":  "System",
                          "Level":  "Erro",
                          "Provider":  "Service Control Manager",
                          "Message":  "Não foi possível iniciar o serviço R0powershell devido ao seguinte erro: \r\nNão foi possível concluir a operação com êxito porque o arquivo contém um vírus ou software possivelmente indesejado.\r\n",
                          "EventID":  7000
                      },
                      {
                          "TimeCreated":  "\/Date(1767103233384)\/",
                          "LogName":  "System",
                          "Level":  "Erro",
                          "Provider":  "Service Control Manager",
                          "Message":  "Não foi possível iniciar o serviço R0powershell devido ao seguinte erro: \r\nNão foi possível concluir a operação com êxito porque o arquivo contém um vírus ou software possivelmente indesejado.\r\n",
                          "EventID":  7000
                      },
                      {
                          "TimeCreated":  "\/Date(1767101431508)\/",
                          "LogName":  "System",
                          "Level":  "Erro",
                          "Provider":  "Service Control Manager",
                          "Message":  "Não foi possível iniciar o serviço R0powershell devido ao seguinte erro: \r\nNão foi possível concluir a operação com êxito porque o arquivo contém um vírus ou software possivelmente indesejado.\r\n",
                          "EventID":  7000
                      },
                      {
                          "TimeCreated":  "\/Date(1767101429466)\/",
                          "LogName":  "System",
                          "Level":  "Erro",
                          "Provider":  "Service Control Manager",
                          "Message":  "Não foi possível iniciar o serviço R0powershell devido ao seguinte erro: \r\nNão foi possível concluir a operação com êxito porque o arquivo contém um vírus ou software possivelmente indesejado.\r\n",
                          "EventID":  7000
                      },
                      {
                          "TimeCreated":  "\/Date(1767099644365)\/",
                          "LogName":  "System",
                          "Level":  "Erro",
                          "Provider":  "Service Control Manager",
                          "Message":  "Não foi possível iniciar o serviço R0powershell devido ao seguinte erro: \r\nNão foi possível concluir a operação com êxito porque o arquivo contém um vírus ou software possivelmente indesejado.\r\n",
                          "EventID":  7000
                      },
                      {
                          "TimeCreated":  "\/Date(1767099642305)\/",
                          "LogName":  "System",
                          "Level":  "Erro",
                          "Provider":  "Service Control Manager",
                          "Message":  "Não foi possível iniciar o serviço R0powershell devido ao seguinte erro: \r\nNão foi possível concluir a operação com êxito porque o arquivo contém um vírus ou software possivelmente indesejado.\r\n",
                          "EventID":  7000
                      },
                      {
                          "TimeCreated":  "\/Date(1767097860403)\/",
                          "LogName":  "System",
                          "Level":  "Erro",
                          "Provider":  "Service Control Manager",
                          "Message":  "Não foi possível iniciar o serviço R0powershell devido ao seguinte erro: \r\nNão foi possível concluir a operação com êxito porque o arquivo contém um vírus ou software possivelmente indesejado.\r\n",
                          "EventID":  7000
                      },
                      {
                          "TimeCreated":  "\/Date(1767097858350)\/",
                          "LogName":  "System",
                          "Level":  "Erro",
                          "Provider":  "Service Control Manager",
                          "Message":  "Não foi possível iniciar o serviço R0powershell devido ao seguinte erro: \r\nNão foi possível concluir a operação com êxito porque o arquivo contém um vírus ou software possivelmente indesejado.\r\n",
                          "EventID":  7000
                      }
                  ],
    "Security":  {
                     "Firewall":  [
                                      {
                                          "Profile":  "Domain",
                                          "Enabled":  1,
                                          "DefaultIn":  4,
                                          "DefaultOut":  2
                                      },
                                      {
                                          "Profile":  "Private",
                                          "Enabled":  1,
                                          "DefaultIn":  4,
                                          "DefaultOut":  2
                                      },
                                      {
                                          "Profile":  "Public",
                                          "Enabled":  1,
                                          "DefaultIn":  4,
                                          "DefaultOut":  2
                                      }
                                  ],
                     "Antivirus":  [
                                       {
                                           "Name":  "Windows Defender",
                                           "State":  "Inativo",
                                           "Updated":  "Desatualizado"
                                       }
                                   ]
                 }
}
